[INFO  - 2013-06-25T09:03:54.902Z] GhostDriver - Main - running on port 34733
[INFO  - 2013-06-25T09:03:55.542Z] Session [2a04c010-dd76-11e2-acc0-6def7a616f45] - CONSTRUCTOR - Desired Capabilities: {}
[INFO  - 2013-06-25T09:03:55.542Z] Session [2a04c010-dd76-11e2-acc0-6def7a616f45] - CONSTRUCTOR - Negotiated Capabilities: {"browserName":"phantomjs","version":"1.9.1","driverName":"ghostdriver","driverVersion":"1.0.3","platform":"mac-10.8 (Mountain Lion)-32bit","javascriptEnabled":true,"takesScreenshot":true,"handlesAlerts":false,"databaseEnabled":false,"locationContextEnabled":false,"applicationCacheEnabled":false,"browserConnectionEnabled":false,"cssSelectorsEnabled":true,"webStorageEnabled":false,"rotatable":false,"acceptSslCerts":false,"nativeEvents":true,"proxy":{"proxyType":"direct"}}
[INFO  - 2013-06-25T09:03:55.542Z] SessionManagerReqHand - _postNewSessionCommand - New Session Created: 2a04c010-dd76-11e2-acc0-6def7a616f45
[INFO  - 2013-06-25T09:03:58.252Z] ShutdownReqHand - _handle - About to shutdown
[INFO  - 2013-06-25T09:04:00.305Z] GhostDriver - Main - running on port 3077
[INFO  - 2013-06-25T09:04:00.781Z] Session [2d240170-dd76-11e2-b44e-01f97111bc74] - CONSTRUCTOR - Desired Capabilities: {}
[INFO  - 2013-06-25T09:04:00.781Z] Session [2d240170-dd76-11e2-b44e-01f97111bc74] - CONSTRUCTOR - Negotiated Capabilities: {"browserName":"phantomjs","version":"1.9.1","driverName":"ghostdriver","driverVersion":"1.0.3","platform":"mac-10.8 (Mountain Lion)-32bit","javascriptEnabled":true,"takesScreenshot":true,"handlesAlerts":false,"databaseEnabled":false,"locationContextEnabled":false,"applicationCacheEnabled":false,"browserConnectionEnabled":false,"cssSelectorsEnabled":true,"webStorageEnabled":false,"rotatable":false,"acceptSslCerts":false,"nativeEvents":true,"proxy":{"proxyType":"direct"}}
[INFO  - 2013-06-25T09:04:00.781Z] SessionManagerReqHand - _postNewSessionCommand - New Session Created: 2d240170-dd76-11e2-b44e-01f97111bc74
[INFO  - 2013-06-25T09:04:02.412Z] ShutdownReqHand - _handle - About to shutdown
[INFO  - 2013-06-25T09:04:05.356Z] GhostDriver - Main - running on port 12492
[INFO  - 2013-06-25T09:04:05.528Z] Session [2ff87e30-dd76-11e2-a610-e1da3c0f541e] - CONSTRUCTOR - Desired Capabilities: {}
[INFO  - 2013-06-25T09:04:05.528Z] Session [2ff87e30-dd76-11e2-a610-e1da3c0f541e] - CONSTRUCTOR - Negotiated Capabilities: {"browserName":"phantomjs","version":"1.9.1","driverName":"ghostdriver","driverVersion":"1.0.3","platform":"mac-10.8 (Mountain Lion)-32bit","javascriptEnabled":true,"takesScreenshot":true,"handlesAlerts":false,"databaseEnabled":false,"locationContextEnabled":false,"applicationCacheEnabled":false,"browserConnectionEnabled":false,"cssSelectorsEnabled":true,"webStorageEnabled":false,"rotatable":false,"acceptSslCerts":false,"nativeEvents":true,"proxy":{"proxyType":"direct"}}
[INFO  - 2013-06-25T09:04:05.528Z] SessionManagerReqHand - _postNewSessionCommand - New Session Created: 2ff87e30-dd76-11e2-a610-e1da3c0f541e
[INFO  - 2013-06-25T09:04:07.839Z] ShutdownReqHand - _handle - About to shutdown
[INFO  - 2013-06-25T09:18:29.388Z] GhostDriver - Main - running on port 46830
[INFO  - 2013-06-25T09:18:29.689Z] Session [330d2650-dd78-11e2-ae0e-bbc89d66f98d] - CONSTRUCTOR - Desired Capabilities: {}
[INFO  - 2013-06-25T09:18:29.689Z] Session [330d2650-dd78-11e2-ae0e-bbc89d66f98d] - CONSTRUCTOR - Negotiated Capabilities: {"browserName":"phantomjs","version":"1.9.1","driverName":"ghostdriver","driverVersion":"1.0.3","platform":"mac-10.8 (Mountain Lion)-32bit","javascriptEnabled":true,"takesScreenshot":true,"handlesAlerts":false,"databaseEnabled":false,"locationContextEnabled":false,"applicationCacheEnabled":false,"browserConnectionEnabled":false,"cssSelectorsEnabled":true,"webStorageEnabled":false,"rotatable":false,"acceptSslCerts":false,"nativeEvents":true,"proxy":{"proxyType":"direct"}}
[INFO  - 2013-06-25T09:18:29.689Z] SessionManagerReqHand - _postNewSessionCommand - New Session Created: 330d2650-dd78-11e2-ae0e-bbc89d66f98d
[INFO  - 2013-06-25T09:18:31.904Z] ShutdownReqHand - _handle - About to shutdown
[INFO  - 2013-06-25T09:18:33.724Z] GhostDriver - Main - running on port 34186
[INFO  - 2013-06-25T09:18:33.931Z] Session [35944660-dd78-11e2-b669-558515f5e054] - CONSTRUCTOR - Desired Capabilities: {}
[INFO  - 2013-06-25T09:18:33.931Z] Session [35944660-dd78-11e2-b669-558515f5e054] - CONSTRUCTOR - Negotiated Capabilities: {"browserName":"phantomjs","version":"1.9.1","driverName":"ghostdriver","driverVersion":"1.0.3","platform":"mac-10.8 (Mountain Lion)-32bit","javascriptEnabled":true,"takesScreenshot":true,"handlesAlerts":false,"databaseEnabled":false,"locationContextEnabled":false,"applicationCacheEnabled":false,"browserConnectionEnabled":false,"cssSelectorsEnabled":true,"webStorageEnabled":false,"rotatable":false,"acceptSslCerts":false,"nativeEvents":true,"proxy":{"proxyType":"direct"}}
[INFO  - 2013-06-25T09:18:33.931Z] SessionManagerReqHand - _postNewSessionCommand - New Session Created: 35944660-dd78-11e2-b669-558515f5e054
[INFO  - 2013-06-25T09:18:35.260Z] ShutdownReqHand - _handle - About to shutdown
[INFO  - 2013-06-25T09:18:37.587Z] GhostDriver - Main - running on port 8806
[INFO  - 2013-06-25T09:18:37.785Z] Session [37e08050-dd78-11e2-a309-db974dd68dc2] - CONSTRUCTOR - Desired Capabilities: {}
[INFO  - 2013-06-25T09:18:37.785Z] Session [37e08050-dd78-11e2-a309-db974dd68dc2] - CONSTRUCTOR - Negotiated Capabilities: {"browserName":"phantomjs","version":"1.9.1","driverName":"ghostdriver","driverVersion":"1.0.3","platform":"mac-10.8 (Mountain Lion)-32bit","javascriptEnabled":true,"takesScreenshot":true,"handlesAlerts":false,"databaseEnabled":false,"locationContextEnabled":false,"applicationCacheEnabled":false,"browserConnectionEnabled":false,"cssSelectorsEnabled":true,"webStorageEnabled":false,"rotatable":false,"acceptSslCerts":false,"nativeEvents":true,"proxy":{"proxyType":"direct"}}
[INFO  - 2013-06-25T09:18:37.785Z] SessionManagerReqHand - _postNewSessionCommand - New Session Created: 37e08050-dd78-11e2-a309-db974dd68dc2
[INFO  - 2013-06-25T09:18:39.213Z] ShutdownReqHand - _handle - About to shutdown
[INFO  - 2013-06-25T09:19:13.745Z] GhostDriver - Main - running on port 23834
[INFO  - 2013-06-25T09:19:13.937Z] Session [4d6cb4c0-dd78-11e2-b0fc-89cda420d0b7] - CONSTRUCTOR - Desired Capabilities: {}
[INFO  - 2013-06-25T09:19:13.937Z] Session [4d6cb4c0-dd78-11e2-b0fc-89cda420d0b7] - CONSTRUCTOR - Negotiated Capabilities: {"browserName":"phantomjs","version":"1.9.1","driverName":"ghostdriver","driverVersion":"1.0.3","platform":"mac-10.8 (Mountain Lion)-32bit","javascriptEnabled":true,"takesScreenshot":true,"handlesAlerts":false,"databaseEnabled":false,"locationContextEnabled":false,"applicationCacheEnabled":false,"browserConnectionEnabled":false,"cssSelectorsEnabled":true,"webStorageEnabled":false,"rotatable":false,"acceptSslCerts":false,"nativeEvents":true,"proxy":{"proxyType":"direct"}}
[INFO  - 2013-06-25T09:19:13.937Z] SessionManagerReqHand - _postNewSessionCommand - New Session Created: 4d6cb4c0-dd78-11e2-b0fc-89cda420d0b7
[INFO  - 2013-06-25T09:19:15.781Z] ShutdownReqHand - _handle - About to shutdown
[INFO  - 2013-06-25T09:19:18.115Z] GhostDriver - Main - running on port 13839
[INFO  - 2013-06-25T09:19:18.307Z] Session [5007aaf0-dd78-11e2-98a9-6d64ba76316d] - CONSTRUCTOR - Desired Capabilities: {}
[INFO  - 2013-06-25T09:19:18.307Z] Session [5007aaf0-dd78-11e2-98a9-6d64ba76316d] - CONSTRUCTOR - Negotiated Capabilities: {"browserName":"phantomjs","version":"1.9.1","driverName":"ghostdriver","driverVersion":"1.0.3","platform":"mac-10.8 (Mountain Lion)-32bit","javascriptEnabled":true,"takesScreenshot":true,"handlesAlerts":false,"databaseEnabled":false,"locationContextEnabled":false,"applicationCacheEnabled":false,"browserConnectionEnabled":false,"cssSelectorsEnabled":true,"webStorageEnabled":false,"rotatable":false,"acceptSslCerts":false,"nativeEvents":true,"proxy":{"proxyType":"direct"}}
[INFO  - 2013-06-25T09:19:18.307Z] SessionManagerReqHand - _postNewSessionCommand - New Session Created: 5007aaf0-dd78-11e2-98a9-6d64ba76316d
[INFO  - 2013-06-25T09:19:19.699Z] ShutdownReqHand - _handle - About to shutdown
[INFO  - 2013-06-25T09:19:21.734Z] GhostDriver - Main - running on port 39681
[INFO  - 2013-06-25T09:19:22.224Z] Session [525d33b0-dd78-11e2-be15-119f9d7cc742] - CONSTRUCTOR - Desired Capabilities: {}
[INFO  - 2013-06-25T09:19:22.224Z] Session [525d33b0-dd78-11e2-be15-119f9d7cc742] - CONSTRUCTOR - Negotiated Capabilities: {"browserName":"phantomjs","version":"1.9.1","driverName":"ghostdriver","driverVersion":"1.0.3","platform":"mac-10.8 (Mountain Lion)-32bit","javascriptEnabled":true,"takesScreenshot":true,"handlesAlerts":false,"databaseEnabled":false,"locationContextEnabled":false,"applicationCacheEnabled":false,"browserConnectionEnabled":false,"cssSelectorsEnabled":true,"webStorageEnabled":false,"rotatable":false,"acceptSslCerts":false,"nativeEvents":true,"proxy":{"proxyType":"direct"}}
[INFO  - 2013-06-25T09:19:22.224Z] SessionManagerReqHand - _postNewSessionCommand - New Session Created: 525d33b0-dd78-11e2-be15-119f9d7cc742
[INFO  - 2013-06-25T09:19:23.755Z] ShutdownReqHand - _handle - About to shutdown
[INFO  - 2013-06-26T07:40:12.355Z] GhostDriver - Main - running on port 6191
[INFO  - 2013-06-26T07:40:13.090Z] Session [a2d14be0-de33-11e2-a9d9-9dcf737f09de] - CONSTRUCTOR - Desired Capabilities: {}
[INFO  - 2013-06-26T07:40:13.090Z] Session [a2d14be0-de33-11e2-a9d9-9dcf737f09de] - CONSTRUCTOR - Negotiated Capabilities: {"browserName":"phantomjs","version":"1.9.1","driverName":"ghostdriver","driverVersion":"1.0.3","platform":"mac-10.8 (Mountain Lion)-32bit","javascriptEnabled":true,"takesScreenshot":true,"handlesAlerts":false,"databaseEnabled":false,"locationContextEnabled":false,"applicationCacheEnabled":false,"browserConnectionEnabled":false,"cssSelectorsEnabled":true,"webStorageEnabled":false,"rotatable":false,"acceptSslCerts":false,"nativeEvents":true,"proxy":{"proxyType":"direct"}}
[INFO  - 2013-06-26T07:40:13.090Z] SessionManagerReqHand - _postNewSessionCommand - New Session Created: a2d14be0-de33-11e2-a9d9-9dcf737f09de
[INFO  - 2013-06-26T07:40:19.227Z] ShutdownReqHand - _handle - About to shutdown
[INFO  - 2013-06-26T07:40:21.583Z] GhostDriver - Main - running on port 44903
[INFO  - 2013-06-26T07:40:21.753Z] Session [a7fb2a50-de33-11e2-98f4-7ba4f131ce5d] - CONSTRUCTOR - Desired Capabilities: {}
[INFO  - 2013-06-26T07:40:21.753Z] Session [a7fb2a50-de33-11e2-98f4-7ba4f131ce5d] - CONSTRUCTOR - Negotiated Capabilities: {"browserName":"phantomjs","version":"1.9.1","driverName":"ghostdriver","driverVersion":"1.0.3","platform":"mac-10.8 (Mountain Lion)-32bit","javascriptEnabled":true,"takesScreenshot":true,"handlesAlerts":false,"databaseEnabled":false,"locationContextEnabled":false,"applicationCacheEnabled":false,"browserConnectionEnabled":false,"cssSelectorsEnabled":true,"webStorageEnabled":false,"rotatable":false,"acceptSslCerts":false,"nativeEvents":true,"proxy":{"proxyType":"direct"}}
[INFO  - 2013-06-26T07:40:21.754Z] SessionManagerReqHand - _postNewSessionCommand - New Session Created: a7fb2a50-de33-11e2-98f4-7ba4f131ce5d
[INFO  - 2013-06-26T07:40:27.112Z] ShutdownReqHand - _handle - About to shutdown
[INFO  - 2013-06-26T07:40:28.986Z] GhostDriver - Main - running on port 29285
[INFO  - 2013-06-26T07:40:29.135Z] Session [ac6191b0-de33-11e2-aade-655a385b96bf] - CONSTRUCTOR - Desired Capabilities: {}
[INFO  - 2013-06-26T07:40:29.135Z] Session [ac6191b0-de33-11e2-aade-655a385b96bf] - CONSTRUCTOR - Negotiated Capabilities: {"browserName":"phantomjs","version":"1.9.1","driverName":"ghostdriver","driverVersion":"1.0.3","platform":"mac-10.8 (Mountain Lion)-32bit","javascriptEnabled":true,"takesScreenshot":true,"handlesAlerts":false,"databaseEnabled":false,"locationContextEnabled":false,"applicationCacheEnabled":false,"browserConnectionEnabled":false,"cssSelectorsEnabled":true,"webStorageEnabled":false,"rotatable":false,"acceptSslCerts":false,"nativeEvents":true,"proxy":{"proxyType":"direct"}}
[INFO  - 2013-06-26T07:40:29.135Z] SessionManagerReqHand - _postNewSessionCommand - New Session Created: ac6191b0-de33-11e2-aade-655a385b96bf
[INFO  - 2013-06-26T07:40:35.027Z] ShutdownReqHand - _handle - About to shutdown
[INFO  - 2013-06-26T07:40:37.250Z] GhostDriver - Main - running on port 36183
[INFO  - 2013-06-26T07:40:37.552Z] Session [b165e6c0-de33-11e2-9c8b-17fddc559f7a] - CONSTRUCTOR - Desired Capabilities: {}
[INFO  - 2013-06-26T07:40:37.552Z] Session [b165e6c0-de33-11e2-9c8b-17fddc559f7a] - CONSTRUCTOR - Negotiated Capabilities: {"browserName":"phantomjs","version":"1.9.1","driverName":"ghostdriver","driverVersion":"1.0.3","platform":"mac-10.8 (Mountain Lion)-32bit","javascriptEnabled":true,"takesScreenshot":true,"handlesAlerts":false,"databaseEnabled":false,"locationContextEnabled":false,"applicationCacheEnabled":false,"browserConnectionEnabled":false,"cssSelectorsEnabled":true,"webStorageEnabled":false,"rotatable":false,"acceptSslCerts":false,"nativeEvents":true,"proxy":{"proxyType":"direct"}}
[INFO  - 2013-06-26T07:40:37.552Z] SessionManagerReqHand - _postNewSessionCommand - New Session Created: b165e6c0-de33-11e2-9c8b-17fddc559f7a
[INFO  - 2013-06-26T07:40:42.907Z] ShutdownReqHand - _handle - About to shutdown
[INFO  - 2013-06-26T07:40:44.732Z] GhostDriver - Main - running on port 5537
[INFO  - 2013-06-26T07:40:44.930Z] Session [b5cb8ad0-de33-11e2-8350-db786d1f035b] - CONSTRUCTOR - Desired Capabilities: {}
[INFO  - 2013-06-26T07:40:44.930Z] Session [b5cb8ad0-de33-11e2-8350-db786d1f035b] - CONSTRUCTOR - Negotiated Capabilities: {"browserName":"phantomjs","version":"1.9.1","driverName":"ghostdriver","driverVersion":"1.0.3","platform":"mac-10.8 (Mountain Lion)-32bit","javascriptEnabled":true,"takesScreenshot":true,"handlesAlerts":false,"databaseEnabled":false,"locationContextEnabled":false,"applicationCacheEnabled":false,"browserConnectionEnabled":false,"cssSelectorsEnabled":true,"webStorageEnabled":false,"rotatable":false,"acceptSslCerts":false,"nativeEvents":true,"proxy":{"proxyType":"direct"}}
[INFO  - 2013-06-26T07:40:44.930Z] SessionManagerReqHand - _postNewSessionCommand - New Session Created: b5cb8ad0-de33-11e2-8350-db786d1f035b
[INFO  - 2013-06-26T07:40:50.054Z] ShutdownReqHand - _handle - About to shutdown
[INFO  - 2013-06-26T07:40:51.975Z] GhostDriver - Main - running on port 3146
[INFO  - 2013-06-26T07:40:52.077Z] Session [ba0e3d90-de33-11e2-b7ca-ffe7e087dc65] - CONSTRUCTOR - Desired Capabilities: {}
[INFO  - 2013-06-26T07:40:52.077Z] Session [ba0e3d90-de33-11e2-b7ca-ffe7e087dc65] - CONSTRUCTOR - Negotiated Capabilities: {"browserName":"phantomjs","version":"1.9.1","driverName":"ghostdriver","driverVersion":"1.0.3","platform":"mac-10.8 (Mountain Lion)-32bit","javascriptEnabled":true,"takesScreenshot":true,"handlesAlerts":false,"databaseEnabled":false,"locationContextEnabled":false,"applicationCacheEnabled":false,"browserConnectionEnabled":false,"cssSelectorsEnabled":true,"webStorageEnabled":false,"rotatable":false,"acceptSslCerts":false,"nativeEvents":true,"proxy":{"proxyType":"direct"}}
[INFO  - 2013-06-26T07:40:52.077Z] SessionManagerReqHand - _postNewSessionCommand - New Session Created: ba0e3d90-de33-11e2-b7ca-ffe7e087dc65
[INFO  - 2013-06-26T07:40:57.707Z] ShutdownReqHand - _handle - About to shutdown
[INFO  - 2013-06-26T07:40:59.575Z] GhostDriver - Main - running on port 46549
[INFO  - 2013-06-26T07:40:59.729Z] Session [be9dd7d0-de33-11e2-bc38-057a5d874680] - CONSTRUCTOR - Desired Capabilities: {}
[INFO  - 2013-06-26T07:40:59.729Z] Session [be9dd7d0-de33-11e2-bc38-057a5d874680] - CONSTRUCTOR - Negotiated Capabilities: {"browserName":"phantomjs","version":"1.9.1","driverName":"ghostdriver","driverVersion":"1.0.3","platform":"mac-10.8 (Mountain Lion)-32bit","javascriptEnabled":true,"takesScreenshot":true,"handlesAlerts":false,"databaseEnabled":false,"locationContextEnabled":false,"applicationCacheEnabled":false,"browserConnectionEnabled":false,"cssSelectorsEnabled":true,"webStorageEnabled":false,"rotatable":false,"acceptSslCerts":false,"nativeEvents":true,"proxy":{"proxyType":"direct"}}
[INFO  - 2013-06-26T07:40:59.729Z] SessionManagerReqHand - _postNewSessionCommand - New Session Created: be9dd7d0-de33-11e2-bc38-057a5d874680
[INFO  - 2013-06-26T07:41:05.187Z] ShutdownReqHand - _handle - About to shutdown
[INFO  - 2013-06-26T07:41:07.440Z] GhostDriver - Main - running on port 32459
[INFO  - 2013-06-26T07:41:07.711Z] Session [c35fa5a0-de33-11e2-b9ac-17088270a1fb] - CONSTRUCTOR - Desired Capabilities: {}
[INFO  - 2013-06-26T07:41:07.711Z] Session [c35fa5a0-de33-11e2-b9ac-17088270a1fb] - CONSTRUCTOR - Negotiated Capabilities: {"browserName":"phantomjs","version":"1.9.1","driverName":"ghostdriver","driverVersion":"1.0.3","platform":"mac-10.8 (Mountain Lion)-32bit","javascriptEnabled":true,"takesScreenshot":true,"handlesAlerts":false,"databaseEnabled":false,"locationContextEnabled":false,"applicationCacheEnabled":false,"browserConnectionEnabled":false,"cssSelectorsEnabled":true,"webStorageEnabled":false,"rotatable":false,"acceptSslCerts":false,"nativeEvents":true,"proxy":{"proxyType":"direct"}}
[INFO  - 2013-06-26T07:41:07.711Z] SessionManagerReqHand - _postNewSessionCommand - New Session Created: c35fa5a0-de33-11e2-b9ac-17088270a1fb
[INFO  - 2013-06-26T07:41:13.088Z] ShutdownReqHand - _handle - About to shutdown
[INFO  - 2013-06-26T07:41:15.045Z] GhostDriver - Main - running on port 41812
[INFO  - 2013-06-26T07:41:15.110Z] Session [c7c8cc20-de33-11e2-b286-87102ab3c8b0] - CONSTRUCTOR - Desired Capabilities: {}
[INFO  - 2013-06-26T07:41:15.110Z] Session [c7c8cc20-de33-11e2-b286-87102ab3c8b0] - CONSTRUCTOR - Negotiated Capabilities: {"browserName":"phantomjs","version":"1.9.1","driverName":"ghostdriver","driverVersion":"1.0.3","platform":"mac-10.8 (Mountain Lion)-32bit","javascriptEnabled":true,"takesScreenshot":true,"handlesAlerts":false,"databaseEnabled":false,"locationContextEnabled":false,"applicationCacheEnabled":false,"browserConnectionEnabled":false,"cssSelectorsEnabled":true,"webStorageEnabled":false,"rotatable":false,"acceptSslCerts":false,"nativeEvents":true,"proxy":{"proxyType":"direct"}}
[INFO  - 2013-06-26T07:41:15.110Z] SessionManagerReqHand - _postNewSessionCommand - New Session Created: c7c8cc20-de33-11e2-b286-87102ab3c8b0
[INFO  - 2013-06-26T07:41:20.246Z] ShutdownReqHand - _handle - About to shutdown
[INFO  - 2013-06-26T07:54:01.638Z] GhostDriver - Main - running on port 45659
[INFO  - 2013-06-26T07:54:02.513Z] Session [913133d0-de35-11e2-90f8-a13ccf100a06] - CONSTRUCTOR - Desired Capabilities: {}
[INFO  - 2013-06-26T07:54:02.513Z] Session [913133d0-de35-11e2-90f8-a13ccf100a06] - CONSTRUCTOR - Negotiated Capabilities: {"browserName":"phantomjs","version":"1.9.1","driverName":"ghostdriver","driverVersion":"1.0.3","platform":"mac-10.8 (Mountain Lion)-32bit","javascriptEnabled":true,"takesScreenshot":true,"handlesAlerts":false,"databaseEnabled":false,"locationContextEnabled":false,"applicationCacheEnabled":false,"browserConnectionEnabled":false,"cssSelectorsEnabled":true,"webStorageEnabled":false,"rotatable":false,"acceptSslCerts":false,"nativeEvents":true,"proxy":{"proxyType":"direct"}}
[INFO  - 2013-06-26T07:54:02.513Z] SessionManagerReqHand - _postNewSessionCommand - New Session Created: 913133d0-de35-11e2-90f8-a13ccf100a06
[INFO  - 2013-06-26T07:54:05.623Z] ShutdownReqHand - _handle - About to shutdown
[INFO  - 2013-06-26T07:57:46.980Z] GhostDriver - Main - running on port 3273
[INFO  - 2013-06-26T07:57:47.161Z] Session [1717c450-de36-11e2-b1ea-2baa7db2c0a2] - CONSTRUCTOR - Desired Capabilities: {}
[INFO  - 2013-06-26T07:57:47.161Z] Session [1717c450-de36-11e2-b1ea-2baa7db2c0a2] - CONSTRUCTOR - Negotiated Capabilities: {"browserName":"phantomjs","version":"1.9.1","driverName":"ghostdriver","driverVersion":"1.0.3","platform":"mac-10.8 (Mountain Lion)-32bit","javascriptEnabled":true,"takesScreenshot":true,"handlesAlerts":false,"databaseEnabled":false,"locationContextEnabled":false,"applicationCacheEnabled":false,"browserConnectionEnabled":false,"cssSelectorsEnabled":true,"webStorageEnabled":false,"rotatable":false,"acceptSslCerts":false,"nativeEvents":true,"proxy":{"proxyType":"direct"}}
[INFO  - 2013-06-26T07:57:47.161Z] SessionManagerReqHand - _postNewSessionCommand - New Session Created: 1717c450-de36-11e2-b1ea-2baa7db2c0a2
[INFO  - 2013-06-26T07:57:48.795Z] ShutdownReqHand - _handle - About to shutdown
[INFO  - 2013-06-26T07:58:10.580Z] GhostDriver - Main - running on port 15216
[INFO  - 2013-06-26T07:58:10.851Z] Session [25366be0-de36-11e2-b63b-a3cfb952a560] - CONSTRUCTOR - Desired Capabilities: {}
[INFO  - 2013-06-26T07:58:10.851Z] Session [25366be0-de36-11e2-b63b-a3cfb952a560] - CONSTRUCTOR - Negotiated Capabilities: {"browserName":"phantomjs","version":"1.9.1","driverName":"ghostdriver","driverVersion":"1.0.3","platform":"mac-10.8 (Mountain Lion)-32bit","javascriptEnabled":true,"takesScreenshot":true,"handlesAlerts":false,"databaseEnabled":false,"locationContextEnabled":false,"applicationCacheEnabled":false,"browserConnectionEnabled":false,"cssSelectorsEnabled":true,"webStorageEnabled":false,"rotatable":false,"acceptSslCerts":false,"nativeEvents":true,"proxy":{"proxyType":"direct"}}
[INFO  - 2013-06-26T07:58:10.851Z] SessionManagerReqHand - _postNewSessionCommand - New Session Created: 25366be0-de36-11e2-b63b-a3cfb952a560
[INFO  - 2013-06-26T07:58:12.405Z] ShutdownReqHand - _handle - About to shutdown
[INFO  - 2013-06-26T07:58:14.305Z] GhostDriver - Main - running on port 38721
[INFO  - 2013-06-26T07:58:14.430Z] Session [2758afa0-de36-11e2-9395-21fbfdf28382] - CONSTRUCTOR - Desired Capabilities: {}
[INFO  - 2013-06-26T07:58:14.430Z] Session [2758afa0-de36-11e2-9395-21fbfdf28382] - CONSTRUCTOR - Negotiated Capabilities: {"browserName":"phantomjs","version":"1.9.1","driverName":"ghostdriver","driverVersion":"1.0.3","platform":"mac-10.8 (Mountain Lion)-32bit","javascriptEnabled":true,"takesScreenshot":true,"handlesAlerts":false,"databaseEnabled":false,"locationContextEnabled":false,"applicationCacheEnabled":false,"browserConnectionEnabled":false,"cssSelectorsEnabled":true,"webStorageEnabled":false,"rotatable":false,"acceptSslCerts":false,"nativeEvents":true,"proxy":{"proxyType":"direct"}}
[INFO  - 2013-06-26T07:58:14.430Z] SessionManagerReqHand - _postNewSessionCommand - New Session Created: 2758afa0-de36-11e2-9395-21fbfdf28382
[INFO  - 2013-06-26T07:58:16.152Z] ShutdownReqHand - _handle - About to shutdown
[INFO  - 2013-06-26T07:58:18.153Z] GhostDriver - Main - running on port 33441
[INFO  - 2013-06-26T07:58:18.178Z] Session [299495e0-de36-11e2-8bc0-85be4b182dc2] - CONSTRUCTOR - Desired Capabilities: {}
[INFO  - 2013-06-26T07:58:18.178Z] Session [299495e0-de36-11e2-8bc0-85be4b182dc2] - CONSTRUCTOR - Negotiated Capabilities: {"browserName":"phantomjs","version":"1.9.1","driverName":"ghostdriver","driverVersion":"1.0.3","platform":"mac-10.8 (Mountain Lion)-32bit","javascriptEnabled":true,"takesScreenshot":true,"handlesAlerts":false,"databaseEnabled":false,"locationContextEnabled":false,"applicationCacheEnabled":false,"browserConnectionEnabled":false,"cssSelectorsEnabled":true,"webStorageEnabled":false,"rotatable":false,"acceptSslCerts":false,"nativeEvents":true,"proxy":{"proxyType":"direct"}}
[INFO  - 2013-06-26T07:58:18.178Z] SessionManagerReqHand - _postNewSessionCommand - New Session Created: 299495e0-de36-11e2-8bc0-85be4b182dc2
[INFO  - 2013-06-26T07:58:19.549Z] ShutdownReqHand - _handle - About to shutdown
[INFO  - 2013-06-26T08:06:59.674Z] GhostDriver - Main - running on port 5098
[INFO  - 2013-06-26T08:07:00.100Z] Session [60ab9000-de37-11e2-9e31-cf1b498fad08] - CONSTRUCTOR - Desired Capabilities: {}
[INFO  - 2013-06-26T08:07:00.100Z] Session [60ab9000-de37-11e2-9e31-cf1b498fad08] - CONSTRUCTOR - Negotiated Capabilities: {"browserName":"phantomjs","version":"1.9.1","driverName":"ghostdriver","driverVersion":"1.0.3","platform":"mac-10.8 (Mountain Lion)-32bit","javascriptEnabled":true,"takesScreenshot":true,"handlesAlerts":false,"databaseEnabled":false,"locationContextEnabled":false,"applicationCacheEnabled":false,"browserConnectionEnabled":false,"cssSelectorsEnabled":true,"webStorageEnabled":false,"rotatable":false,"acceptSslCerts":false,"nativeEvents":true,"proxy":{"proxyType":"direct"}}
[INFO  - 2013-06-26T08:07:00.100Z] SessionManagerReqHand - _postNewSessionCommand - New Session Created: 60ab9000-de37-11e2-9e31-cf1b498fad08
[INFO  - 2013-06-26T08:07:05.477Z] ShutdownReqHand - _handle - About to shutdown
[INFO  - 2013-06-26T08:07:07.341Z] GhostDriver - Main - running on port 5991
[INFO  - 2013-06-26T08:07:07.507Z] Session [6515a0e0-de37-11e2-9071-235327a37276] - CONSTRUCTOR - Desired Capabilities: {}
[INFO  - 2013-06-26T08:07:07.507Z] Session [6515a0e0-de37-11e2-9071-235327a37276] - CONSTRUCTOR - Negotiated Capabilities: {"browserName":"phantomjs","version":"1.9.1","driverName":"ghostdriver","driverVersion":"1.0.3","platform":"mac-10.8 (Mountain Lion)-32bit","javascriptEnabled":true,"takesScreenshot":true,"handlesAlerts":false,"databaseEnabled":false,"locationContextEnabled":false,"applicationCacheEnabled":false,"browserConnectionEnabled":false,"cssSelectorsEnabled":true,"webStorageEnabled":false,"rotatable":false,"acceptSslCerts":false,"nativeEvents":true,"proxy":{"proxyType":"direct"}}
[INFO  - 2013-06-26T08:07:07.507Z] SessionManagerReqHand - _postNewSessionCommand - New Session Created: 6515a0e0-de37-11e2-9071-235327a37276
[INFO  - 2013-06-26T08:07:13.052Z] ShutdownReqHand - _handle - About to shutdown
[INFO  - 2013-06-26T08:18:05.192Z] GhostDriver - Main - running on port 24546
[INFO  - 2013-06-26T08:18:05.448Z] Session [ed3f7530-de38-11e2-b9d2-09f629a83f44] - CONSTRUCTOR - Desired Capabilities: {}
[INFO  - 2013-06-26T08:18:05.449Z] Session [ed3f7530-de38-11e2-b9d2-09f629a83f44] - CONSTRUCTOR - Negotiated Capabilities: {"browserName":"phantomjs","version":"1.9.1","driverName":"ghostdriver","driverVersion":"1.0.3","platform":"mac-10.8 (Mountain Lion)-32bit","javascriptEnabled":true,"takesScreenshot":true,"handlesAlerts":false,"databaseEnabled":false,"locationContextEnabled":false,"applicationCacheEnabled":false,"browserConnectionEnabled":false,"cssSelectorsEnabled":true,"webStorageEnabled":false,"rotatable":false,"acceptSslCerts":false,"nativeEvents":true,"proxy":{"proxyType":"direct"}}
[INFO  - 2013-06-26T08:18:05.449Z] SessionManagerReqHand - _postNewSessionCommand - New Session Created: ed3f7530-de38-11e2-b9d2-09f629a83f44
[INFO  - 2013-06-26T08:18:10.962Z] ShutdownReqHand - _handle - About to shutdown
[INFO  - 2013-06-26T08:18:13.209Z] GhostDriver - Main - running on port 46574
[INFO  - 2013-06-26T08:18:13.494Z] Session [f20b2e10-de38-11e2-b588-0feb30012aa8] - CONSTRUCTOR - Desired Capabilities: {}
[INFO  - 2013-06-26T08:18:13.494Z] Session [f20b2e10-de38-11e2-b588-0feb30012aa8] - CONSTRUCTOR - Negotiated Capabilities: {"browserName":"phantomjs","version":"1.9.1","driverName":"ghostdriver","driverVersion":"1.0.3","platform":"mac-10.8 (Mountain Lion)-32bit","javascriptEnabled":true,"takesScreenshot":true,"handlesAlerts":false,"databaseEnabled":false,"locationContextEnabled":false,"applicationCacheEnabled":false,"browserConnectionEnabled":false,"cssSelectorsEnabled":true,"webStorageEnabled":false,"rotatable":false,"acceptSslCerts":false,"nativeEvents":true,"proxy":{"proxyType":"direct"}}
[INFO  - 2013-06-26T08:18:13.494Z] SessionManagerReqHand - _postNewSessionCommand - New Session Created: f20b2e10-de38-11e2-b588-0feb30012aa8
[INFO  - 2013-06-26T08:18:18.866Z] ShutdownReqHand - _handle - About to shutdown
[INFO  - 2013-06-26T08:19:07.232Z] GhostDriver - Main - running on port 32893
[INFO  - 2013-06-26T08:19:07.788Z] Session [1267c970-de39-11e2-934c-4d85f5c98930] - CONSTRUCTOR - Desired Capabilities: {}
[INFO  - 2013-06-26T08:19:07.788Z] Session [1267c970-de39-11e2-934c-4d85f5c98930] - CONSTRUCTOR - Negotiated Capabilities: {"browserName":"phantomjs","version":"1.9.1","driverName":"ghostdriver","driverVersion":"1.0.3","platform":"mac-10.8 (Mountain Lion)-32bit","javascriptEnabled":true,"takesScreenshot":true,"handlesAlerts":false,"databaseEnabled":false,"locationContextEnabled":false,"applicationCacheEnabled":false,"browserConnectionEnabled":false,"cssSelectorsEnabled":true,"webStorageEnabled":false,"rotatable":false,"acceptSslCerts":false,"nativeEvents":true,"proxy":{"proxyType":"direct"}}
[INFO  - 2013-06-26T08:19:07.788Z] SessionManagerReqHand - _postNewSessionCommand - New Session Created: 1267c970-de39-11e2-934c-4d85f5c98930
[INFO  - 2013-06-26T08:19:09.389Z] ShutdownReqHand - _handle - About to shutdown
[INFO  - 2013-06-26T08:19:11.446Z] GhostDriver - Main - running on port 29945
[INFO  - 2013-06-26T08:19:11.916Z] Session [14ddab70-de39-11e2-bce1-0d20f5bbacd8] - CONSTRUCTOR - Desired Capabilities: {}
[INFO  - 2013-06-26T08:19:11.916Z] Session [14ddab70-de39-11e2-bce1-0d20f5bbacd8] - CONSTRUCTOR - Negotiated Capabilities: {"browserName":"phantomjs","version":"1.9.1","driverName":"ghostdriver","driverVersion":"1.0.3","platform":"mac-10.8 (Mountain Lion)-32bit","javascriptEnabled":true,"takesScreenshot":true,"handlesAlerts":false,"databaseEnabled":false,"locationContextEnabled":false,"applicationCacheEnabled":false,"browserConnectionEnabled":false,"cssSelectorsEnabled":true,"webStorageEnabled":false,"rotatable":false,"acceptSslCerts":false,"nativeEvents":true,"proxy":{"proxyType":"direct"}}
[INFO  - 2013-06-26T08:19:11.916Z] SessionManagerReqHand - _postNewSessionCommand - New Session Created: 14ddab70-de39-11e2-bce1-0d20f5bbacd8
[INFO  - 2013-06-26T08:19:13.778Z] ShutdownReqHand - _handle - About to shutdown
[INFO  - 2013-06-26T08:19:15.911Z] GhostDriver - Main - running on port 22570
[INFO  - 2013-06-26T08:19:16.304Z] Session [177b60c0-de39-11e2-9e72-79fc8d3aeecd] - CONSTRUCTOR - Desired Capabilities: {}
[INFO  - 2013-06-26T08:19:16.304Z] Session [177b60c0-de39-11e2-9e72-79fc8d3aeecd] - CONSTRUCTOR - Negotiated Capabilities: {"browserName":"phantomjs","version":"1.9.1","driverName":"ghostdriver","driverVersion":"1.0.3","platform":"mac-10.8 (Mountain Lion)-32bit","javascriptEnabled":true,"takesScreenshot":true,"handlesAlerts":false,"databaseEnabled":false,"locationContextEnabled":false,"applicationCacheEnabled":false,"browserConnectionEnabled":false,"cssSelectorsEnabled":true,"webStorageEnabled":false,"rotatable":false,"acceptSslCerts":false,"nativeEvents":true,"proxy":{"proxyType":"direct"}}
[INFO  - 2013-06-26T08:19:16.304Z] SessionManagerReqHand - _postNewSessionCommand - New Session Created: 177b60c0-de39-11e2-9e72-79fc8d3aeecd
[INFO  - 2013-06-26T08:19:17.868Z] ShutdownReqHand - _handle - About to shutdown
