2013-06-13 15:35:59 INFO  当前初始化页面信息：URL--->about:blank
2013-06-13 15:35:59 INFO  当前初始化页面信息：Title--->
2013-06-13 15:35:59 INFO  当前初始化页面信息：窗口句柄数--->1
2013-06-13 15:35:59 INFO  [Case:Method=>test]初始化了浏览器PhantomJS来进行自动化测试
2013-06-13 15:36:00 INFO  [Case:Method=>test]关闭了浏览器
2013-06-13 15:38:12 INFO  当前初始化页面信息：URL--->about:blank
2013-06-13 15:38:12 INFO  当前初始化页面信息：Title--->
2013-06-13 15:38:12 INFO  当前初始化页面信息：窗口句柄数--->1
2013-06-13 15:38:12 INFO  [Case:Method=>test]初始化了浏览器PhantomJS来进行自动化测试
2013-06-13 15:38:12 INFO  [Case:Method=>test][Element]输入[北京]值操作成功
2013-06-13 15:38:13 INFO  [Case:Method=>test][Element]点击操作成功
2013-06-13 15:38:14 INFO  [Case:Method=>test]关闭了浏览器
2013-06-13 16:11:24 INFO  *******************测试用例windowHandleTest开始执行*****************
2013-06-13 16:11:28 INFO  [Case:Method=>windowHandleTest]当前初始化页面信息：URL--->about:blank
2013-06-13 16:11:28 INFO  [Case:Method=>windowHandleTest]当前初始化页面信息：Title--->
2013-06-13 16:11:28 INFO  [Case:Method=>windowHandleTest]当前初始化页面信息：窗口句柄数--->1
2013-06-13 16:11:28 INFO  [Case:Method=>windowHandleTest]初始化了浏览器PhantomJS来进行自动化测试
2013-06-13 16:11:29 INFO  [Case:Method=>windowHandleTest]窗口的句柄数增多，进行句柄收集操作
2013-06-13 16:15:18 INFO  *******************测试用例windowHandleTest开始执行*****************
2013-06-13 16:15:23 INFO  [Case:Method=>windowHandleTest]当前初始化页面信息：URL--->about:blank
2013-06-13 16:15:23 INFO  [Case:Method=>windowHandleTest]当前初始化页面信息：Title--->
2013-06-13 16:15:23 INFO  [Case:Method=>windowHandleTest]当前初始化页面信息：窗口句柄数--->1
2013-06-13 16:15:23 INFO  [Case:Method=>windowHandleTest]初始化了浏览器PhantomJS来进行自动化测试
2013-06-13 16:15:23 INFO  [Case:Method=>windowHandleTest]窗口的句柄数增多，进行句柄收集操作
2013-06-13 16:15:24 INFO  [Case:Method=>windowHandleTest]添加了新的窗口信息->
2013-06-13 16:18:28 INFO  *******************测试用例windowHandleTest开始执行*****************
2013-06-13 16:18:49 INFO  [Case:Method=>windowHandleTest]当前初始化页面信息：URL--->about:blank
2013-06-13 16:18:49 INFO  [Case:Method=>windowHandleTest]当前初始化页面信息：Title--->
2013-06-13 16:18:49 INFO  [Case:Method=>windowHandleTest]当前初始化页面信息：窗口句柄数--->1
2013-06-13 16:18:49 INFO  [Case:Method=>windowHandleTest]初始化了浏览器FIREFOX来进行自动化测试
2013-06-13 16:19:01 INFO  在新的窗口打开了链接http://www.hao123.com
2013-06-13 16:19:01 INFO  [Case:Method=>windowHandleTest]窗口的句柄数增多，进行句柄收集操作
2013-06-13 16:19:01 INFO  [Case:Method=>windowHandleTest]添加了新的窗口信息->
2013-06-13 16:21:12 INFO  *******************测试用例windowHandleTest开始执行*****************
2013-06-13 16:21:25 INFO  [Case:Method=>windowHandleTest]当前初始化页面信息：URL--->about:blank
2013-06-13 16:21:25 INFO  [Case:Method=>windowHandleTest]当前初始化页面信息：Title--->
2013-06-13 16:21:25 INFO  [Case:Method=>windowHandleTest]当前初始化页面信息：窗口句柄数--->1
2013-06-13 16:21:25 INFO  [Case:Method=>windowHandleTest]初始化了浏览器FIREFOX来进行自动化测试
2013-06-13 16:21:35 INFO  在新的窗口打开了链接http://www.hao123.com
2013-06-13 16:21:35 INFO  [Case:Method=>windowHandleTest]窗口的句柄数增多，进行句柄收集操作
2013-06-13 16:21:35 INFO  [Case:Method=>windowHandleTest]添加了新的窗口信息->
2013-06-13 16:22:14 INFO  *******************测试用例windowHandleTest开始执行*****************
2013-06-13 16:22:25 INFO  [Case:Method=>windowHandleTest]当前初始化页面信息：URL--->about:blank
2013-06-13 16:22:25 INFO  [Case:Method=>windowHandleTest]当前初始化页面信息：Title--->
2013-06-13 16:22:25 INFO  [Case:Method=>windowHandleTest]当前初始化页面信息：窗口句柄数--->1
2013-06-13 16:22:25 INFO  [Case:Method=>windowHandleTest]初始化了浏览器FIREFOX来进行自动化测试
2013-06-13 16:22:34 INFO  在新的窗口打开了链接http://www.hao123.com
2013-06-13 16:22:39 INFO  [Case:Method=>windowHandleTest]窗口的句柄数增多，进行句柄收集操作
2013-06-13 16:22:40 INFO  [Case:Method=>windowHandleTest]添加了新的窗口信息->hao123_上网从这里开始
2013-06-13 16:25:40 INFO  *******************测试用例windowHandleTest开始执行*****************
2013-06-13 16:25:52 INFO  [Case:Method=>windowHandleTest]当前初始化页面信息：URL--->about:blank
2013-06-13 16:25:52 INFO  [Case:Method=>windowHandleTest]当前初始化页面信息：Title--->
2013-06-13 16:25:52 INFO  [Case:Method=>windowHandleTest]当前初始化页面信息：窗口句柄数--->1
2013-06-13 16:25:52 INFO  [Case:Method=>windowHandleTest]初始化了浏览器FIREFOX来进行自动化测试
2013-06-13 16:26:02 INFO  在新的窗口打开了链接http://www.hao123.com
2013-06-13 16:26:03 INFO  [Case:Method=>windowHandleTest]窗口的句柄数增多，进行句柄收集操作
2013-06-13 16:26:06 INFO  [Case:Method=>windowHandleTest]添加了新的窗口信息->hao123_上网从这里开始
2013-06-13 16:28:30 INFO  *******************测试用例windowHandleTest开始执行*****************
2013-06-13 16:28:42 INFO  [Case:Method=>windowHandleTest]当前初始化页面信息：URL--->about:blank
2013-06-13 16:28:42 INFO  [Case:Method=>windowHandleTest]当前初始化页面信息：Title--->
2013-06-13 16:28:42 INFO  [Case:Method=>windowHandleTest]当前初始化页面信息：窗口句柄数--->1
2013-06-13 16:28:42 INFO  [Case:Method=>windowHandleTest]初始化了浏览器FIREFOX来进行自动化测试
2013-06-13 16:28:52 INFO  在新的窗口打开了链接http://www.hao123.com
2013-06-13 16:28:55 INFO  [Case:Method=>windowHandleTest]窗口的句柄数增多，进行句柄收集操作
2013-06-13 16:28:55 INFO  [Case:Method=>windowHandleTest]添加了新的窗口信息->hao123_上网从这里开始
2013-06-13 16:29:34 INFO  *******************测试用例windowHandleTest开始执行*****************
2013-06-13 16:29:46 INFO  [Case:Method=>windowHandleTest]当前初始化页面信息：URL--->about:blank
2013-06-13 16:29:46 INFO  [Case:Method=>windowHandleTest]当前初始化页面信息：Title--->
2013-06-13 16:29:46 INFO  [Case:Method=>windowHandleTest]当前初始化页面信息：窗口句柄数--->1
2013-06-13 16:29:46 INFO  [Case:Method=>windowHandleTest]初始化了浏览器FIREFOX来进行自动化测试
2013-06-13 16:29:55 INFO  在新的窗口打开了链接http://www.hao123.com
2013-06-13 16:29:58 INFO  [Case:Method=>windowHandleTest]窗口的句柄数增多，进行句柄收集操作
2013-06-13 16:29:58 INFO  [Case:Method=>windowHandleTest]添加了新的窗口信息->hao123_上网从这里开始
2013-06-13 16:31:05 INFO  *******************测试用例windowHandleTest开始执行*****************
2013-06-13 16:31:17 INFO  [Case:Method=>windowHandleTest]当前初始化页面信息：URL--->about:blank
2013-06-13 16:31:17 INFO  [Case:Method=>windowHandleTest]当前初始化页面信息：Title--->
2013-06-13 16:31:17 INFO  [Case:Method=>windowHandleTest]当前初始化页面信息：窗口句柄数--->1
2013-06-13 16:31:17 INFO  [Case:Method=>windowHandleTest]初始化了浏览器FIREFOX来进行自动化测试
2013-06-13 16:31:28 INFO  在新的窗口打开了链接http://www.hao123.com
2013-06-13 16:31:31 INFO  [Case:Method=>windowHandleTest]窗口的句柄数增多，进行句柄收集操作
2013-06-13 16:31:31 INFO  [Case:Method=>windowHandleTest]添加了新的窗口信息->hao123_上网从这里开始
2013-06-13 16:32:32 INFO  *******************测试用例windowHandleTest开始执行*****************
2013-06-13 16:32:43 INFO  [Case:Method=>windowHandleTest]当前初始化页面信息：URL--->about:blank
2013-06-13 16:32:43 INFO  [Case:Method=>windowHandleTest]当前初始化页面信息：Title--->
2013-06-13 16:32:43 INFO  [Case:Method=>windowHandleTest]当前初始化页面信息：窗口句柄数--->1
2013-06-13 16:32:43 INFO  1
2013-06-13 16:32:43 INFO  [Case:Method=>windowHandleTest]初始化了浏览器FIREFOX来进行自动化测试
2013-06-13 16:32:50 INFO  在新的窗口打开了链接http://www.hao123.com
2013-06-13 16:32:54 INFO  2
2013-06-13 16:32:54 INFO  [Case:Method=>windowHandleTest]窗口的句柄数增多，进行句柄收集操作
2013-06-13 16:32:54 INFO  [Case:Method=>windowHandleTest]添加了新的窗口信息->hao123_上网从这里开始
2013-06-13 16:38:42 INFO  *******************测试用例windowHandleTest开始执行*****************
2013-06-13 16:38:57 INFO  [Case:Method=>windowHandleTest]当前初始化页面信息：URL--->about:blank
2013-06-13 16:38:57 INFO  [Case:Method=>windowHandleTest]当前初始化页面信息：Title--->
2013-06-13 16:38:57 INFO  [Case:Method=>windowHandleTest]当前初始化页面信息：窗口句柄数--->1
2013-06-13 16:38:57 INFO  1
2013-06-13 16:38:57 INFO  [Case:Method=>windowHandleTest]初始化了浏览器FIREFOX来进行自动化测试
2013-06-13 16:39:08 INFO  在新的窗口打开了链接http://www.hao123.com
2013-06-13 16:39:13 INFO  2
2013-06-13 16:39:13 INFO  [Case:Method=>windowHandleTest]窗口的句柄数增多，进行句柄收集操作
2013-06-13 16:39:13 INFO  [Case:Method=>windowHandleTest]添加了新的窗口信息->hao123_上网从这里开始
2013-06-13 16:39:14 INFO  2
2013-06-13 16:45:39 INFO  *******************测试用例windowHandleTest开始执行*****************
2013-06-13 16:45:53 INFO  1
2013-06-13 16:45:53 INFO  [Case:Method=>windowHandleTest]初始化了浏览器FIREFOX来进行自动化测试
2013-06-13 16:45:53 INFO  1
2013-06-13 16:45:53 INFO  [Case:Method=>windowHandleTest]当前初始化页面信息：URL--->http://www.baidu.com/
2013-06-13 16:45:53 INFO  [Case:Method=>windowHandleTest]当前初始化页面信息：Title--->Problem loading page
2013-06-13 16:45:53 INFO  [Case:Method=>windowHandleTest]当前初始化页面信息：窗口句柄数--->1
2013-06-13 16:45:53 INFO  在新的窗口打开了链接http://www.hao123.com
2013-06-13 16:46:05 INFO  2
2013-06-13 16:46:06 INFO  2
2013-06-13 16:47:04 INFO  *******************测试用例windowHandleTest开始执行*****************
2013-06-13 16:47:15 INFO  1
2013-06-13 16:47:15 INFO  [Case:Method=>windowHandleTest]初始化了浏览器FIREFOX来进行自动化测试
2013-06-13 16:47:23 INFO  1
2013-06-13 16:47:23 INFO  [Case:Method=>windowHandleTest]当前初始化页面信息：URL--->http://www.baidu.com/
2013-06-13 16:47:23 INFO  [Case:Method=>windowHandleTest]当前初始化页面信息：Title--->百度一下，你就知道
2013-06-13 16:47:23 INFO  [Case:Method=>windowHandleTest]当前初始化页面信息：窗口句柄数--->1
2013-06-13 16:47:24 INFO  在新的窗口打开了链接http://www.hao123.com
2013-06-13 16:47:28 INFO  2
2013-06-13 16:50:02 INFO  *******************测试用例windowHandleTest开始执行*****************
2013-06-13 16:50:14 INFO  1
2013-06-13 16:50:14 INFO  [Case:Method=>windowHandleTest]初始化了浏览器FIREFOX来进行自动化测试
2013-06-13 16:50:23 INFO  1
2013-06-13 16:50:23 INFO  [Case:Method=>windowHandleTest]当前初始化页面信息：URL--->http://www.baidu.com/
2013-06-13 16:50:23 INFO  [Case:Method=>windowHandleTest]当前初始化页面信息：Title--->百度一下，你就知道
2013-06-13 16:50:23 INFO  [Case:Method=>windowHandleTest]当前初始化页面信息：窗口句柄数--->1
2013-06-13 16:50:24 INFO  在新的窗口打开了链接http://www.hao123.com
2013-06-13 16:50:27 INFO  2
2013-06-13 16:50:27 INFO  [Case:Method=>windowHandleTest]窗口的句柄数增多，进行句柄收集操作
2013-06-13 16:50:27 INFO  [Case:Method=>windowHandleTest]添加了新的窗口信息->hao123_上网从这里开始
2013-06-13 16:51:39 INFO  *******************测试用例windowHandleTest开始执行*****************
2013-06-13 16:51:51 INFO  1
2013-06-13 16:51:51 INFO  [Case:Method=>windowHandleTest]窗口的句柄数增多，进行句柄收集操作
2013-06-13 16:51:51 INFO  [Case:Method=>windowHandleTest]初始化了浏览器FIREFOX来进行自动化测试
2013-06-13 16:51:59 INFO  1
2013-06-13 16:51:59 INFO  [Case:Method=>windowHandleTest]窗口的句柄数增多，进行句柄收集操作
2013-06-13 16:51:59 INFO  [Case:Method=>windowHandleTest]当前初始化页面信息：URL--->http://www.baidu.com/
2013-06-13 16:51:59 INFO  [Case:Method=>windowHandleTest]当前初始化页面信息：Title--->百度一下，你就知道
2013-06-13 16:51:59 INFO  [Case:Method=>windowHandleTest]当前初始化页面信息：窗口句柄数--->1
2013-06-13 16:51:59 INFO  在新的窗口打开了链接http://www.hao123.com
2013-06-13 16:52:03 WARN  在测试过程中出现了同时打开多个页面的情况，页面收集器将对页面的索引查找功能可能会出现混乱，谨慎使用通过index来切换页面。
2013-06-13 16:52:03 INFO  2
2013-06-13 16:52:03 INFO  [Case:Method=>windowHandleTest]窗口的句柄数增多，进行句柄收集操作
2013-06-13 16:52:03 INFO  [Case:Method=>windowHandleTest]添加了新的窗口信息->hao123_上网从这里开始
2013-06-13 16:55:18 INFO  *******************测试用例windowHandleTest开始执行*****************
2013-06-13 16:55:29 INFO  1
2013-06-13 16:55:29 INFO  [Case:Method=>windowHandleTest]窗口的句柄数增多，进行句柄收集操作
2013-06-13 16:55:29 INFO  [Case:Method=>windowHandleTest]初始化了浏览器FIREFOX来进行自动化测试
2013-06-13 16:55:37 INFO  1
2013-06-13 16:55:37 INFO  [Case:Method=>windowHandleTest]窗口的句柄数增多，进行句柄收集操作
2013-06-13 16:55:37 INFO  [Case:Method=>windowHandleTest]当前初始化页面信息：URL--->http://www.baidu.com/
2013-06-13 16:55:37 INFO  [Case:Method=>windowHandleTest]当前初始化页面信息：Title--->百度一下，你就知道
2013-06-13 16:55:37 INFO  [Case:Method=>windowHandleTest]当前初始化页面信息：窗口句柄数--->1
2013-06-13 16:55:37 INFO  在新的窗口打开了链接http://www.hao123.com
2013-06-13 16:55:41 WARN  在测试过程中出现了同时打开多个页面的情况，页面收集器将对页面的索引查找功能可能会出现混乱，谨慎使用通过index来切换页面。
2013-06-13 16:55:41 INFO  2
2013-06-13 16:55:41 INFO  [Case:Method=>windowHandleTest]窗口的句柄数增多，进行句柄收集操作
2013-06-13 16:55:41 INFO  [Case:Method=>windowHandleTest]添加了新的窗口信息->hao123_上网从这里开始
2013-06-13 16:57:11 INFO  *******************测试用例windowHandleTest开始执行*****************
2013-06-13 16:57:22 INFO  1
2013-06-13 16:57:22 INFO  [Case:Method=>windowHandleTest]窗口的句柄数增多，进行句柄收集操作
2013-06-13 16:57:22 INFO  [Case:Method=>windowHandleTest]初始化了浏览器FIREFOX来进行自动化测试
2013-06-13 16:57:30 INFO  1
2013-06-13 16:57:30 INFO  [Case:Method=>windowHandleTest]窗口的句柄数增多，进行句柄收集操作
2013-06-13 16:57:30 INFO  [Case:Method=>windowHandleTest]当前初始化页面信息：URL--->http://www.baidu.com/
2013-06-13 16:57:30 INFO  [Case:Method=>windowHandleTest]当前初始化页面信息：Title--->百度一下，你就知道
2013-06-13 16:57:30 INFO  [Case:Method=>windowHandleTest]当前初始化页面信息：窗口句柄数--->1
2013-06-13 16:57:30 INFO  在新的窗口打开了链接http://www.hao123.com
2013-06-13 16:57:33 WARN  在测试过程中出现了同时打开多个页面的情况，页面收集器将对页面的索引查找功能可能会出现混乱，谨慎使用通过index来切换页面。
2013-06-13 16:57:33 INFO  2
2013-06-13 16:57:33 INFO  [Case:Method=>windowHandleTest]窗口的句柄数增多，进行句柄收集操作
2013-06-13 16:57:33 INFO  [Case:Method=>windowHandleTest]添加了新的窗口信息->hao123_上网从这里开始
2013-06-13 16:58:20 INFO  *******************测试用例windowHandleTest开始执行*****************
2013-06-13 16:58:31 INFO  [Case:Method=>windowHandleTest]初始化了浏览器FIREFOX来进行自动化测试
2013-06-13 16:58:38 INFO  1
2013-06-13 16:58:38 INFO  [Case:Method=>windowHandleTest]窗口的句柄数增多，进行句柄收集操作
2013-06-13 16:58:38 INFO  [Case:Method=>windowHandleTest]当前初始化页面信息：URL--->http://www.baidu.com/
2013-06-13 16:58:38 INFO  [Case:Method=>windowHandleTest]当前初始化页面信息：Title--->百度一下，你就知道
2013-06-13 16:58:38 INFO  [Case:Method=>windowHandleTest]当前初始化页面信息：窗口句柄数--->1
2013-06-13 16:58:38 INFO  在新的窗口打开了链接http://www.hao123.com
2013-06-13 16:58:41 WARN  在测试过程中出现了同时打开多个页面的情况，页面收集器将对页面的索引查找功能可能会出现混乱，谨慎使用通过index来切换页面。
2013-06-13 16:58:41 INFO  2
2013-06-13 16:58:41 INFO  [Case:Method=>windowHandleTest]窗口的句柄数增多，进行句柄收集操作
2013-06-13 16:58:41 INFO  [Case:Method=>windowHandleTest]添加了新的窗口信息->hao123_上网从这里开始
2013-06-13 17:01:51 INFO  *******************测试用例windowHandleTest开始执行*****************
2013-06-13 17:02:02 INFO  [Case:Method=>windowHandleTest]初始化了浏览器FIREFOX来进行自动化测试
2013-06-13 17:02:10 INFO  1
2013-06-13 17:02:10 INFO  [Case:Method=>windowHandleTest]窗口的句柄数增多，进行句柄收集操作
2013-06-13 17:02:10 INFO  [Case:Method=>windowHandleTest]添加了新的窗口信息->百度一下，你就知道
2013-06-13 17:02:10 INFO  [Case:Method=>windowHandleTest]当前初始化页面信息：URL--->http://www.baidu.com/
2013-06-13 17:02:10 INFO  [Case:Method=>windowHandleTest]当前初始化页面信息：Title--->百度一下，你就知道
2013-06-13 17:02:10 INFO  [Case:Method=>windowHandleTest]当前初始化页面信息：窗口句柄数--->1
2013-06-13 17:02:11 INFO  在新的窗口打开了链接http://www.hao123.com
2013-06-13 17:02:14 INFO  2
2013-06-13 17:02:14 INFO  [Case:Method=>windowHandleTest]窗口的句柄数增多，进行句柄收集操作
2013-06-13 17:02:15 INFO  [Case:Method=>windowHandleTest]添加了新的窗口信息->百度一下，你就知道
2013-06-13 17:02:15 INFO  [Case:Method=>windowHandleTest]添加了新的窗口信息->hao123_上网从这里开始
2013-06-13 17:02:15 INFO  [Case:Method=>windowHandleTest]当前初始化页面信息：URL--->http://www.baidu.com/
2013-06-13 17:02:15 INFO  [Case:Method=>windowHandleTest]当前初始化页面信息：Title--->百度一下，你就知道
2013-06-13 17:02:15 INFO  [Case:Method=>windowHandleTest]当前初始化页面信息：窗口句柄数--->2
2013-06-13 17:02:15 INFO  [Case:Method=>windowHandleTest]关闭了浏览器
2013-06-13 17:02:15 INFO  ***************测试用例windowHandleTest执行结束****************
2013-06-13 17:06:30 INFO  *******************测试用例windowHandleTest开始执行*****************
2013-06-13 17:06:42 INFO  [Case:Method=>windowHandleTest]初始化了浏览器FIREFOX来进行自动化测试
2013-06-13 17:06:50 INFO  [Case:Method=>windowHandleTest]窗口的句柄数增多，进行句柄收集操作
2013-06-13 17:06:50 INFO  [Case:Method=>windowHandleTest]添加了新的窗口信息->百度一下，你就知道
2013-06-13 17:06:50 INFO  [Case:Method=>windowHandleTest]当前初始化页面信息：URL--->http://www.baidu.com/
2013-06-13 17:06:50 INFO  [Case:Method=>windowHandleTest]当前初始化页面信息：Title--->百度一下，你就知道
2013-06-13 17:06:50 INFO  [Case:Method=>windowHandleTest]当前初始化页面信息：窗口句柄数--->1
2013-06-13 17:06:50 INFO  在新的窗口打开了链接http://www.hao123.com
2013-06-13 17:06:58 INFO  [Case:Method=>windowHandleTest]窗口的句柄数增多，进行句柄收集操作
2013-06-13 17:07:00 INFO  [Case:Method=>windowHandleTest]添加了新的窗口信息->百度一下，你就知道
2013-06-13 17:07:00 INFO  [Case:Method=>windowHandleTest]添加了新的窗口信息->hao123_上网从这里开始
2013-06-13 17:07:00 INFO  [Case:Method=>windowHandleTest]当前初始化页面信息：URL--->http://www.baidu.com/
2013-06-13 17:07:00 INFO  [Case:Method=>windowHandleTest]当前初始化页面信息：Title--->百度一下，你就知道
2013-06-13 17:07:00 INFO  [Case:Method=>windowHandleTest]当前初始化页面信息：窗口句柄数--->2
2013-06-13 17:07:00 INFO  [Case:Method=>windowHandleTest]关闭了浏览器
2013-06-13 17:07:00 INFO  ***************测试用例windowHandleTest执行结束****************
2013-06-13 17:47:56 INFO  *******************测试用例windowHandleTest开始执行*****************
2013-06-13 17:48:08 INFO  [Case:Method=>windowHandleTest]初始化了浏览器FIREFOX来进行自动化测试
2013-06-13 17:48:18 INFO  [Case:Method=>windowHandleTest]窗口的句柄数增多，进行句柄收集操作
2013-06-13 17:48:18 INFO  [Case:Method=>windowHandleTest]添加了新的窗口信息->百度一下，你就知道
2013-06-13 17:48:18 INFO  [Case:Method=>windowHandleTest]当前初始化页面信息：URL--->http://www.baidu.com/
2013-06-13 17:48:18 INFO  [Case:Method=>windowHandleTest]当前初始化页面信息：Title--->百度一下，你就知道
2013-06-13 17:48:18 INFO  [Case:Method=>windowHandleTest]当前初始化页面信息：窗口句柄数--->1
2013-06-13 17:48:18 INFO  [Case:Method=>windowHandleTest][Element]输入[北京]值操作成功
2013-06-13 17:48:18 INFO  [Case:Method=>windowHandleTest][Element]点击操作成功
2013-06-13 17:48:18 INFO  [Case:Method=>windowHandleTest]当前页面放生了变化，切换到了新的页面百度一下，你就知道
2013-06-13 17:48:19 INFO  [Case:Method=>windowHandleTest]关闭了浏览器
2013-06-13 17:48:19 INFO  ***************测试用例windowHandleTest执行结束****************
2013-06-13 17:49:32 INFO  *******************测试用例windowHandleTest开始执行*****************
2013-06-13 17:49:44 INFO  [Case:Method=>windowHandleTest]初始化了浏览器FIREFOX来进行自动化测试
2013-06-13 17:49:53 INFO  [Case:Method=>windowHandleTest]窗口的句柄数增多，进行句柄收集操作
2013-06-13 17:49:53 INFO  [Case:Method=>windowHandleTest]添加了新的窗口信息->百度一下，你就知道
2013-06-13 17:49:53 INFO  [Case:Method=>windowHandleTest]当前初始化页面信息：URL--->http://www.baidu.com/
2013-06-13 17:49:53 INFO  [Case:Method=>windowHandleTest]当前初始化页面信息：Title--->百度一下，你就知道
2013-06-13 17:49:53 INFO  [Case:Method=>windowHandleTest]当前初始化页面信息：窗口句柄数--->1
2013-06-13 17:49:53 INFO  [Case:Method=>windowHandleTest][Element]输入[北京]值操作成功
2013-06-13 17:49:54 INFO  [Case:Method=>windowHandleTest][Element]点击操作成功
2013-06-13 17:49:54 INFO  [Case:Method=>windowHandleTest]当前页面放生了变化，切换到了新的页面--->北京_百度搜索
2013-06-13 17:49:54 INFO  [Case:Method=>windowHandleTest]关闭了浏览器
2013-06-13 17:49:54 INFO  ***************测试用例windowHandleTest执行结束****************
2013-06-13 17:56:03 INFO  *******************测试用例windowHandleTest开始执行*****************
2013-06-13 17:56:16 INFO  [Case:Method=>windowHandleTest]初始化了浏览器FIREFOX来进行自动化测试
2013-06-13 17:56:24 INFO  [Case:Method=>windowHandleTest]窗口的句柄数增多，进行句柄收集操作
2013-06-13 17:56:24 INFO  [Case:Method=>windowHandleTest]添加了新的窗口信息->百度一下，你就知道
2013-06-13 17:56:24 INFO  [Case:Method=>windowHandleTest]当前初始化页面信息：URL--->http://www.baidu.com/
2013-06-13 17:56:24 INFO  [Case:Method=>windowHandleTest]当前初始化页面信息：Title--->百度一下，你就知道
2013-06-13 17:56:24 INFO  [Case:Method=>windowHandleTest]当前初始化页面信息：窗口句柄数--->1
2013-06-13 17:56:26 INFO  [Case:Method=>windowHandleTest][Element]输入[北京]值操作成功
2013-06-13 17:56:27 INFO  [Case:Method=>windowHandleTest][Element]点击操作成功
2013-06-13 17:56:27 INFO  [Case:Method=>windowHandleTest]当前页面发生了变化，切换到了新的页面--->北京_百度搜索
2013-06-13 17:56:27 INFO  [Case:Method=>windowHandleTest]关闭了浏览器
2013-06-13 17:56:27 INFO  ***************测试用例windowHandleTest执行结束****************
2013-06-13 17:56:42 INFO  *******************测试用例windowHandleTest开始执行*****************
2013-06-13 17:56:53 INFO  [Case:Method=>windowHandleTest]初始化了浏览器FIREFOX来进行自动化测试
2013-06-13 17:57:01 INFO  [Case:Method=>windowHandleTest]窗口的句柄数增多，进行句柄收集操作
2013-06-13 17:57:01 INFO  [Case:Method=>windowHandleTest]添加了新的窗口信息->百度一下，你就知道
2013-06-13 17:57:01 INFO  [Case:Method=>windowHandleTest]当前初始化页面信息：URL--->http://www.baidu.com/
2013-06-13 17:57:01 INFO  [Case:Method=>windowHandleTest]当前初始化页面信息：Title--->百度一下，你就知道
2013-06-13 17:57:01 INFO  [Case:Method=>windowHandleTest]当前初始化页面信息：窗口句柄数--->1
2013-06-13 17:57:01 INFO  [Case:Method=>windowHandleTest][Element]输入[北京]值操作成功
2013-06-13 17:57:02 INFO  [Case:Method=>windowHandleTest][Element]点击操作成功
2013-06-13 17:57:02 INFO  [Case:Method=>windowHandleTest]当前页面发生了变化，切换到了新的页面--->北京_百度搜索
2013-06-13 17:57:03 INFO  [Case:Method=>windowHandleTest]关闭了浏览器
2013-06-13 17:57:03 INFO  ***************测试用例windowHandleTest执行结束****************
2013-06-13 17:57:34 INFO  *******************测试用例windowHandleTest开始执行*****************
2013-06-13 17:57:46 INFO  [Case:Method=>windowHandleTest]初始化了浏览器FIREFOX来进行自动化测试
2013-06-13 17:57:57 INFO  [Case:Method=>windowHandleTest]窗口的句柄数增多，进行句柄收集操作
2013-06-13 17:57:57 INFO  [Case:Method=>windowHandleTest]添加了新的窗口信息->hao123_上网从这里开始
2013-06-13 17:57:57 INFO  [Case:Method=>windowHandleTest]当前初始化页面信息：URL--->http://www.hao123.com/
2013-06-13 17:57:57 INFO  [Case:Method=>windowHandleTest]当前初始化页面信息：Title--->hao123_上网从这里开始
2013-06-13 17:57:57 INFO  [Case:Method=>windowHandleTest]当前初始化页面信息：窗口句柄数--->1
2013-06-13 17:57:57 INFO  在新的窗口打开了链接http://www.baidu.com
2013-06-13 17:58:00 INFO  [Case:Method=>windowHandleTest]窗口的句柄数增多，进行句柄收集操作
2013-06-13 17:58:01 INFO  [Case:Method=>windowHandleTest]添加了新的窗口信息->hao123_上网从这里开始
2013-06-13 17:58:01 INFO  [Case:Method=>windowHandleTest]添加了新的窗口信息->百度一下，你就知道
2013-06-13 17:58:01 INFO  [Case:Method=>windowHandleTest]当前初始化页面信息：URL--->http://www.hao123.com/
2013-06-13 17:58:01 INFO  [Case:Method=>windowHandleTest]当前初始化页面信息：Title--->hao123_上网从这里开始
2013-06-13 17:58:01 INFO  [Case:Method=>windowHandleTest]当前初始化页面信息：窗口句柄数--->2
2013-06-13 17:58:39 INFO  *******************测试用例windowHandleTest开始执行*****************
2013-06-13 17:58:50 INFO  [Case:Method=>windowHandleTest]初始化了浏览器FIREFOX来进行自动化测试
2013-06-13 17:59:00 INFO  [Case:Method=>windowHandleTest]窗口的句柄数增多，进行句柄收集操作
2013-06-13 17:59:00 INFO  [Case:Method=>windowHandleTest]添加了新的窗口信息->hao123_上网从这里开始
2013-06-13 17:59:00 INFO  [Case:Method=>windowHandleTest]当前初始化页面信息：URL--->http://www.hao123.com/
2013-06-13 17:59:00 INFO  [Case:Method=>windowHandleTest]当前初始化页面信息：Title--->hao123_上网从这里开始
2013-06-13 17:59:00 INFO  [Case:Method=>windowHandleTest]当前初始化页面信息：窗口句柄数--->1
2013-06-13 17:59:01 INFO  在新的窗口打开了链接http://www.baidu.com
2013-06-13 17:59:04 INFO  [Case:Method=>windowHandleTest]窗口的句柄数增多，进行句柄收集操作
2013-06-13 17:59:05 INFO  [Case:Method=>windowHandleTest]添加了新的窗口信息->hao123_上网从这里开始
2013-06-13 17:59:05 INFO  [Case:Method=>windowHandleTest]添加了新的窗口信息->百度一下，你就知道
2013-06-13 17:59:05 INFO  [Case:Method=>windowHandleTest]当前初始化页面信息：URL--->http://www.hao123.com/
2013-06-13 17:59:05 INFO  [Case:Method=>windowHandleTest]当前初始化页面信息：Title--->hao123_上网从这里开始
2013-06-13 17:59:05 INFO  [Case:Method=>windowHandleTest]当前初始化页面信息：窗口句柄数--->2
2013-06-13 18:08:22 INFO  *******************测试用例windowHandleTest开始执行*****************
2013-06-13 18:08:34 INFO  [Case:Method=>windowHandleTest]初始化了浏览器FIREFOX来进行自动化测试
2013-06-13 18:08:46 INFO  [Case:Method=>windowHandleTest]窗口的句柄数增多，进行句柄收集操作
2013-06-13 18:08:46 INFO  [Case:Method=>windowHandleTest]添加了新的窗口信息->hao123_上网从这里开始
2013-06-13 18:08:46 INFO  [Case:Method=>windowHandleTest]当前初始化页面信息：URL--->http://www.hao123.com/
2013-06-13 18:08:46 INFO  [Case:Method=>windowHandleTest]当前初始化页面信息：Title--->hao123_上网从这里开始
2013-06-13 18:08:46 INFO  [Case:Method=>windowHandleTest]当前初始化页面信息：窗口句柄数--->1
2013-06-13 18:08:47 INFO  在新的窗口打开了链接http://www.baidu.com
2013-06-13 18:08:50 INFO  [Case:Method=>windowHandleTest]窗口的句柄数增多，进行句柄收集操作
2013-06-13 18:08:50 INFO  [Case:Method=>windowHandleTest]添加了新的窗口信息->hao123_上网从这里开始
2013-06-13 18:08:50 INFO  [Case:Method=>windowHandleTest]添加了新的窗口信息->百度一下，你就知道
2013-06-13 18:08:51 INFO  [Case:Method=>windowHandleTest]当前页面信息：URL--->http://www.hao123.com/
2013-06-13 18:08:51 INFO  [Case:Method=>windowHandleTest]当前页面信息：Title--->hao123_上网从这里开始
2013-06-13 18:08:51 INFO  [Case:Method=>windowHandleTest]当前页面信息：窗口句柄数--->2
2013-06-13 18:10:42 INFO  *******************测试用例windowHandleTest开始执行*****************
2013-06-13 18:10:54 INFO  [Case:Method=>windowHandleTest]初始化了浏览器FIREFOX来进行自动化测试
2013-06-13 18:11:03 INFO  [Case:Method=>windowHandleTest]窗口的句柄数增多，进行句柄收集操作
2013-06-13 18:11:03 INFO  [Case:Method=>windowHandleTest]添加了新的窗口信息->hao123_上网从这里开始
2013-06-13 18:11:03 INFO  [Case:Method=>windowHandleTest]当前初始化页面信息：URL--->http://www.hao123.com/
2013-06-13 18:11:03 INFO  [Case:Method=>windowHandleTest]当前初始化页面信息：Title--->hao123_上网从这里开始
2013-06-13 18:11:03 INFO  [Case:Method=>windowHandleTest]当前初始化页面信息：窗口句柄数--->1
2013-06-13 18:11:04 INFO  在新的窗口打开了链接http://www.baidu.com
2013-06-13 18:11:07 INFO  [Case:Method=>windowHandleTest]窗口的句柄数增多，进行句柄收集操作
2013-06-13 18:11:07 INFO  [Case:Method=>windowHandleTest]添加了新的窗口信息->百度一下，你就知道
2013-06-13 18:11:07 INFO  [Case:Method=>windowHandleTest]当前页面信息：URL--->http://www.baidu.com/
2013-06-13 18:11:07 INFO  [Case:Method=>windowHandleTest]当前页面信息：Title--->百度一下，你就知道
2013-06-13 18:11:07 INFO  [Case:Method=>windowHandleTest]当前页面信息：窗口句柄数--->2
2013-06-13 18:11:08 INFO  [Case:Method=>windowHandleTest][Element]输入[北京]值操作成功
2013-06-13 18:11:08 INFO  [Case:Method=>windowHandleTest][Element]点击操作成功
2013-06-13 18:11:09 INFO  [Case:Method=>windowHandleTest]当前页面发生了变化，切换到了新的页面--->北京_百度搜索
2013-06-13 18:11:09 INFO  [Case:Method=>windowHandleTest]关闭了浏览器
2013-06-13 18:11:09 INFO  ***************测试用例windowHandleTest执行结束****************
2013-06-13 18:18:55 INFO  *******************测试用例windowHandleTest开始执行*****************
2013-06-13 18:18:59 INFO  [Case:Method=>windowHandleTest]初始化了浏览器PhantomJS来进行自动化测试
2013-06-13 18:19:00 INFO  [Case:Method=>windowHandleTest]窗口的句柄数增多，进行句柄收集操作
2013-06-13 18:19:00 INFO  [Case:Method=>windowHandleTest]添加了新的窗口信息->hao123_上网从这里开始
2013-06-13 18:19:00 INFO  [Case:Method=>windowHandleTest]当前初始化页面信息：URL--->http://www.hao123.com/
2013-06-13 18:19:00 INFO  [Case:Method=>windowHandleTest]当前初始化页面信息：Title--->hao123_上网从这里开始
2013-06-13 18:19:00 INFO  [Case:Method=>windowHandleTest]当前初始化页面信息：窗口句柄数--->1
2013-06-13 18:19:00 INFO  在新的窗口打开了链接http://www.baidu.com
2013-06-13 18:19:03 INFO  [Case:Method=>windowHandleTest]窗口的句柄数增多，进行句柄收集操作
2013-06-13 18:19:03 INFO  [Case:Method=>windowHandleTest]添加了新的窗口信息->百度一下，你就知道
2013-06-13 18:19:04 INFO  [Case:Method=>windowHandleTest]当前页面信息：URL--->http://www.baidu.com/
2013-06-13 18:19:04 INFO  [Case:Method=>windowHandleTest]当前页面信息：Title--->百度一下，你就知道
2013-06-13 18:19:04 INFO  [Case:Method=>windowHandleTest]当前页面信息：窗口句柄数--->2
2013-06-13 18:19:04 INFO  [Case:Method=>windowHandleTest][By.id: kw]输入[北京]值操作成功
2013-06-13 18:19:04 INFO  [Case:Method=>windowHandleTest][By.id: su]点击操作成功
2013-06-13 18:19:04 INFO  [Case:Method=>windowHandleTest]当前页面发生了变化，切换到了新的页面--->北京_百度搜索
2013-06-13 18:19:05 INFO  [Case:Method=>windowHandleTest]关闭了浏览器
2013-06-13 18:19:05 INFO  ***************测试用例windowHandleTest执行结束****************
2013-06-13 18:20:26 INFO  *******************测试用例windowHandleTest开始执行*****************
2013-06-13 18:20:29 INFO  [Case:Method=>windowHandleTest]初始化了浏览器PhantomJS来进行自动化测试
2013-06-13 18:20:30 INFO  [Case:Method=>windowHandleTest]窗口的句柄数增多，进行句柄收集操作
2013-06-13 18:20:30 INFO  [Case:Method=>windowHandleTest]添加了新的窗口信息->hao123_上网从这里开始
2013-06-13 18:20:30 INFO  [Case:Method=>windowHandleTest]当前初始化页面信息：URL--->http://www.hao123.com/
2013-06-13 18:20:30 INFO  [Case:Method=>windowHandleTest]当前初始化页面信息：Title--->hao123_上网从这里开始
2013-06-13 18:20:30 INFO  [Case:Method=>windowHandleTest]当前初始化页面信息：窗口句柄数--->1
2013-06-13 18:20:30 INFO  在新的窗口打开了链接http://www.baidu.com
2013-06-13 18:20:33 INFO  [Case:Method=>windowHandleTest]窗口的句柄数增多，进行句柄收集操作
2013-06-13 18:20:33 INFO  [Case:Method=>windowHandleTest]添加了新的窗口信息->百度一下，你就知道
2013-06-13 18:20:33 INFO  [Case:Method=>windowHandleTest]当前页面信息：URL--->http://www.baidu.com/
2013-06-13 18:20:33 INFO  [Case:Method=>windowHandleTest]当前页面信息：Title--->百度一下，你就知道
2013-06-13 18:20:33 INFO  [Case:Method=>windowHandleTest]当前页面信息：窗口句柄数--->2
2013-06-13 18:20:33 INFO  [Case:Method=>windowHandleTest][By.id: kw,index->01]输入[北京]值操作成功
2013-06-13 18:20:34 INFO  [Case:Method=>windowHandleTest][By.id: su]点击操作成功
2013-06-13 18:20:34 INFO  [Case:Method=>windowHandleTest]当前页面发生了变化，切换到了新的页面--->北京_百度搜索
2013-06-13 18:20:34 INFO  [Case:Method=>windowHandleTest]关闭了浏览器
2013-06-13 18:20:34 INFO  ***************测试用例windowHandleTest执行结束****************
