2013-06-18 09:23:15 INFO  *******************测试用例testpage开始执行*****************
2013-06-18 09:23:22 INFO  [Case:Method=>testpage]初始化了浏览器PhantomJS来进行自动化测试
2013-06-18 09:23:22 INFO  XML的资源的根元素是browser
2013-06-18 09:23:22 INFO  收集了页面[百度首页]的元素资源
2013-06-18 09:24:18 INFO  *******************测试用例testpage开始执行*****************
2013-06-18 09:24:21 INFO  [Case:Method=>testpage]初始化了浏览器PhantomJS来进行自动化测试
2013-06-18 09:24:21 INFO  XML的资源的根元素是browser
2013-06-18 09:24:21 INFO  收集了页面[百度首页]的元素资源
2013-06-18 09:25:46 INFO  *******************测试用例testpage开始执行*****************
2013-06-18 09:25:49 INFO  [Case:Method=>testpage]初始化了浏览器PhantomJS来进行自动化测试
2013-06-18 09:25:49 INFO  XML的资源的根元素是browser
2013-06-18 09:25:49 INFO  收集了页面[百度首页]的元素资源
2013-06-18 09:34:41 INFO  *******************测试用例testpage开始执行*****************
2013-06-18 09:34:44 INFO  [Case:Method=>testpage]初始化了浏览器PhantomJS来进行自动化测试
2013-06-18 09:34:44 INFO  XML的资源的根元素是browser
2013-06-18 09:34:44 INFO  收集了页面[百度首页]的元素资源
2013-06-18 09:35:39 INFO  *******************测试用例testpage开始执行*****************
2013-06-18 09:35:41 INFO  [Case:Method=>testpage]初始化了浏览器PhantomJS来进行自动化测试
2013-06-18 09:35:41 INFO  XML的资源的根元素是browser
2013-06-18 09:35:41 INFO  收集了页面[百度首页]的元素资源
2013-06-18 09:40:21 INFO  *******************测试用例testpage开始执行*****************
2013-06-18 09:40:25 INFO  [Case:Method=>testpage]初始化了浏览器PhantomJS来进行自动化测试
2013-06-18 09:40:25 INFO  XML的资源的根元素是browser
2013-06-18 09:40:25 INFO  收集了页面[百度首页]的元素资源
2013-06-18 09:48:05 INFO  *******************测试用例testpage开始执行*****************
2013-06-18 09:48:09 INFO  [Case:Method=>testpage]初始化了浏览器PhantomJS来进行自动化测试
2013-06-18 09:48:10 INFO  XML的资源的根元素是browser
2013-06-18 09:48:10 INFO  收集了页面[百度首页]的元素资源
2013-06-18 09:53:22 INFO  *******************测试用例testpage开始执行*****************
2013-06-18 09:53:30 INFO  [Case:Method=>testpage]初始化了浏览器PhantomJS来进行自动化测试
2013-06-18 09:53:31 INFO  XML的资源的根元素是browser
2013-06-18 09:53:31 INFO  收集了页面[百度首页]的元素资源
2013-06-18 10:07:10 INFO  *******************测试用例testpage开始执行*****************
2013-06-18 10:07:15 INFO  [Case:Method=>testpage]初始化了浏览器PhantomJS来进行自动化测试
2013-06-18 10:07:16 INFO  XML的资源的根元素是browser
2013-06-18 10:07:16 INFO  收集了页面[百度首页]的元素资源
2013-06-18 10:14:19 INFO  *******************测试用例testpage开始执行*****************
2013-06-18 10:14:24 INFO  [Case:Method=>testpage]初始化了浏览器PhantomJS来进行自动化测试
2013-06-18 10:14:24 INFO  XML的资源的根元素是browser
2013-06-18 10:14:24 INFO  收集了页面[百度首页]的元素资源
2013-06-18 10:21:24 INFO  *******************测试用例testpage开始执行*****************
2013-06-18 10:21:29 INFO  [Case:Method=>testpage]初始化了浏览器PhantomJS来进行自动化测试
2013-06-18 10:21:30 INFO  XML的资源的根元素是browser
2013-06-18 10:21:30 INFO  收集了页面[百度首页]的元素资源
2013-06-18 10:21:30 INFO  搜集了Page[百度首页]元素百度首页-搜索框
2013-06-18 10:21:30 INFO  搜集了Page[百度首页]元素百度首页-搜索按钮
2013-06-18 10:21:30 INFO  XML的资源的根元素是browser
2013-06-18 10:21:30 INFO  收集了页面[百度首页]的元素资源
2013-06-18 10:21:30 INFO  搜集了Page[百度首页]元素百度首页-搜索框
2013-06-18 10:21:30 INFO  搜集了Page[百度首页]元素百度首页-搜索按钮
2013-06-18 10:22:36 INFO  *******************测试用例testpage开始执行*****************
2013-06-18 10:22:39 INFO  [Case:Method=>testpage]初始化了浏览器PhantomJS来进行自动化测试
2013-06-18 10:22:40 INFO  XML的资源的根元素是browser
2013-06-18 10:22:40 INFO  收集了页面[百度首页]的元素资源
2013-06-18 10:22:40 INFO  搜集了Page[百度首页]元素百度首页-搜索框
2013-06-18 10:22:40 INFO  搜集了Page[百度首页]元素百度首页-搜索按钮
2013-06-18 10:22:40 INFO  XML的资源的根元素是browser
2013-06-18 10:22:40 INFO  收集了页面[百度首页]的元素资源
2013-06-18 10:22:40 INFO  搜集了Page[百度首页]元素百度首页-搜索框
2013-06-18 10:22:40 INFO  搜集了Page[百度首页]元素百度首页-搜索按钮
2013-06-18 10:22:40 ERROR 在转化元素的时候出现了错误，给出的临时元素并不能够转化为网页的元素，请仔细检查元素的定义
2013-06-18 10:30:14 INFO  *******************测试用例testpage开始执行*****************
2013-06-18 10:30:21 INFO  [Case:Method=>testpage]初始化了浏览器PhantomJS来进行自动化测试
2013-06-18 10:30:21 INFO  XML的资源的根元素是browser
2013-06-18 10:30:21 INFO  收集了页面[百度首页]的元素资源
2013-06-18 10:30:21 INFO  搜集了Page[百度首页]元素->百度首页-搜索框
2013-06-18 10:30:21 INFO  搜集了Page[百度首页]元素->百度首页-搜索按钮
2013-06-18 10:30:21 INFO  XML的资源的根元素是browser
2013-06-18 10:30:21 INFO  收集了页面[百度首页]的元素资源
2013-06-18 10:30:21 INFO  搜集了Page[百度首页]元素->百度首页-搜索框
2013-06-18 10:30:21 INFO  搜集了Page[百度首页]元素->百度首页-搜索按钮
2013-06-18 10:30:21 ERROR 在转化元素的时候出现了错误，给出的临时元素并不能够转化为网页的元素，请仔细检查元素的定义
2013-06-18 10:35:48 INFO  *******************测试用例testpage开始执行*****************
2013-06-18 10:35:52 INFO  [Case:Method=>testpage]初始化了浏览器PhantomJS来进行自动化测试
2013-06-18 10:35:53 INFO  [Case:Method=>testpage]窗口的句柄数增多，进行句柄收集操作
2013-06-18 10:35:53 INFO  [Case:Method=>testpage]添加了新的窗口信息->百度一下，你就知道
2013-06-18 10:35:53 INFO  [Case:Method=>testpage]当前初始化页面信息：URL--->http://www.baidu.com/
2013-06-18 10:35:53 INFO  [Case:Method=>testpage]当前初始化页面信息：Title--->百度一下，你就知道
2013-06-18 10:35:53 INFO  [Case:Method=>testpage]当前初始化页面信息：窗口句柄数--->1
2013-06-18 10:35:54 INFO  XML的资源的根元素是browser
2013-06-18 10:35:54 INFO  收集了页面[百度首页]的元素资源
2013-06-18 10:35:54 INFO  搜集了Page[百度首页]元素->百度首页-搜索框
2013-06-18 10:35:54 INFO  搜集了Page[百度首页]元素->百度首页-搜索按钮
2013-06-18 10:35:54 INFO  XML的资源的根元素是browser
2013-06-18 10:35:54 INFO  收集了页面[百度首页]的元素资源
2013-06-18 10:35:54 INFO  搜集了Page[百度首页]元素->百度首页-搜索框
2013-06-18 10:35:54 INFO  搜集了Page[百度首页]元素->百度首页-搜索按钮
2013-06-18 10:35:54 INFO  [Case:Method=>testpage][百度首页-搜索框]输入[北京]值操作成功
2013-06-18 10:35:55 INFO  [Case:Method=>testpage][百度首页-搜索按钮]点击操作成功
2013-06-18 10:35:55 INFO  [Case:Method=>testpage]当前页面发生了变化，切换到了新的页面--->北京_百度搜索
2013-06-18 10:35:56 INFO  [Case:Method=>testpage]关闭了浏览器
2013-06-18 10:35:56 INFO  *******************测试用例testpage执行结束****************
2013-06-18 10:38:45 INFO  *******************测试用例testpage开始执行*****************
2013-06-18 10:38:48 INFO  [Case:Method=>testpage]初始化了浏览器PhantomJS来进行自动化测试
2013-06-18 10:38:49 INFO  [Case:Method=>testpage]窗口的句柄数增多，进行句柄收集操作
2013-06-18 10:38:49 INFO  [Case:Method=>testpage]添加了新的窗口信息->百度一下，你就知道
2013-06-18 10:38:49 INFO  [Case:Method=>testpage]当前初始化页面信息：URL--->http://www.baidu.com/
2013-06-18 10:38:49 INFO  [Case:Method=>testpage]当前初始化页面信息：Title--->百度一下，你就知道
2013-06-18 10:38:49 INFO  [Case:Method=>testpage]当前初始化页面信息：窗口句柄数--->1
2013-06-18 10:38:49 INFO  XML的资源的根元素是browser
2013-06-18 10:38:49 INFO  收集了页面[百度首页]的元素资源
2013-06-18 10:38:49 INFO  收集了Page[百度首页]元素->百度首页-搜索框
2013-06-18 10:38:49 INFO  收集了Page[百度首页]元素->百度首页-搜索按钮
2013-06-18 10:38:49 INFO  XML的资源的根元素是browser
2013-06-18 10:38:49 INFO  收集了页面[百度首页]的元素资源
2013-06-18 10:38:49 INFO  收集了Page[百度首页]元素->百度首页-搜索框
2013-06-18 10:38:49 INFO  收集了Page[百度首页]元素->百度首页-搜索按钮
2013-06-18 10:38:50 INFO  [Case:Method=>testpage][百度首页-搜索框]输入[北京]值操作成功
2013-06-18 10:38:50 INFO  [Case:Method=>testpage][百度首页-搜索按钮]点击操作成功
2013-06-18 10:38:50 INFO  [Case:Method=>testpage]当前页面发生了变化，切换到了新的页面--->北京_百度搜索
2013-06-18 10:38:51 INFO  [Case:Method=>testpage]关闭了浏览器
2013-06-18 10:38:51 INFO  *******************测试用例testpage执行结束****************
2013-06-18 10:51:28 INFO  *******************测试用例testpage开始执行*****************
2013-06-18 10:51:33 INFO  [Case:Method=>testpage]初始化了浏览器PhantomJS来进行自动化测试
2013-06-18 10:51:34 INFO  [Case:Method=>testpage]窗口的句柄数增多，进行句柄收集操作
2013-06-18 10:51:34 INFO  [Case:Method=>testpage]添加了新的窗口信息->百度一下，你就知道
2013-06-18 10:51:34 INFO  [Case:Method=>testpage]当前初始化页面信息：URL--->http://www.baidu.com/
2013-06-18 10:51:34 INFO  [Case:Method=>testpage]当前初始化页面信息：Title--->百度一下，你就知道
2013-06-18 10:51:34 INFO  [Case:Method=>testpage]当前初始化页面信息：窗口句柄数--->1
2013-06-18 10:51:34 INFO  收集了页面[百度首页]的元素资源
2013-06-18 10:51:34 INFO  收集了Page[百度首页]元素->百度首页-搜索框
2013-06-18 10:51:34 INFO  收集了Page[百度首页]元素->百度首页-搜索按钮
2013-06-18 10:51:34 INFO  [Case:Method=>testpage][百度首页-搜索框]输入[北京]值操作成功
2013-06-18 10:51:35 INFO  [Case:Method=>testpage][百度首页-搜索按钮]点击操作成功
2013-06-18 10:51:35 INFO  [Case:Method=>testpage]当前页面发生了变化，切换到了新的页面--->北京_百度搜索
2013-06-18 10:51:36 INFO  [Case:Method=>testpage]关闭了浏览器
2013-06-18 10:51:36 INFO  *******************测试用例testpage执行结束****************
2013-06-18 14:50:28 INFO  *******************测试用例testRetry开始执行*****************
2013-06-18 14:54:24 INFO  *******************测试用例testRetry开始执行*****************
2013-06-18 14:54:24 INFO  重新执行失败的方法-->testRetry
2013-06-18 14:54:24 INFO  *******************测试用例testRetry执行结束****************
2013-06-18 14:55:59 INFO  *******************测试用例testRetry开始执行*****************
2013-06-18 14:55:59 INFO  重新执行失败的方法-->testRetry
2013-06-18 14:55:59 INFO  *******************测试用例testRetry执行结束****************
2013-06-18 14:58:17 INFO  *******************测试用例testRetry开始执行*****************
2013-06-18 14:58:17 INFO  重新执行失败的方法-->testRetry
2013-06-18 14:58:17 INFO  *******************测试用例testRetry执行结束****************
2013-06-18 15:00:02 INFO  *******************测试用例testRetry开始执行*****************
2013-06-18 15:00:02 INFO  重新执行失败的方法-->testRetry
2013-06-18 15:02:06 INFO  *******************测试用例testRetry开始执行*****************
2013-06-18 15:02:06 ERROR 异常信息->null
2013-06-18 15:02:06 INFO  用例执行失败，重新执行失败的方法-->testRetry
2013-06-18 15:02:06 ERROR 异常信息->null
2013-06-18 15:02:40 INFO  *******************测试用例testRetry开始执行*****************
2013-06-18 15:02:40 ERROR 异常信息->这是一个测试类的异常
2013-06-18 15:02:40 INFO  用例执行失败，重新执行失败的方法-->testRetry
2013-06-18 15:02:40 ERROR 异常信息->这是一个测试类的异常
2013-06-18 15:03:20 INFO  *******************测试用例testRetry开始执行*****************
2013-06-18 15:03:20 ERROR 异常信息->这是一个测试类的异常
2013-06-18 15:03:20 INFO  用例执行失败，重新执行失败的方法-->testRetry
2013-06-18 15:03:20 ERROR 异常信息->这是一个测试类的异常
2013-06-18 15:03:41 INFO  *******************测试用例testRetry开始执行*****************
2013-06-18 15:03:41 ERROR 异常信息->这是一个测试类的异常
2013-06-18 15:03:41 INFO  用例执行失败，重新执行失败的方法-->testRetry
2013-06-18 15:03:41 ERROR 异常信息->这是一个测试类的异常
2013-06-18 15:05:17 INFO  *******************测试用例testRetry开始执行*****************
2013-06-18 15:05:17 ERROR 异常信息->这是一个测试类的异常
2013-06-18 15:05:17 INFO  用例执行失败，重新执行失败的方法-->testRetry
2013-06-18 15:05:17 ERROR 异常信息->这是一个测试类的异常
2013-06-18 15:06:54 INFO  *******************测试用例testRetry开始执行*****************
2013-06-18 15:06:54 ERROR 异常信息->这是一个测试类的异常
2013-06-18 15:06:54 INFO  用例执行失败，重新执行失败的方法-->testRetry
2013-06-18 15:06:54 ERROR 异常信息->这是一个测试类的异常
2013-06-18 15:08:45 INFO  *******************测试用例testRetry开始执行*****************
2013-06-18 15:08:45 ERROR 异常信息->这是一个测试类的异常
2013-06-18 15:08:45 INFO  用例执行失败，重新执行失败的方法-->testRetry
2013-06-18 15:08:45 ERROR 异常信息->这是一个测试类的异常
2013-06-18 15:09:11 INFO  *******************测试用例testRetry开始执行*****************
2013-06-18 15:09:11 ERROR 异常信息->这是一个测试类的异常
2013-06-18 15:09:11 INFO  用例执行失败，重新执行失败的方法-->testRetry
2013-06-18 15:09:11 ERROR 异常信息->这是一个测试类的异常
2013-06-18 15:09:11 INFO  用例执行失败，重新执行失败的方法-->testRetry
2013-06-18 15:09:11 ERROR 异常信息->这是一个测试类的异常
2013-06-18 15:10:13 INFO  *******************测试用例testRetry开始执行*****************
2013-06-18 15:10:13 ERROR 异常信息->这是一个测试类的异常
2013-06-18 15:10:13 INFO  用例执行失败，重新执行失败的方法-->testRetry
2013-06-18 15:10:13 ERROR 异常信息->这是一个测试类的异常
2013-06-18 15:10:51 INFO  *******************测试用例testRetry开始执行*****************
2013-06-18 15:10:51 ERROR 异常信息->这是一个测试类的异常
2013-06-18 15:11:11 INFO  这个case执行失败的话会被重新执行2次
2013-06-18 15:11:11 INFO  *******************测试用例testRetry开始执行*****************
2013-06-18 15:11:11 ERROR 异常信息->这是一个测试类的异常
2013-06-18 15:11:11 INFO  用例执行失败，重新执行失败的方法-->testRetry
2013-06-18 15:11:11 ERROR 异常信息->这是一个测试类的异常
2013-06-18 15:11:11 INFO  用例执行失败，重新执行失败的方法-->testRetry
2013-06-18 15:11:11 ERROR 异常信息->这是一个测试类的异常
2013-06-18 15:13:37 INFO  *******************测试用例testRetry开始执行*****************
2013-06-18 15:13:37 ERROR 异常信息->这是一个测试类的异常
2013-06-18 15:13:56 INFO  *******************测试用例testRetry开始执行*****************
2013-06-18 15:13:56 ERROR 异常信息->这是一个测试类的异常
2013-06-18 15:14:26 INFO  *******************测试用例testRetry开始执行*****************
2013-06-18 15:14:26 ERROR 异常信息->这是一个测试类的异常
2013-06-18 15:15:52 INFO  这个case执行失败的话会被重新执行2次
2013-06-18 15:15:52 INFO  *******************测试用例testRetry开始执行*****************
2013-06-18 15:15:52 ERROR 异常信息->这是一个测试类的异常
2013-06-18 15:15:52 INFO  用例执行失败，重新执行失败的方法-->testRetry
2013-06-18 15:15:52 ERROR 异常信息->这是一个测试类的异常
2013-06-18 15:15:52 INFO  用例执行失败，重新执行失败的方法-->testRetry
2013-06-18 15:15:52 ERROR 异常信息->这是一个测试类的异常
2013-06-18 15:16:33 INFO  这个case执行失败的话会被重新执行2次
2013-06-18 15:16:33 INFO  *******************测试用例testRetry开始执行*****************
2013-06-18 15:16:33 ERROR 异常信息->这是一个测试类的异常
2013-06-18 15:16:33 INFO  用例执行失败，重新执行失败的方法-->testRetry
2013-06-18 15:16:33 ERROR 异常信息->这是一个测试类的异常
2013-06-18 15:16:33 INFO  用例执行失败，重新执行失败的方法-->testRetry
2013-06-18 15:16:33 ERROR 异常信息->这是一个测试类的异常
2013-06-18 15:17:16 INFO  这个case执行失败的话会被重新执行2次
2013-06-18 15:17:16 INFO  *******************测试用例testRetry开始执行*****************
2013-06-18 15:17:16 ERROR 异常信息->这是一个测试类的异常
2013-06-18 15:17:16 INFO  用例执行失败，重新执行失败的方法-->testRetry
2013-06-18 15:17:16 ERROR 异常信息->这是一个测试类的异常
2013-06-18 15:17:16 INFO  用例执行失败，重新执行失败的方法-->testRetry
2013-06-18 15:17:16 ERROR 异常信息->这是一个测试类的异常
2013-06-18 15:17:36 INFO  *******************测试用例testRetry开始执行*****************
2013-06-18 15:17:36 ERROR 异常信息->这是一个测试类的异常
2013-06-18 15:18:16 INFO  这个case执行失败的话会被重新执行2次
2013-06-18 15:18:16 INFO  *******************测试用例testRetry开始执行*****************
2013-06-18 15:18:16 ERROR 异常信息->这是一个测试类的异常
2013-06-18 15:18:16 INFO  用例执行失败，重新执行失败的方法-->testRetry
2013-06-18 15:18:16 ERROR 异常信息->这是一个测试类的异常
2013-06-18 15:18:16 INFO  用例执行失败，重新执行失败的方法-->testRetry
2013-06-18 15:18:16 ERROR 异常信息->这是一个测试类的异常
2013-06-18 15:19:21 INFO  这个case执行失败的话会被重新执行2次
2013-06-18 15:19:21 INFO  *******************测试用例testRetry开始执行*****************
2013-06-18 15:19:21 ERROR 异常信息->这是一个测试类的异常
2013-06-18 15:19:21 INFO  用例执行失败，重新执行失败的方法-->testRetry
2013-06-18 15:19:21 ERROR 异常信息->这是一个测试类的异常
2013-06-18 15:19:21 INFO  用例执行失败，重新执行失败的方法-->testRetry
2013-06-18 15:19:21 ERROR 异常信息->这是一个测试类的异常
2013-06-18 15:19:49 INFO  >>>>>>testRetry>>>这个case执行失败的话会被重新执行2次
2013-06-18 15:19:49 INFO  *******************测试用例testRetry开始执行*****************
2013-06-18 15:19:49 ERROR 异常信息->这是一个测试类的异常
2013-06-18 15:19:49 INFO  用例执行失败，重新执行失败的方法-->testRetry
2013-06-18 15:19:49 ERROR 异常信息->这是一个测试类的异常
2013-06-18 15:19:49 INFO  用例执行失败，重新执行失败的方法-->testRetry
2013-06-18 15:19:49 ERROR 异常信息->这是一个测试类的异常
2013-06-18 15:49:00 INFO  >>>>>>[testRetry]>>>这个case执行失败的话会被重新执行2次
2013-06-18 15:49:00 INFO  *******************测试用例[testRetry]开始执行*****************
2013-06-18 15:49:01 ERROR 执行失败了,异常信息->这是一个测试类的异常
2013-06-18 15:49:01 INFO  用例执行失败，重新执行失败的方法-->testRetry
2013-06-18 15:49:01 ERROR 执行失败了,异常信息->这是一个测试类的异常
2013-06-18 15:49:01 INFO  用例执行失败，重新执行失败的方法-->testRetry
2013-06-18 15:49:01 ERROR 执行失败了,异常信息->这是一个测试类的异常
2013-06-18 15:49:13 INFO  *******************测试用例[frameFunctionTest]开始执行*****************
2013-06-18 15:49:21 INFO  [Case:Method=>frameFunctionTest]初始化了浏览器PhantomJS来进行自动化测试
2013-06-18 15:49:24 INFO  [Case:Method=>frameFunctionTest]窗口的句柄数增多，进行句柄收集操作
2013-06-18 15:49:24 INFO  [Case:Method=>frameFunctionTest]添加了新的窗口信息->笔记本报价,笔记本推荐,笔记本哪个牌子好-IT168产品报价
2013-06-18 15:49:24 INFO  [Case:Method=>frameFunctionTest]当前初始化页面信息：URL--->http://product.it168.com/list/b/0301_1.shtml
2013-06-18 15:49:24 INFO  [Case:Method=>frameFunctionTest]当前初始化页面信息：Title--->笔记本报价,笔记本推荐,笔记本哪个牌子好-IT168产品报价
2013-06-18 15:49:24 INFO  [Case:Method=>frameFunctionTest]当前初始化页面信息：窗口句柄数--->1
2013-06-18 15:49:28 INFO  [Case:Method=>frameFunctionTest][By.xpath: .//*[@id='title4']]点击操作成功
2013-06-18 15:49:29 INFO  [Case:Method=>frameFunctionTest]关闭了浏览器
2013-06-18 15:49:29 INFO  *******************测试用例[frameFunctionTest]执行结束****************
2013-06-18 15:50:48 INFO  *******************测试用例[frameFunctionTest]开始执行*****************
2013-06-18 15:50:51 INFO  [Case:Method=>frameFunctionTest]初始化了浏览器PhantomJS来进行自动化测试
2013-06-18 15:50:52 INFO  [Case:Method=>frameFunctionTest]窗口的句柄数增多，进行句柄收集操作
2013-06-18 15:50:52 INFO  [Case:Method=>frameFunctionTest]添加了新的窗口信息->笔记本报价,笔记本推荐,笔记本哪个牌子好-IT168产品报价
2013-06-18 15:50:52 INFO  [Case:Method=>frameFunctionTest]当前初始化页面信息：URL--->http://product.it168.com/list/b/0301_1.shtml
2013-06-18 15:50:52 INFO  [Case:Method=>frameFunctionTest]当前初始化页面信息：Title--->笔记本报价,笔记本推荐,笔记本哪个牌子好-IT168产品报价
2013-06-18 15:50:52 INFO  [Case:Method=>frameFunctionTest]当前初始化页面信息：窗口句柄数--->1
2013-06-18 15:50:56 ERROR 执行失败了,异常信息->Error Message => 'Element is not currently visible and may not be manipulated'
 caused by Request => {"headers":{"Accept":"application/json, image/png","Connection":"Keep-Alive","Content-Length":"27","Content-Type":"application/json; charset=utf-8","Host":"localhost:10212"},"httpVersion":"1.1","method":"POST","post":"{\"id\":\":wdc:1371541855352\"}","url":"/click","urlParsed":{"anchor":"","query":"","file":"click","directory":"/","path":"/click","relative":"/click","port":"","host":"","password":"","user":"","userInfo":"","authority":"","protocol":"","source":"/click","queryKey":{},"chunks":["click"]},"urlOriginal":"/session/cbfe6730-d7eb-11e2-982f-0b674d1abd3d/element/%3Awdc%3A1371541855352/click"}
Command duration or timeout: 1.29 seconds
Build info: version: '2.33.0', revision: '4ecaf82108b2a6cc6f006aae81961236eba93358', time: '2013-05-22 12:00:17'
System info: os.name: 'Mac OS X', os.arch: 'x86_64', os.version: '10.8.4', java.version: '1.6.0_45'
Session ID: cbfe6730-d7eb-11e2-982f-0b674d1abd3d
Driver info: org.openqa.selenium.phantomjs.PhantomJSDriver
Capabilities [{platform=MAC, acceptSslCerts=false, javascriptEnabled=true, browserName=phantomjs, rotatable=false, driverVersion=1.0.3, locationContextEnabled=false, version=1.9.1, databaseEnabled=false, cssSelectorsEnabled=true, handlesAlerts=false, browserConnectionEnabled=false, proxy={proxyType=direct}, webStorageEnabled=false, nativeEvents=true, driverName=ghostdriver, applicationCacheEnabled=false, takesScreenshot=true}]
2013-06-18 15:51:49 INFO  *******************测试用例[frameFunctionTest]开始执行*****************
2013-06-18 15:51:52 INFO  [Case:Method=>frameFunctionTest]初始化了浏览器PhantomJS来进行自动化测试
2013-06-18 15:51:53 INFO  [Case:Method=>frameFunctionTest]窗口的句柄数增多，进行句柄收集操作
2013-06-18 15:51:53 INFO  [Case:Method=>frameFunctionTest]添加了新的窗口信息->笔记本报价,笔记本推荐,笔记本哪个牌子好-IT168产品报价
2013-06-18 15:51:53 INFO  [Case:Method=>frameFunctionTest]当前初始化页面信息：URL--->http://product.it168.com/list/b/0301_1.shtml
2013-06-18 15:51:53 INFO  [Case:Method=>frameFunctionTest]当前初始化页面信息：Title--->笔记本报价,笔记本推荐,笔记本哪个牌子好-IT168产品报价
2013-06-18 15:51:53 INFO  [Case:Method=>frameFunctionTest]当前初始化页面信息：窗口句柄数--->1
2013-06-18 15:51:58 INFO  [Case:Method=>frameFunctionTest][By.xpath: .//*[@id='title4']]点击操作成功
2013-06-18 15:51:58 INFO  [Case:Method=>frameFunctionTest]关闭了浏览器
2013-06-18 15:51:58 INFO  *******************测试用例[frameFunctionTest]执行结束****************
2013-06-18 15:52:10 INFO  *******************测试用例[frameFunctionTest]开始执行*****************
2013-06-18 15:52:13 INFO  [Case:Method=>frameFunctionTest]初始化了浏览器PhantomJS来进行自动化测试
2013-06-18 15:52:14 INFO  [Case:Method=>frameFunctionTest]窗口的句柄数增多，进行句柄收集操作
2013-06-18 15:52:14 INFO  [Case:Method=>frameFunctionTest]添加了新的窗口信息->笔记本报价,笔记本推荐,笔记本哪个牌子好-IT168产品报价
2013-06-18 15:52:14 INFO  [Case:Method=>frameFunctionTest]当前初始化页面信息：URL--->http://product.it168.com/list/b/0301_1.shtml
2013-06-18 15:52:14 INFO  [Case:Method=>frameFunctionTest]当前初始化页面信息：Title--->笔记本报价,笔记本推荐,笔记本哪个牌子好-IT168产品报价
2013-06-18 15:52:14 INFO  [Case:Method=>frameFunctionTest]当前初始化页面信息：窗口句柄数--->1
2013-06-18 15:52:18 INFO  [Case:Method=>frameFunctionTest][By.xpath: .//*[@id='title4']]点击操作成功
2013-06-18 15:52:19 INFO  [Case:Method=>frameFunctionTest]关闭了浏览器
2013-06-18 15:52:19 INFO  *******************测试用例[frameFunctionTest]执行结束****************
2013-06-18 15:52:29 INFO  *******************测试用例[frameFunctionTest]开始执行*****************
2013-06-18 15:52:46 INFO  [Case:Method=>frameFunctionTest]初始化了浏览器FIREFOX来进行自动化测试
2013-06-18 15:53:03 INFO  [Case:Method=>frameFunctionTest]窗口的句柄数增多，进行句柄收集操作
2013-06-18 15:53:03 INFO  [Case:Method=>frameFunctionTest]添加了新的窗口信息->笔记本报价,笔记本推荐,笔记本哪个牌子好-IT168产品报价
2013-06-18 15:53:03 INFO  [Case:Method=>frameFunctionTest]当前初始化页面信息：URL--->http://product.it168.com/list/b/0301_1.shtml
2013-06-18 15:53:03 INFO  [Case:Method=>frameFunctionTest]当前初始化页面信息：Title--->笔记本报价,笔记本推荐,笔记本哪个牌子好-IT168产品报价
2013-06-18 15:53:03 INFO  [Case:Method=>frameFunctionTest]当前初始化页面信息：窗口句柄数--->1
2013-06-18 15:53:05 INFO  [Case:Method=>frameFunctionTest][By.xpath: .//*[@id='title4']]点击操作成功
2013-06-18 15:53:06 INFO  [Case:Method=>frameFunctionTest]关闭了浏览器
2013-06-18 15:53:06 INFO  *******************测试用例[frameFunctionTest]执行结束****************
2013-06-18 15:53:47 INFO  *******************测试用例[testpage]开始执行*****************
2013-06-18 15:53:50 INFO  [Case:Method=>testpage]初始化了浏览器PhantomJS来进行自动化测试
2013-06-18 15:53:51 INFO  [Case:Method=>testpage]窗口的句柄数增多，进行句柄收集操作
2013-06-18 15:53:51 INFO  [Case:Method=>testpage]添加了新的窗口信息->百度一下，你就知道
2013-06-18 15:53:51 INFO  [Case:Method=>testpage]当前初始化页面信息：URL--->http://www.baidu.com/
2013-06-18 15:53:51 INFO  [Case:Method=>testpage]当前初始化页面信息：Title--->百度一下，你就知道
2013-06-18 15:53:51 INFO  [Case:Method=>testpage]当前初始化页面信息：窗口句柄数--->1
2013-06-18 15:53:51 INFO  收集了页面[百度首页]的元素资源
2013-06-18 15:53:52 INFO  收集了Page[百度首页]元素->百度首页-搜索框
2013-06-18 15:53:52 INFO  收集了Page[百度首页]元素->百度首页-搜索按钮
2013-06-18 15:53:52 INFO  [Case:Method=>testpage][百度首页-搜索框]输入[北京]值操作成功
2013-06-18 15:53:53 INFO  [Case:Method=>testpage][百度首页-搜索按钮]点击操作成功
2013-06-18 15:53:53 INFO  [Case:Method=>testpage]当前页面发生了变化，切换到了新的页面--->北京_百度搜索
2013-06-18 15:53:53 INFO  [Case:Method=>testpage]关闭了浏览器
2013-06-18 15:53:53 INFO  *******************测试用例[testpage]执行结束****************
2013-06-18 15:55:35 INFO  *******************测试用例[testpage]开始执行*****************
2013-06-18 15:55:37 INFO  [Case:Method=>testpage]初始化了浏览器PhantomJS来进行自动化测试
2013-06-18 15:55:37 INFO  [Case:Method=>testpage]窗口的句柄数增多，进行句柄收集操作
2013-06-18 15:55:37 INFO  [Case:Method=>testpage]添加了新的窗口信息->百度一下，你就知道
2013-06-18 15:55:37 INFO  [Case:Method=>testpage]当前初始化页面信息：URL--->http://www.baidu.com/
2013-06-18 15:55:37 INFO  [Case:Method=>testpage]当前初始化页面信息：Title--->百度一下，你就知道
2013-06-18 15:55:37 INFO  [Case:Method=>testpage]当前初始化页面信息：窗口句柄数--->1
2013-06-18 15:55:37 INFO  收集了页面[百度首页]的元素资源
2013-06-18 15:55:37 INFO  收集了Page[百度首页]元素->百度首页-搜索框
2013-06-18 15:55:37 INFO  收集了Page[百度首页]元素->百度首页-搜索按钮
2013-06-18 15:55:37 INFO  [Case:Method=>testpage][百度首页-搜索框]输入[北京]值操作成功
2013-06-18 15:55:38 INFO  [Case:Method=>testpage][百度首页-搜索按钮]点击操作成功
2013-06-18 15:55:38 INFO  [Case:Method=>testpage]当前页面发生了变化，切换到了新的页面--->北京_百度搜索
2013-06-18 15:55:39 INFO  [Case:Method=>testpage]关闭了浏览器
2013-06-18 15:55:39 INFO  *******************测试用例[testpage]执行结束****************
2013-06-18 15:55:58 INFO  >>>>>>[testRetry]>>>这个case执行失败的话会被重新执行2次
2013-06-18 15:55:58 INFO  *******************测试用例[testRetry]开始执行*****************
2013-06-18 15:55:58 INFO  *******************测试用例[testRetry]执行结束****************
2013-06-18 15:58:53 INFO  *******************测试用例[frameFunctionTest]开始执行*****************
2013-06-18 15:59:06 INFO  [Case:Method=>frameFunctionTest]初始化了浏览器FIREFOX来进行自动化测试
2013-06-18 15:59:30 INFO  [Case:Method=>frameFunctionTest]窗口的句柄数增多，进行句柄收集操作
2013-06-18 15:59:30 INFO  [Case:Method=>frameFunctionTest]添加了新的窗口信息->笔记本报价,笔记本推荐,笔记本哪个牌子好-IT168产品报价
2013-06-18 15:59:30 INFO  [Case:Method=>frameFunctionTest]当前初始化页面信息：URL--->http://product.it168.com/list/b/0301_1.shtml
2013-06-18 15:59:30 INFO  [Case:Method=>frameFunctionTest]当前初始化页面信息：Title--->笔记本报价,笔记本推荐,笔记本哪个牌子好-IT168产品报价
2013-06-18 15:59:30 INFO  [Case:Method=>frameFunctionTest]当前初始化页面信息：窗口句柄数--->1
2013-06-18 15:59:30 INFO  解析frame元素消费了-->23毫秒
2013-06-18 15:59:30 INFO  解析frame元素消费了-->71毫秒
2013-06-18 15:59:31 INFO  [Case:Method=>frameFunctionTest][By.xpath: .//*[@id='title4']]点击操作成功
2013-06-18 15:59:33 INFO  [Case:Method=>frameFunctionTest]关闭了浏览器
2013-06-18 15:59:33 INFO  *******************测试用例[frameFunctionTest]执行结束****************
2013-06-18 16:06:14 INFO  *******************测试用例[frameFunctionTest]开始执行*****************
2013-06-18 16:06:17 INFO  [Case:Method=>frameFunctionTest]初始化了浏览器PhantomJS来进行自动化测试
2013-06-18 16:06:18 INFO  [Case:Method=>frameFunctionTest]窗口的句柄数增多，进行句柄收集操作
2013-06-18 16:06:18 INFO  [Case:Method=>frameFunctionTest]添加了新的窗口信息->笔记本报价,笔记本推荐,笔记本哪个牌子好-IT168产品报价
2013-06-18 16:06:18 INFO  [Case:Method=>frameFunctionTest]当前初始化页面信息：URL--->http://product.it168.com/list/b/0301_1.shtml
2013-06-18 16:06:18 INFO  [Case:Method=>frameFunctionTest]当前初始化页面信息：Title--->笔记本报价,笔记本推荐,笔记本哪个牌子好-IT168产品报价
2013-06-18 16:06:18 INFO  [Case:Method=>frameFunctionTest]当前初始化页面信息：窗口句柄数--->1
2013-06-18 16:06:21 INFO  解析frame元素消费了-->18毫秒,每次打印的时间意味着此方法访问了一次frame，在此过程中会通过递归的方式来进行查找元素，消费的总时间应该是所有的消费时间的总和。此日志的记录是为了防止因为访问frame性能影响脚本运行
2013-06-18 16:06:21 INFO  解析frame元素消费了-->66毫秒,每次打印的时间意味着此方法访问了一次frame，在此过程中会通过递归的方式来进行查找元素，消费的总时间应该是所有的消费时间的总和。此日志的记录是为了防止因为访问frame性能影响脚本运行
2013-06-18 16:06:22 ERROR 执行失败了,异常信息->Error Message => 'Element is not currently visible and may not be manipulated'
 caused by Request => {"headers":{"Accept":"application/json, image/png","Connection":"Keep-Alive","Content-Length":"27","Content-Type":"application/json; charset=utf-8","Host":"localhost:18369"},"httpVersion":"1.1","method":"POST","post":"{\"id\":\":wdc:1371542781043\"}","url":"/click","urlParsed":{"anchor":"","query":"","file":"click","directory":"/","path":"/click","relative":"/click","port":"","host":"","password":"","user":"","userInfo":"","authority":"","protocol":"","source":"/click","queryKey":{},"chunks":["click"]},"urlOriginal":"/session/f3e37f90-d7ed-11e2-8b3e-45c56ec941b3/element/%3Awdc%3A1371542781043/click"}
Command duration or timeout: 1.32 seconds
Build info: version: '2.33.0', revision: '4ecaf82108b2a6cc6f006aae81961236eba93358', time: '2013-05-22 12:00:17'
System info: os.name: 'Mac OS X', os.arch: 'x86_64', os.version: '10.8.4', java.version: '1.6.0_45'
Session ID: f3e37f90-d7ed-11e2-8b3e-45c56ec941b3
Driver info: org.openqa.selenium.phantomjs.PhantomJSDriver
Capabilities [{platform=MAC, acceptSslCerts=false, javascriptEnabled=true, browserName=phantomjs, rotatable=false, driverVersion=1.0.3, locationContextEnabled=false, version=1.9.1, databaseEnabled=false, cssSelectorsEnabled=true, handlesAlerts=false, browserConnectionEnabled=false, proxy={proxyType=direct}, webStorageEnabled=false, nativeEvents=true, driverName=ghostdriver, applicationCacheEnabled=false, takesScreenshot=true}]
2013-06-18 16:07:33 INFO  *******************测试用例[frameFunctionTest]开始执行*****************
2013-06-18 16:07:36 INFO  [Case:Method=>frameFunctionTest]初始化了浏览器PhantomJS来进行自动化测试
2013-06-18 16:07:38 INFO  [Case:Method=>frameFunctionTest]窗口的句柄数增多，进行句柄收集操作
2013-06-18 16:07:38 INFO  [Case:Method=>frameFunctionTest]添加了新的窗口信息->笔记本报价,笔记本推荐,笔记本哪个牌子好-IT168产品报价
2013-06-18 16:07:38 INFO  [Case:Method=>frameFunctionTest]当前初始化页面信息：URL--->http://product.it168.com/list/b/0301_1.shtml
2013-06-18 16:07:38 INFO  [Case:Method=>frameFunctionTest]当前初始化页面信息：Title--->笔记本报价,笔记本推荐,笔记本哪个牌子好-IT168产品报价
2013-06-18 16:07:38 INFO  [Case:Method=>frameFunctionTest]当前初始化页面信息：窗口句柄数--->1
2013-06-18 16:07:41 INFO  解析frame元素消费了-->21毫秒,每次打印的时间意味着此方法访问了一次frame，在此过程中会通过递归的方式来进行查找元素，消费的总时间应该是所有的消费时间的总和。此日志的记录是为了防止因为访问frame性能影响脚本运行
2013-06-18 16:07:41 INFO  解析frame元素消费了-->79毫秒,每次打印的时间意味着此方法访问了一次frame，在此过程中会通过递归的方式来进行查找元素，消费的总时间应该是所有的消费时间的总和。此日志的记录是为了防止因为访问frame性能影响脚本运行
2013-06-18 16:07:42 INFO  [Case:Method=>frameFunctionTest][By.xpath: .//*[@id='title4']]点击操作成功
2013-06-18 16:07:42 INFO  [Case:Method=>frameFunctionTest]关闭了浏览器
2013-06-18 16:07:42 INFO  *******************测试用例[frameFunctionTest]执行结束****************
2013-06-18 16:10:07 INFO  *******************测试用例[testpage]开始执行*****************
2013-06-18 16:10:10 INFO  [Case:Method=>testpage]初始化了浏览器PhantomJS来进行自动化测试
2013-06-18 16:10:10 INFO  [Case:Method=>testpage]窗口的句柄数增多，进行句柄收集操作
2013-06-18 16:10:10 INFO  [Case:Method=>testpage]添加了新的窗口信息->百度一下，你就知道
2013-06-18 16:10:10 INFO  [Case:Method=>testpage]当前初始化页面信息：URL--->http://www.baidu.com/
2013-06-18 16:10:10 INFO  [Case:Method=>testpage]当前初始化页面信息：Title--->百度一下，你就知道
2013-06-18 16:10:10 INFO  [Case:Method=>testpage]当前初始化页面信息：窗口句柄数--->1
2013-06-18 16:10:10 INFO  收集了页面[百度首页]的元素资源
2013-06-18 16:12:16 INFO  *******************测试用例[testpage]开始执行*****************
2013-06-18 16:12:23 INFO  [Case:Method=>testpage]初始化了浏览器PhantomJS来进行自动化测试
2013-06-18 16:12:24 INFO  [Case:Method=>testpage]窗口的句柄数增多，进行句柄收集操作
2013-06-18 16:12:24 INFO  [Case:Method=>testpage]添加了新的窗口信息->百度一下，你就知道
2013-06-18 16:12:24 INFO  [Case:Method=>testpage]当前初始化页面信息：URL--->http://www.baidu.com/
2013-06-18 16:12:24 INFO  [Case:Method=>testpage]当前初始化页面信息：Title--->百度一下，你就知道
2013-06-18 16:12:24 INFO  [Case:Method=>testpage]当前初始化页面信息：窗口句柄数--->1
2013-06-18 16:12:24 INFO  收集了页面[百度首页]的元素资源
2013-06-18 16:12:24 INFO  收集了Page[百度首页]元素->百度首页-搜索框
2013-06-18 16:12:24 INFO  收集了Page[百度首页]元素->百度首页-搜索按钮
2013-06-18 16:12:24 INFO  解析frame元素消费了-->0毫秒,每次打印的时间意味着此方法访问了一次frame，在此过程中会通过递归的方式来进行查找元素，消费的总时间应该是所有的消费时间的总和。此日志的记录是为了防止因为访问frame性能影响脚本运行
2013-06-18 16:12:24 ERROR 执行失败了,异常信息->null
2013-06-18 16:15:36 INFO  *******************测试用例[testpage]开始执行*****************
2013-06-18 16:15:41 INFO  [Case:Method=>testpage]初始化了浏览器PhantomJS来进行自动化测试
2013-06-18 16:15:42 INFO  [Case:Method=>testpage]窗口的句柄数增多，进行句柄收集操作
2013-06-18 16:15:42 INFO  [Case:Method=>testpage]添加了新的窗口信息->百度一下，你就知道
2013-06-18 16:15:42 INFO  [Case:Method=>testpage]当前初始化页面信息：URL--->http://www.baidu.com/
2013-06-18 16:15:42 INFO  [Case:Method=>testpage]当前初始化页面信息：Title--->百度一下，你就知道
2013-06-18 16:15:42 INFO  [Case:Method=>testpage]当前初始化页面信息：窗口句柄数--->1
2013-06-18 16:15:42 INFO  收集了页面[百度首页]的元素资源
2013-06-18 16:15:43 ERROR tagName这种定位方式不存在，请选择正确的定位方式
2013-06-18 16:15:43 ERROR 用例执行失败了,异常信息->tagName这种定位方式不存在，请选择正确的定位方式
2013-06-18 16:17:30 INFO  *******************测试用例[testpage]开始执行*****************
2013-06-18 16:17:36 INFO  [Case:Method=>testpage]初始化了浏览器PhantomJS来进行自动化测试
2013-06-18 16:17:36 INFO  [Case:Method=>testpage]窗口的句柄数增多，进行句柄收集操作
2013-06-18 16:17:36 INFO  [Case:Method=>testpage]添加了新的窗口信息->百度一下，你就知道
2013-06-18 16:17:36 INFO  [Case:Method=>testpage]当前初始化页面信息：URL--->http://www.baidu.com/
2013-06-18 16:17:36 INFO  [Case:Method=>testpage]当前初始化页面信息：Title--->百度一下，你就知道
2013-06-18 16:17:36 INFO  [Case:Method=>testpage]当前初始化页面信息：窗口句柄数--->1
2013-06-18 16:17:36 INFO  收集了页面[百度首页]的元素资源
2013-06-18 16:17:37 INFO  收集了Page[百度首页]元素->百度首页-搜索框
2013-06-18 16:17:37 INFO  收集了Page[百度首页]元素->百度首页-搜索按钮
2013-06-18 16:17:37 INFO  [Case:Method=>testpage][百度首页-搜索框]输入[北京]值操作成功
2013-06-18 16:17:38 INFO  [Case:Method=>testpage][百度首页-搜索按钮]点击操作成功
2013-06-18 16:17:38 INFO  [Case:Method=>testpage]当前页面发生了变化，切换到了新的页面--->北京_百度搜索
2013-06-18 16:17:38 INFO  [Case:Method=>testpage]关闭了浏览器
2013-06-18 16:17:38 INFO  *******************测试用例[testpage]执行结束****************
2013-06-18 16:18:31 INFO  *******************测试用例[testpage]开始执行*****************
2013-06-18 16:18:47 INFO  [Case:Method=>testpage]初始化了浏览器FIREFOX来进行自动化测试
2013-06-18 16:19:00 INFO  [Case:Method=>testpage]窗口的句柄数增多，进行句柄收集操作
2013-06-18 16:19:00 INFO  [Case:Method=>testpage]添加了新的窗口信息->百度一下，你就知道
2013-06-18 16:19:00 INFO  [Case:Method=>testpage]当前初始化页面信息：URL--->http://www.baidu.com/
2013-06-18 16:19:00 INFO  [Case:Method=>testpage]当前初始化页面信息：Title--->百度一下，你就知道
2013-06-18 16:19:00 INFO  [Case:Method=>testpage]当前初始化页面信息：窗口句柄数--->1
2013-06-18 16:19:01 INFO  收集了页面[百度首页]的元素资源
2013-06-18 16:19:01 INFO  收集了Page[百度首页]元素->百度首页-搜索框
2013-06-18 16:19:01 INFO  收集了Page[百度首页]元素->百度首页-搜索按钮
2013-06-18 16:19:01 INFO  [Case:Method=>testpage][百度首页-搜索框]输入[北京]值操作成功
2013-06-18 16:19:02 INFO  [Case:Method=>testpage][百度首页-搜索按钮]点击操作成功
2013-06-18 16:19:02 INFO  [Case:Method=>testpage]当前页面发生了变化，切换到了新的页面--->北京_百度搜索
2013-06-18 16:19:03 INFO  [Case:Method=>testpage]关闭了浏览器
2013-06-18 16:19:03 INFO  *******************测试用例[testpage]执行结束****************
2013-06-18 16:19:17 INFO  *******************测试用例[testpage]开始执行*****************
2013-06-18 16:19:30 INFO  [Case:Method=>testpage]初始化了浏览器FIREFOX来进行自动化测试
2013-06-18 16:19:44 INFO  [Case:Method=>testpage]窗口的句柄数增多，进行句柄收集操作
2013-06-18 16:19:44 INFO  [Case:Method=>testpage]添加了新的窗口信息->百度一下，你就知道
2013-06-18 16:19:44 INFO  [Case:Method=>testpage]当前初始化页面信息：URL--->http://www.baidu.com/
2013-06-18 16:19:44 INFO  [Case:Method=>testpage]当前初始化页面信息：Title--->百度一下，你就知道
2013-06-18 16:19:44 INFO  [Case:Method=>testpage]当前初始化页面信息：窗口句柄数--->1
2013-06-18 16:19:44 INFO  收集了页面[百度首页]的元素资源
2013-06-18 16:19:45 INFO  收集了Page[百度首页]元素->百度首页-搜索框
2013-06-18 16:19:45 INFO  收集了Page[百度首页]元素->百度首页-搜索按钮
2013-06-18 16:19:45 INFO  [Case:Method=>testpage][百度首页-搜索框]输入[北京]值操作成功
2013-06-18 16:19:46 INFO  [Case:Method=>testpage][百度首页-搜索按钮]点击操作成功
2013-06-18 16:19:46 INFO  [Case:Method=>testpage]当前页面发生了变化，切换到了新的页面--->北京_百度搜索
2013-06-18 16:19:46 INFO  [Case:Method=>testpage]关闭了浏览器
2013-06-18 16:19:46 INFO  *******************测试用例[testpage]执行结束****************
2013-06-18 17:47:15 INFO  >>>>>>[testpage]>>>这个case执行失败的话会被重新执行2次
2013-06-18 17:47:15 INFO  *******************测试用例[testpage]开始执行*****************
2013-06-18 17:47:41 INFO  [Case:Method=>testpage]初始化了浏览器FIREFOX来进行自动化测试
2013-06-18 17:47:53 INFO  [Case:Method=>testpage]窗口的句柄数增多，进行句柄收集操作
2013-06-18 17:47:53 INFO  [Case:Method=>testpage]添加了新的窗口信息->百度一下，你就知道
2013-06-18 17:47:53 INFO  [Case:Method=>testpage]当前初始化页面信息：URL--->http://www.baidu.com/
2013-06-18 17:47:53 INFO  [Case:Method=>testpage]当前初始化页面信息：Title--->百度一下，你就知道
2013-06-18 17:47:53 INFO  [Case:Method=>testpage]当前初始化页面信息：窗口句柄数--->1
2013-06-18 17:47:54 INFO  收集了页面[百度首页]的元素资源
2013-06-18 17:47:54 INFO  收集了Page[百度首页]元素->百度首页-搜索框
2013-06-18 17:47:54 INFO  收集了Page[百度首页]元素->百度首页-搜索按钮
2013-06-18 17:47:55 INFO  [Case:Method=>testpage][百度首页-搜索框]输入[北京]值操作成功
2013-06-18 17:47:58 INFO  [Case:Method=>testpage][百度首页-搜索按钮]点击操作成功
2013-06-18 17:47:58 INFO  [Case:Method=>testpage]当前页面发生了变化，切换到了新的页面--->北京_百度搜索
2013-06-18 17:47:59 INFO  [Case:Method=>testpage]关闭了浏览器
2013-06-18 17:48:03 INFO  [Case:Method=>testpage]初始化了浏览器PhantomJS来进行自动化测试
2013-06-18 17:48:04 INFO  [Case:Method=>testpage]窗口的句柄数增多，进行句柄收集操作
2013-06-18 17:48:04 INFO  [Case:Method=>testpage]添加了新的窗口信息->百度一下，你就知道
2013-06-18 17:48:04 INFO  [Case:Method=>testpage]当前初始化页面信息：URL--->http://www.baidu.com/
2013-06-18 17:48:04 INFO  [Case:Method=>testpage]当前初始化页面信息：Title--->百度一下，你就知道
2013-06-18 17:48:04 INFO  [Case:Method=>testpage]当前初始化页面信息：窗口句柄数--->1
2013-06-18 17:48:04 INFO  收集了页面[百度首页]的元素资源
2013-06-18 17:48:04 INFO  收集了Page[百度首页]元素->百度首页-搜索框
2013-06-18 17:48:04 INFO  收集了Page[百度首页]元素->百度首页-搜索按钮
2013-06-18 17:48:04 INFO  [Case:Method=>testpage][百度首页-搜索框]输入[北京]值操作成功
2013-06-18 17:48:05 INFO  [Case:Method=>testpage][百度首页-搜索按钮]点击操作成功
2013-06-18 17:48:05 INFO  [Case:Method=>testpage]当前页面发生了变化，切换到了新的页面--->北京_百度搜索
2013-06-18 17:48:05 INFO  [Case:Method=>testpage]关闭了浏览器
2013-06-18 17:48:05 INFO  *******************测试用例[testpage]执行结束****************
2013-06-18 17:49:08 INFO  *******************测试用例[testSendMail]开始执行*****************
2013-06-18 17:49:11 INFO  [Case:Method=>testSendMail]初始化了浏览器PhantomJS来进行自动化测试
2013-06-18 17:49:11 ERROR 用例执行失败了,异常信息->null
2013-06-18 17:51:37 INFO  *******************测试用例[testSendMail]开始执行*****************
2013-06-18 17:51:40 INFO  [Case:Method=>testSendMail]初始化了浏览器PhantomJS来进行自动化测试
2013-06-18 17:51:40 ERROR 用例执行失败了,异常信息->null
2013-06-18 17:54:33 INFO  *******************测试用例[testSendMail]开始执行*****************
2013-06-18 17:54:36 INFO  [Case:Method=>testSendMail]初始化了浏览器PhantomJS来进行自动化测试
2013-06-18 17:54:36 ERROR 用例执行失败了,异常信息->null
2013-06-18 17:56:31 INFO  *******************测试用例[testSendMail]开始执行*****************
2013-06-18 17:56:52 INFO  [Case:Method=>testSendMail]初始化了浏览器FIREFOX来进行自动化测试
2013-06-18 17:56:52 ERROR 用例执行失败了,异常信息->null
2013-06-18 17:58:19 INFO  *******************测试用例[testSendMail]开始执行*****************
2013-06-18 17:58:33 INFO  [Case:Method=>testSendMail]初始化了浏览器FIREFOX来进行自动化测试
2013-06-18 17:58:35 INFO  [Case:Method=>testSendMail]窗口的句柄数增多，进行句柄收集操作
2013-06-18 17:58:36 INFO  [Case:Method=>testSendMail]添加了新的窗口信息->163网易免费邮--中文邮箱第一品牌
2013-06-18 17:58:36 INFO  [Case:Method=>testSendMail]当前初始化页面信息：URL--->http://mail.163.com/
2013-06-18 17:58:36 INFO  [Case:Method=>testSendMail]当前初始化页面信息：Title--->163网易免费邮--中文邮箱第一品牌
2013-06-18 17:58:36 INFO  [Case:Method=>testSendMail]当前初始化页面信息：窗口句柄数--->1
2013-06-18 17:58:36 ERROR 用例执行失败了,异常信息->null
2013-06-18 18:00:26 INFO  *******************测试用例[testSendMail]开始执行*****************
2013-06-18 18:00:40 INFO  [Case:Method=>testSendMail]初始化了浏览器FIREFOX来进行自动化测试
2013-06-18 18:00:43 INFO  [Case:Method=>testSendMail]窗口的句柄数增多，进行句柄收集操作
2013-06-18 18:00:44 INFO  [Case:Method=>testSendMail]添加了新的窗口信息->163网易免费邮--中文邮箱第一品牌
2013-06-18 18:00:44 INFO  [Case:Method=>testSendMail]当前初始化页面信息：URL--->http://mail.163.com/
2013-06-18 18:00:44 INFO  [Case:Method=>testSendMail]当前初始化页面信息：Title--->163网易免费邮--中文邮箱第一品牌
2013-06-18 18:00:44 INFO  [Case:Method=>testSendMail]当前初始化页面信息：窗口句柄数--->1
2013-06-18 18:00:44 ERROR 用例执行失败了,异常信息->null
2013-06-18 18:05:01 INFO  [Case:Method=>testSendMail*******************测试用例[testSendMail]开始执行*****************
2013-06-18 18:05:17 INFO  [Case:Method=>testSendMail]初始化了浏览器FIREFOX来进行自动化测试
2013-06-18 18:05:20 INFO  [Case:Method=>testSendMail]窗口的句柄数增多，进行句柄收集操作
2013-06-18 18:05:20 INFO  [Case:Method=>testSendMail]添加了新的窗口信息->163网易免费邮--中文邮箱第一品牌
2013-06-18 18:05:20 INFO  [Case:Method=>testSendMail]当前初始化页面信息：URL--->http://mail.163.com/
2013-06-18 18:05:20 INFO  [Case:Method=>testSendMail]当前初始化页面信息：Title--->163网易免费邮--中文邮箱第一品牌
2013-06-18 18:05:20 INFO  [Case:Method=>testSendMail]当前初始化页面信息：窗口句柄数--->1
2013-06-18 18:05:20 ERROR [Case:Method=>testSendMail用例执行失败了,异常信息->null
2013-06-18 18:12:27 INFO  [Case:Method=>testSendMail]*******************测试用例[testSendMail]开始执行*****************
2013-06-18 18:12:31 INFO  [Case:Method=>testSendMail]初始化了浏览器PhantomJS来进行自动化测试
2013-06-18 18:12:33 INFO  [Case:Method=>testSendMail]窗口的句柄数增多，进行句柄收集操作
2013-06-18 18:12:33 INFO  [Case:Method=>testSendMail]添加了新的窗口信息->163网易免费邮--中文邮箱第一品牌
2013-06-18 18:12:33 INFO  [Case:Method=>testSendMail]当前初始化页面信息：URL--->http://mail.163.com/
2013-06-18 18:12:33 INFO  [Case:Method=>testSendMail]当前初始化页面信息：Title--->163网易免费邮--中文邮箱第一品牌
2013-06-18 18:12:33 INFO  [Case:Method=>testSendMail]当前初始化页面信息：窗口句柄数--->1
2013-06-18 18:12:33 ERROR [Case:Method=>testSendMail]用例执行失败了,异常信息->null
2013-06-18 18:14:01 INFO  [Case:Method=>testSendMail]*******************测试用例[testSendMail]开始执行*****************
2013-06-18 18:14:04 INFO  [Case:Method=>testSendMail]初始化了浏览器PhantomJS来进行自动化测试
2013-06-18 18:14:05 INFO  [Case:Method=>testSendMail]窗口的句柄数增多，进行句柄收集操作
2013-06-18 18:14:05 INFO  [Case:Method=>testSendMail]添加了新的窗口信息->163网易免费邮--中文邮箱第一品牌
2013-06-18 18:14:05 INFO  [Case:Method=>testSendMail]当前初始化页面信息：URL--->http://mail.163.com/
2013-06-18 18:14:05 INFO  [Case:Method=>testSendMail]当前初始化页面信息：Title--->163网易免费邮--中文邮箱第一品牌
2013-06-18 18:14:05 INFO  [Case:Method=>testSendMail]当前初始化页面信息：窗口句柄数--->1
2013-06-18 18:14:05 ERROR [Case:Method=>testSendMail]用例执行失败了,异常信息->null
2013-06-18 18:16:20 INFO  [Case:Method=>testSendMail]*******************测试用例[testSendMail]开始执行*****************
2013-06-18 18:16:23 INFO  [Case:Method=>testSendMail]初始化了浏览器PhantomJS来进行自动化测试
2013-06-18 18:16:24 INFO  [Case:Method=>testSendMail]窗口的句柄数增多，进行句柄收集操作
2013-06-18 18:16:24 INFO  [Case:Method=>testSendMail]添加了新的窗口信息->163网易免费邮--中文邮箱第一品牌
2013-06-18 18:16:24 INFO  [Case:Method=>testSendMail]当前初始化页面信息：URL--->http://mail.163.com/
2013-06-18 18:16:24 INFO  [Case:Method=>testSendMail]当前初始化页面信息：Title--->163网易免费邮--中文邮箱第一品牌
2013-06-18 18:16:24 INFO  [Case:Method=>testSendMail]当前初始化页面信息：窗口句柄数--->1
2013-06-18 18:16:24 ERROR [Case:Method=>testSendMail]用例执行失败了,异常信息->null
2013-06-18 18:18:06 INFO  [Case:Method=>testSendMail]*******************测试用例[testSendMail]开始执行*****************
2013-06-18 18:18:10 INFO  [Case:Method=>testSendMail]初始化了浏览器PhantomJS来进行自动化测试
2013-06-18 18:18:11 INFO  [Case:Method=>testSendMail]窗口的句柄数增多，进行句柄收集操作
2013-06-18 18:18:11 INFO  [Case:Method=>testSendMail]添加了新的窗口信息->163网易免费邮--中文邮箱第一品牌
2013-06-18 18:18:11 INFO  [Case:Method=>testSendMail]当前初始化页面信息：URL--->http://mail.163.com/
2013-06-18 18:18:11 INFO  [Case:Method=>testSendMail]当前初始化页面信息：Title--->163网易免费邮--中文邮箱第一品牌
2013-06-18 18:18:11 INFO  [Case:Method=>testSendMail]当前初始化页面信息：窗口句柄数--->1
2013-06-18 18:18:11 INFO  收集了当前页面的注解属性元素网易邮箱登录页面-输入框
2013-06-18 18:18:11 INFO  收集了当前页面的注解属性元素网易邮箱登录页面-密码框
2013-06-18 18:18:11 INFO  收集了当前页面的注解属性元素网易邮箱登录页面-登录按钮
2013-06-18 18:18:12 ERROR [Case:Method=>testSendMail]用例执行失败了,异常信息->null
2013-06-18 18:20:50 INFO  [Case:Method=>testSendMail]*******************测试用例[testSendMail]开始执行*****************
2013-06-18 18:20:54 INFO  [Case:Method=>testSendMail]初始化了浏览器PhantomJS来进行自动化测试
2013-06-18 18:20:56 INFO  [Case:Method=>testSendMail]窗口的句柄数增多，进行句柄收集操作
2013-06-18 18:20:56 INFO  [Case:Method=>testSendMail]添加了新的窗口信息->163网易免费邮--中文邮箱第一品牌
2013-06-18 18:20:56 INFO  [Case:Method=>testSendMail]当前初始化页面信息：URL--->http://mail.163.com/
2013-06-18 18:20:56 INFO  [Case:Method=>testSendMail]当前初始化页面信息：Title--->163网易免费邮--中文邮箱第一品牌
2013-06-18 18:20:56 INFO  [Case:Method=>testSendMail]当前初始化页面信息：窗口句柄数--->1
2013-06-18 18:20:56 INFO  收集了当前页面的注解属性元素网易邮箱登录页面-输入框
2013-06-18 18:20:56 INFO  收集了当前页面的注解属性元素网易邮箱登录页面-密码框
2013-06-18 18:20:56 INFO  收集了当前页面的注解属性元素网易邮箱登录页面-登录按钮
2013-06-18 18:20:56 ERROR [Case:Method=>testSendMail]用例执行失败了,异常信息->null
2013-06-18 18:23:06 INFO  [Case:Method=>testSendMail]*******************测试用例[testSendMail]开始执行*****************
2013-06-18 18:23:11 INFO  [Case:Method=>testSendMail]初始化了浏览器PhantomJS来进行自动化测试
2013-06-18 18:23:12 INFO  [Case:Method=>testSendMail]窗口的句柄数增多，进行句柄收集操作
2013-06-18 18:23:12 INFO  [Case:Method=>testSendMail]添加了新的窗口信息->163网易免费邮--中文邮箱第一品牌
2013-06-18 18:23:12 INFO  [Case:Method=>testSendMail]当前初始化页面信息：URL--->http://mail.163.com/
2013-06-18 18:23:12 INFO  [Case:Method=>testSendMail]当前初始化页面信息：Title--->163网易免费邮--中文邮箱第一品牌
2013-06-18 18:23:12 INFO  [Case:Method=>testSendMail]当前初始化页面信息：窗口句柄数--->1
2013-06-18 18:23:12 INFO  收集了当前页面的注解属性元素网易邮箱登录页面-输入框
2013-06-18 18:23:12 INFO  收集了当前页面的注解属性元素网易邮箱登录页面-密码框
2013-06-18 18:23:12 INFO  收集了当前页面的注解属性元素网易邮箱登录页面-登录按钮
2013-06-18 18:23:12 INFO  [Case:Method=>testSendMail][网易邮箱登录页面-输入框]输入[celeskyking@163.com]值操作成功
2013-06-18 18:23:12 INFO  [Case:Method=>testSendMail][网易邮箱登录页面-密码框]输入[tiantian5326417]值操作成功
2013-06-18 18:23:16 INFO  [Case:Method=>testSendMail][网易邮箱登录页面-登录按钮]点击操作成功
2013-06-18 18:23:16 INFO  [Case:Method=>testSendMail]当前页面发生了变化，切换到了新的页面--->网易邮箱5.0版
2013-06-18 18:23:16 INFO  [Case:Method=>testSendMail]当前页面信息：URL--->http://cwebmail.mail.163.com/js5/main.jsp?sid=HBUSPhejnNRSzKalhQjjVFhBxIDoxrgK#module=welcome.WelcomeModule%7C%7B%7D
2013-06-18 18:23:16 INFO  [Case:Method=>testSendMail]当前页面信息：Title--->网易邮箱5.0版
2013-06-18 18:23:16 INFO  [Case:Method=>testSendMail]当前页面信息：窗口句柄数--->1
2013-06-18 18:23:16 INFO  收集了当前页面的注解属性元素写信页-写信按钮
2013-06-18 18:23:16 INFO  收集了当前页面的注解属性元素写信页-收件人输入框
2013-06-18 18:23:16 INFO  收集了当前页面的注解属性元素写信页-主题
2013-06-18 18:23:16 INFO  收集了当前页面的注解属性元素写信页-内容框
2013-06-18 18:23:16 INFO  收集了当前页面的注解属性元素写信页-发送按钮
2013-06-18 18:23:16 INFO  [Case:Method=>testSendMail][写信页-写信按钮]点击操作成功
2013-06-18 18:23:16 INFO  [Case:Method=>testSendMail]当前页面发生了变化，切换到了新的页面--->网易邮箱5.0版
2013-06-18 18:23:16 INFO  [Case:Method=>testSendMail][写信页-收件人输入框]输入[669357664@qq.com]值操作成功
2013-06-18 18:23:16 INFO  [Case:Method=>testSendMail][写信页-主题]输入[测试]值操作成功
2013-06-18 18:23:16 INFO  [Case:Method=>testSendMail][写信页-内容框]输入[你好，王小懒]值操作成功
2013-06-18 18:23:16 INFO  解析frame元素消费了-->1毫秒,每次打印的时间意味着此方法访问了一次frame，在此过程中会通过递归的方式来进行查找元素，消费的总时间应该是所有的消费时间的总和。此日志的记录是为了防止因为访问frame性能影响脚本运行
2013-06-18 18:23:16 ERROR 在转化元素的时候出现了错误，给出的临时元素并不能够转化为网页的元素，请仔细检查元素的定义
2013-06-18 18:23:16 ERROR [Case:Method=>testSendMail]用例执行失败了,异常信息->没有找到定义的元素，请仔细检查元素是否定义正确
For documentation on this error, please visit: http://seleniumhq.org/exceptions/no_such_element.html
Build info: version: '2.33.0', revision: '4ecaf82108b2a6cc6f006aae81961236eba93358', time: '2013-05-22 12:00:17'
System info: os.name: 'Mac OS X', os.arch: 'x86_64', os.version: '10.8.4', java.version: '1.6.0_45'
Driver info: driver.version: unknown
2013-06-18 18:24:50 INFO  [Case:Method=>testSendMail]*******************测试用例[testSendMail]开始执行*****************
2013-06-18 18:25:10 INFO  [Case:Method=>testSendMail]初始化了浏览器FIREFOX来进行自动化测试
2013-06-18 18:25:13 INFO  [Case:Method=>testSendMail]窗口的句柄数增多，进行句柄收集操作
2013-06-18 18:25:15 INFO  [Case:Method=>testSendMail]添加了新的窗口信息->163网易免费邮--中文邮箱第一品牌
2013-06-18 18:25:15 INFO  [Case:Method=>testSendMail]当前初始化页面信息：URL--->http://mail.163.com/
2013-06-18 18:25:15 INFO  [Case:Method=>testSendMail]当前初始化页面信息：Title--->163网易免费邮--中文邮箱第一品牌
2013-06-18 18:25:15 INFO  [Case:Method=>testSendMail]当前初始化页面信息：窗口句柄数--->1
2013-06-18 18:25:15 INFO  收集了当前页面的注解属性元素网易邮箱登录页面-输入框
2013-06-18 18:25:15 INFO  收集了当前页面的注解属性元素网易邮箱登录页面-密码框
2013-06-18 18:25:15 INFO  收集了当前页面的注解属性元素网易邮箱登录页面-登录按钮
2013-06-18 18:25:18 INFO  [Case:Method=>testSendMail][网易邮箱登录页面-输入框]输入[celeskyking@163.com]值操作成功
2013-06-18 18:25:18 INFO  [Case:Method=>testSendMail][网易邮箱登录页面-密码框]输入[tiantian5326417]值操作成功
2013-06-18 18:25:18 INFO  [Case:Method=>testSendMail][网易邮箱登录页面-登录按钮]点击操作成功
2013-06-18 18:25:19 INFO  [Case:Method=>testSendMail]当前页面信息：URL--->http://mail.163.com/
2013-06-18 18:25:19 INFO  [Case:Method=>testSendMail]当前页面信息：Title--->163网易免费邮--中文邮箱第一品牌
2013-06-18 18:25:19 INFO  [Case:Method=>testSendMail]当前页面信息：窗口句柄数--->1
2013-06-18 18:25:19 INFO  收集了当前页面的注解属性元素写信页-写信按钮
2013-06-18 18:25:19 INFO  收集了当前页面的注解属性元素写信页-收件人输入框
2013-06-18 18:25:19 INFO  收集了当前页面的注解属性元素写信页-主题
2013-06-18 18:25:19 INFO  收集了当前页面的注解属性元素写信页-内容框
2013-06-18 18:25:19 INFO  收集了当前页面的注解属性元素写信页-发送按钮
2013-06-18 18:25:24 INFO  解析frame元素消费了-->0毫秒,每次打印的时间意味着此方法访问了一次frame，在此过程中会通过递归的方式来进行查找元素，消费的总时间应该是所有的消费时间的总和。此日志的记录是为了防止因为访问frame性能影响脚本运行
2013-06-18 18:25:24 ERROR 在转化元素的时候出现了错误，给出的临时元素并不能够转化为网页的元素，请仔细检查元素的定义
2013-06-18 18:25:24 ERROR [Case:Method=>testSendMail]用例执行失败了,异常信息->没有找到定义的元素，请仔细检查元素是否定义正确
For documentation on this error, please visit: http://seleniumhq.org/exceptions/no_such_element.html
Build info: version: '2.33.0', revision: '4ecaf82108b2a6cc6f006aae81961236eba93358', time: '2013-05-22 12:00:17'
System info: os.name: 'Mac OS X', os.arch: 'x86_64', os.version: '10.8.4', java.version: '1.6.0_45'
Driver info: driver.version: unknown
2013-06-18 18:27:02 INFO  [Case:Method=>testSendMail]*******************测试用例[testSendMail]开始执行*****************
2013-06-18 18:27:16 INFO  [Case:Method=>testSendMail]初始化了浏览器FIREFOX来进行自动化测试
2013-06-18 18:27:19 INFO  [Case:Method=>testSendMail]窗口的句柄数增多，进行句柄收集操作
2013-06-18 18:27:19 INFO  [Case:Method=>testSendMail]添加了新的窗口信息->163网易免费邮--中文邮箱第一品牌
2013-06-18 18:27:19 INFO  [Case:Method=>testSendMail]当前初始化页面信息：URL--->http://mail.163.com/
2013-06-18 18:27:19 INFO  [Case:Method=>testSendMail]当前初始化页面信息：Title--->163网易免费邮--中文邮箱第一品牌
2013-06-18 18:27:19 INFO  [Case:Method=>testSendMail]当前初始化页面信息：窗口句柄数--->1
2013-06-18 18:27:19 INFO  收集了当前页面的注解属性元素网易邮箱登录页面-输入框
2013-06-18 18:27:19 INFO  收集了当前页面的注解属性元素网易邮箱登录页面-密码框
2013-06-18 18:27:19 INFO  收集了当前页面的注解属性元素网易邮箱登录页面-登录按钮
2013-06-18 18:27:19 INFO  [Case:Method=>testSendMail][网易邮箱登录页面-输入框]输入[celeskyking@163.com]值操作成功
2013-06-18 18:27:20 INFO  [Case:Method=>testSendMail][网易邮箱登录页面-密码框]输入[tiantian5326417]值操作成功
2013-06-18 18:27:20 INFO  [Case:Method=>testSendMail][网易邮箱登录页面-登录按钮]点击操作成功
2013-06-18 18:27:31 INFO  [Case:Method=>testSendMail]当前页面发生了变化，切换到了新的页面--->网易邮箱5.0版
2013-06-18 18:27:31 INFO  [Case:Method=>testSendMail]当前页面信息：URL--->http://cwebmail.mail.163.com/js5/main.jsp?sid=VCRGAnpFwIgVBZtlJfFFYwwIQCswNsFZ#module=welcome.WelcomeModule%7C%7B%7D
2013-06-18 18:27:31 INFO  [Case:Method=>testSendMail]当前页面信息：Title--->网易邮箱5.0版
2013-06-18 18:27:31 INFO  [Case:Method=>testSendMail]当前页面信息：窗口句柄数--->1
2013-06-18 18:27:31 INFO  收集了当前页面的注解属性元素写信页-写信按钮
2013-06-18 18:27:31 INFO  收集了当前页面的注解属性元素写信页-收件人输入框
2013-06-18 18:27:31 INFO  收集了当前页面的注解属性元素写信页-主题
2013-06-18 18:27:31 INFO  收集了当前页面的注解属性元素写信页-内容框
2013-06-18 18:27:31 INFO  收集了当前页面的注解属性元素写信页-发送按钮
2013-06-18 18:27:31 INFO  [Case:Method=>testSendMail][写信页-写信按钮]点击操作成功
2013-06-18 18:27:31 INFO  [Case:Method=>testSendMail]当前页面发生了变化，切换到了新的页面--->网易邮箱5.0版
2013-06-18 18:27:31 INFO  [Case:Method=>testSendMail][写信页-收件人输入框]输入[669357664@qq.com]值操作成功
2013-06-18 18:27:32 INFO  [Case:Method=>testSendMail][写信页-主题]输入[测试]值操作成功
2013-06-18 18:27:32 INFO  [Case:Method=>testSendMail][写信页-内容框]输入[你好，王小懒]值操作成功
2013-06-18 18:27:32 INFO  解析frame元素消费了-->0毫秒,每次打印的时间意味着此方法访问了一次frame，在此过程中会通过递归的方式来进行查找元素，消费的总时间应该是所有的消费时间的总和。此日志的记录是为了防止因为访问frame性能影响脚本运行
2013-06-18 18:27:32 ERROR 在转化元素的时候出现了错误，给出的临时元素并不能够转化为网页的元素，请仔细检查元素的定义
2013-06-18 18:27:32 ERROR [Case:Method=>testSendMail]用例执行失败了,异常信息->没有找到定义的元素，请仔细检查元素是否定义正确
For documentation on this error, please visit: http://seleniumhq.org/exceptions/no_such_element.html
Build info: version: '2.33.0', revision: '4ecaf82108b2a6cc6f006aae81961236eba93358', time: '2013-05-22 12:00:17'
System info: os.name: 'Mac OS X', os.arch: 'x86_64', os.version: '10.8.4', java.version: '1.6.0_45'
Driver info: driver.version: unknown
2013-06-18 18:28:23 INFO  [Case:Method=>testSendMail]*******************测试用例[testSendMail]开始执行*****************
2013-06-18 18:28:36 INFO  [Case:Method=>testSendMail]初始化了浏览器FIREFOX来进行自动化测试
2013-06-18 18:28:39 INFO  [Case:Method=>testSendMail]窗口的句柄数增多，进行句柄收集操作
2013-06-18 18:28:39 INFO  [Case:Method=>testSendMail]添加了新的窗口信息->163网易免费邮--中文邮箱第一品牌
2013-06-18 18:28:39 INFO  [Case:Method=>testSendMail]当前初始化页面信息：URL--->http://mail.163.com/
2013-06-18 18:28:39 INFO  [Case:Method=>testSendMail]当前初始化页面信息：Title--->163网易免费邮--中文邮箱第一品牌
2013-06-18 18:28:39 INFO  [Case:Method=>testSendMail]当前初始化页面信息：窗口句柄数--->1
2013-06-18 18:28:39 INFO  收集了当前页面的注解属性元素网易邮箱登录页面-输入框
2013-06-18 18:28:39 INFO  收集了当前页面的注解属性元素网易邮箱登录页面-密码框
2013-06-18 18:28:39 INFO  收集了当前页面的注解属性元素网易邮箱登录页面-登录按钮
2013-06-18 18:28:39 INFO  [Case:Method=>testSendMail][网易邮箱登录页面-输入框]输入[celeskyking@163.com]值操作成功
2013-06-18 18:28:39 INFO  [Case:Method=>testSendMail][网易邮箱登录页面-密码框]输入[tiantian5326417]值操作成功
2013-06-18 18:28:39 INFO  [Case:Method=>testSendMail][网易邮箱登录页面-登录按钮]点击操作成功
2013-06-18 18:28:39 INFO  收集了当前页面的注解属性元素写信页-写信按钮
2013-06-18 18:28:39 INFO  收集了当前页面的注解属性元素写信页-收件人输入框
2013-06-18 18:28:39 INFO  收集了当前页面的注解属性元素写信页-主题
2013-06-18 18:28:39 INFO  收集了当前页面的注解属性元素写信页-内容框
2013-06-18 18:28:39 INFO  收集了当前页面的注解属性元素写信页-发送按钮
2013-06-18 18:28:52 INFO  解析frame元素消费了-->0毫秒,每次打印的时间意味着此方法访问了一次frame，在此过程中会通过递归的方式来进行查找元素，消费的总时间应该是所有的消费时间的总和。此日志的记录是为了防止因为访问frame性能影响脚本运行
2013-06-18 18:28:52 ERROR 在转化元素的时候出现了错误，给出的临时元素并不能够转化为网页的元素，请仔细检查元素的定义
2013-06-18 18:28:52 ERROR [Case:Method=>testSendMail]用例执行失败了,异常信息->没有找到定义的元素，请仔细检查元素是否定义正确
For documentation on this error, please visit: http://seleniumhq.org/exceptions/no_such_element.html
Build info: version: '2.33.0', revision: '4ecaf82108b2a6cc6f006aae81961236eba93358', time: '2013-05-22 12:00:17'
System info: os.name: 'Mac OS X', os.arch: 'x86_64', os.version: '10.8.4', java.version: '1.6.0_45'
Driver info: driver.version: unknown
2013-06-18 18:34:01 INFO  [Case:Method=>testSendMail]*******************测试用例[testSendMail]开始执行*****************
2013-06-18 18:34:13 INFO  [Case:Method=>testSendMail]初始化了浏览器FIREFOX来进行自动化测试
2013-06-18 18:34:15 INFO  [Case:Method=>testSendMail]窗口的句柄数增多，进行句柄收集操作
2013-06-18 18:34:17 INFO  [Case:Method=>testSendMail]添加了新的窗口信息->163网易免费邮--中文邮箱第一品牌
2013-06-18 18:34:17 INFO  [Case:Method=>testSendMail]当前初始化页面信息：URL--->http://mail.163.com/
2013-06-18 18:34:17 INFO  [Case:Method=>testSendMail]当前初始化页面信息：Title--->163网易免费邮--中文邮箱第一品牌
2013-06-18 18:34:17 INFO  [Case:Method=>testSendMail]当前初始化页面信息：窗口句柄数--->1
2013-06-18 18:34:17 INFO  收集了当前页面的注解属性元素网易邮箱登录页面-输入框
2013-06-18 18:34:17 INFO  收集了当前页面的注解属性元素网易邮箱登录页面-密码框
2013-06-18 18:34:17 INFO  收集了当前页面的注解属性元素网易邮箱登录页面-登录按钮
2013-06-18 18:34:17 INFO  [Case:Method=>testSendMail][网易邮箱登录页面-输入框]输入[celeskyking@163.com]值操作成功
2013-06-18 18:34:17 INFO  [Case:Method=>testSendMail][网易邮箱登录页面-密码框]输入[tiantian5326417]值操作成功
2013-06-18 18:34:17 INFO  [Case:Method=>testSendMail][网易邮箱登录页面-登录按钮]点击操作成功
2013-06-18 18:34:17 INFO  收集了当前页面的注解属性元素写信页-写信按钮
2013-06-18 18:34:17 INFO  收集了当前页面的注解属性元素写信页-收件人输入框
2013-06-18 18:34:17 INFO  收集了当前页面的注解属性元素写信页-主题
2013-06-18 18:34:17 INFO  收集了当前页面的注解属性元素写信页-内容框
2013-06-18 18:34:17 INFO  收集了当前页面的注解属性元素写信页-发送按钮
2013-06-18 18:34:32 INFO  [Case:Method=>testSendMail][写信页-写信按钮]点击操作成功
2013-06-18 18:34:32 INFO  [Case:Method=>testSendMail]当前页面发生了变化，切换到了新的页面--->网易邮箱5.0版
2013-06-18 18:34:32 INFO  [Case:Method=>testSendMail][写信页-收件人输入框]输入[669357664@qq.com]值操作成功
2013-06-18 18:34:33 INFO  [Case:Method=>testSendMail][写信页-主题]输入[测试]值操作成功
2013-06-18 18:34:33 INFO  [Case:Method=>testSendMail][写信页-内容框]输入[你好，王小懒]值操作成功
2013-06-18 18:34:53 INFO  解析frame元素消费了-->0毫秒,每次打印的时间意味着此方法访问了一次frame，在此过程中会通过递归的方式来进行查找元素，消费的总时间应该是所有的消费时间的总和。此日志的记录是为了防止因为访问frame性能影响脚本运行
2013-06-18 18:34:53 ERROR 在转化元素的时候出现了错误，给出的临时元素并不能够转化为网页的元素，请仔细检查元素的定义
2013-06-18 18:34:53 ERROR [Case:Method=>testSendMail]用例执行失败了,异常信息->没有找到定义的元素，请仔细检查元素是否定义正确
For documentation on this error, please visit: http://seleniumhq.org/exceptions/no_such_element.html
Build info: version: '2.33.0', revision: '4ecaf82108b2a6cc6f006aae81961236eba93358', time: '2013-05-22 12:00:17'
System info: os.name: 'Mac OS X', os.arch: 'x86_64', os.version: '10.8.4', java.version: '1.6.0_45'
Driver info: driver.version: unknown
2013-06-18 18:43:27 INFO  [Case:Method=>testSendMail]*******************测试用例[testSendMail]开始执行*****************
2013-06-18 18:43:42 INFO  [Case:Method=>testSendMail]初始化了浏览器FIREFOX来进行自动化测试
2013-06-18 18:43:45 INFO  [Case:Method=>testSendMail]窗口的句柄数增多，进行句柄收集操作
2013-06-18 18:43:46 INFO  [Case:Method=>testSendMail]添加了新的窗口信息->163网易免费邮--中文邮箱第一品牌
2013-06-18 18:43:46 INFO  [Case:Method=>testSendMail]当前初始化页面信息：URL--->http://mail.163.com/
2013-06-18 18:43:46 INFO  [Case:Method=>testSendMail]当前初始化页面信息：Title--->163网易免费邮--中文邮箱第一品牌
2013-06-18 18:43:46 INFO  [Case:Method=>testSendMail]当前初始化页面信息：窗口句柄数--->1
2013-06-18 18:43:46 INFO  收集了当前页面的注解属性元素网易邮箱登录页面-输入框
2013-06-18 18:43:46 INFO  收集了当前页面的注解属性元素网易邮箱登录页面-密码框
2013-06-18 18:43:46 INFO  收集了当前页面的注解属性元素网易邮箱登录页面-登录按钮
2013-06-18 18:43:46 INFO  [Case:Method=>testSendMail][网易邮箱登录页面-输入框]输入[celeskyking@163.com]值操作成功
2013-06-18 18:43:46 INFO  [Case:Method=>testSendMail][网易邮箱登录页面-密码框]输入[tiantian5326417]值操作成功
2013-06-18 18:43:46 INFO  [Case:Method=>testSendMail][网易邮箱登录页面-登录按钮]点击操作成功
2013-06-18 18:43:47 INFO  收集了当前页面的注解属性元素写信页-写信按钮
2013-06-18 18:43:47 INFO  收集了当前页面的注解属性元素写信页-收件人输入框
2013-06-18 18:43:47 INFO  收集了当前页面的注解属性元素写信页-主题
2013-06-18 18:43:47 INFO  收集了当前页面的注解属性元素写信页-内容框
2013-06-18 18:43:47 INFO  收集了当前页面的注解属性元素写信页-发送按钮
2013-06-18 18:43:58 INFO  [Case:Method=>testSendMail][写信页-写信按钮]点击操作成功
2013-06-18 18:43:58 INFO  [Case:Method=>testSendMail]当前页面发生了变化，切换到了新的页面--->网易邮箱5.0版
2013-06-18 18:43:58 INFO  [Case:Method=>testSendMail][写信页-收件人输入框]输入[669357664@qq.com]值操作成功
2013-06-18 18:43:58 INFO  [Case:Method=>testSendMail][写信页-主题]输入[测试]值操作成功
2013-06-18 18:43:58 INFO  [Case:Method=>testSendMail][写信页-内容框]输入[你好，王小懒]值操作成功
2013-06-18 18:44:18 INFO  解析frame元素消费了-->0毫秒,每次打印的时间意味着此方法访问了一次frame，在此过程中会通过递归的方式来进行查找元素，消费的总时间应该是所有的消费时间的总和。此日志的记录是为了防止因为访问frame性能影响脚本运行
2013-06-18 18:44:18 ERROR 在转化元素的时候出现了错误，给出的临时元素并不能够转化为网页的元素，请仔细检查元素的定义临时元素信息->写信页-发送按钮:By.xpath: .//*[@id='_mail_button_20_245']/span
2013-06-18 18:44:18 ERROR [Case:Method=>testSendMail]用例执行失败了,异常信息->没有找到定义的元素，请仔细检查元素是否定义正确
For documentation on this error, please visit: http://seleniumhq.org/exceptions/no_such_element.html
Build info: version: '2.33.0', revision: '4ecaf82108b2a6cc6f006aae81961236eba93358', time: '2013-05-22 12:00:17'
System info: os.name: 'Mac OS X', os.arch: 'x86_64', os.version: '10.8.4', java.version: '1.6.0_45'
Driver info: driver.version: unknown
2013-06-18 18:47:36 INFO  [Case:Method=>testSendMail]*******************测试用例[testSendMail]开始执行*****************
2013-06-18 18:47:50 INFO  [Case:Method=>testSendMail]初始化了浏览器FIREFOX来进行自动化测试
2013-06-18 18:47:53 INFO  [Case:Method=>testSendMail]窗口的句柄数增多，进行句柄收集操作
2013-06-18 18:47:53 INFO  [Case:Method=>testSendMail]添加了新的窗口信息->163网易免费邮--中文邮箱第一品牌
2013-06-18 18:47:53 INFO  [Case:Method=>testSendMail]当前初始化页面信息：URL--->http://mail.163.com/
2013-06-18 18:47:53 INFO  [Case:Method=>testSendMail]当前初始化页面信息：Title--->163网易免费邮--中文邮箱第一品牌
2013-06-18 18:47:53 INFO  [Case:Method=>testSendMail]当前初始化页面信息：窗口句柄数--->1
2013-06-18 18:47:53 INFO  收集了当前页面的注解属性元素网易邮箱登录页面-输入框
2013-06-18 18:47:53 INFO  收集了当前页面的注解属性元素网易邮箱登录页面-密码框
2013-06-18 18:47:53 INFO  收集了当前页面的注解属性元素网易邮箱登录页面-登录按钮
2013-06-18 18:47:53 INFO  [Case:Method=>testSendMail][网易邮箱登录页面-输入框]输入[celeskyking@163.com]值操作成功
2013-06-18 18:47:53 INFO  [Case:Method=>testSendMail][网易邮箱登录页面-密码框]输入[tiantian5326417]值操作成功
2013-06-18 18:47:53 INFO  [Case:Method=>testSendMail][网易邮箱登录页面-登录按钮]点击操作成功
2013-06-18 18:47:53 INFO  收集了当前页面的注解属性元素写信页-写信按钮
2013-06-18 18:47:53 INFO  收集了当前页面的注解属性元素写信页-收件人输入框
2013-06-18 18:47:53 INFO  收集了当前页面的注解属性元素写信页-主题
2013-06-18 18:47:53 INFO  收集了当前页面的注解属性元素写信页-内容框
2013-06-18 18:47:53 INFO  收集了当前页面的注解属性元素写信页-发送按钮
2013-06-18 18:48:06 INFO  [Case:Method=>testSendMail][写信页-写信按钮]点击操作成功
2013-06-18 18:48:06 INFO  [Case:Method=>testSendMail]当前页面发生了变化，切换到了新的页面--->网易邮箱5.0版
2013-06-18 18:48:06 INFO  [Case:Method=>testSendMail][写信页-收件人输入框]输入[669357664@qq.com]值操作成功
2013-06-18 18:48:07 INFO  [Case:Method=>testSendMail][写信页-主题]输入[测试]值操作成功
2013-06-18 18:48:27 INFO  解析frame元素消费了-->0毫秒,每次打印的时间意味着此方法访问了一次frame，在此过程中会通过递归的方式来进行查找元素，消费的总时间应该是所有的消费时间的总和。此日志的记录是为了防止因为访问frame性能影响脚本运行
2013-06-18 18:48:27 ERROR 在转化元素的时候出现了错误，给出的临时元素并不能够转化为网页的元素，请仔细检查元素的定义
2013-06-18 18:48:27 ERROR 临时元素信息->写信页-内容框:By.xpath: html/body[@class="nui-scroll"]
2013-06-18 18:48:27 ERROR [Case:Method=>testSendMail]用例执行失败了,异常信息->没有找到定义的元素，请仔细检查元素是否定义正确
For documentation on this error, please visit: http://seleniumhq.org/exceptions/no_such_element.html
Build info: version: '2.33.0', revision: '4ecaf82108b2a6cc6f006aae81961236eba93358', time: '2013-05-22 12:00:17'
System info: os.name: 'Mac OS X', os.arch: 'x86_64', os.version: '10.8.4', java.version: '1.6.0_45'
Driver info: driver.version: unknown
2013-06-18 19:14:55 INFO  [Case:Method=>testSendMail]*******************测试用例[testSendMail]开始执行*****************
2013-06-18 19:15:10 INFO  [Case:Method=>testSendMail]初始化了浏览器FIREFOX来进行自动化测试
2013-06-18 19:15:13 INFO  [Case:Method=>testSendMail]窗口的句柄数增多，进行句柄收集操作
2013-06-18 19:15:13 INFO  [Case:Method=>testSendMail]添加了新的窗口信息->163网易免费邮--中文邮箱第一品牌
2013-06-18 19:15:13 INFO  [Case:Method=>testSendMail]当前初始化页面信息：URL--->http://mail.163.com/
2013-06-18 19:15:13 INFO  [Case:Method=>testSendMail]当前初始化页面信息：Title--->163网易免费邮--中文邮箱第一品牌
2013-06-18 19:15:13 INFO  [Case:Method=>testSendMail]当前初始化页面信息：窗口句柄数--->1
2013-06-18 19:15:13 INFO  收集了当前页面的注解属性元素网易邮箱登录页面-输入框
2013-06-18 19:15:13 INFO  收集了当前页面的注解属性元素网易邮箱登录页面-密码框
2013-06-18 19:15:13 INFO  收集了当前页面的注解属性元素网易邮箱登录页面-登录按钮
2013-06-18 19:15:14 INFO  [Case:Method=>testSendMail][网易邮箱登录页面-输入框]输入[celeskyking@163.com]值操作成功
2013-06-18 19:15:14 INFO  [Case:Method=>testSendMail][网易邮箱登录页面-密码框]输入[tiantian5326417]值操作成功
2013-06-18 19:15:14 INFO  [Case:Method=>testSendMail][网易邮箱登录页面-登录按钮]点击操作成功
2013-06-18 19:15:24 INFO  [Case:Method=>testSendMail]当前页面发生了变化，切换到了新的页面--->网易邮箱5.0版
2013-06-18 19:15:24 INFO  收集了当前页面的注解属性元素写信页-写信按钮
2013-06-18 19:15:24 INFO  收集了当前页面的注解属性元素写信页-收件人输入框
2013-06-18 19:15:24 INFO  收集了当前页面的注解属性元素写信页-主题
2013-06-18 19:15:24 INFO  收集了当前页面的注解属性元素写信页-内容框
2013-06-18 19:15:24 INFO  收集了当前页面的注解属性元素写信页-发送按钮
2013-06-18 19:15:24 INFO  [Case:Method=>testSendMail][写信页-写信按钮]点击操作成功
2013-06-18 19:15:25 INFO  [Case:Method=>testSendMail]当前页面发生了变化，切换到了新的页面--->网易邮箱5.0版
2013-06-18 19:15:25 INFO  [Case:Method=>testSendMail][写信页-收件人输入框]输入[669357664@qq.com]值操作成功
2013-06-18 19:15:25 INFO  [Case:Method=>testSendMail][写信页-主题]输入[测试]值操作成功
2013-06-18 19:15:25 ERROR [Case:Method=>testSendMail]用例执行失败了,异常信息->null
2013-06-18 19:18:22 INFO  [Case:Method=>testSendMail]*******************测试用例[testSendMail]开始执行*****************
2013-06-18 19:18:36 INFO  [Case:Method=>testSendMail]初始化了浏览器FIREFOX来进行自动化测试
2013-06-18 19:18:38 INFO  [Case:Method=>testSendMail]窗口的句柄数增多，进行句柄收集操作
2013-06-18 19:18:38 INFO  [Case:Method=>testSendMail]添加了新的窗口信息->163网易免费邮--中文邮箱第一品牌
2013-06-18 19:18:38 INFO  [Case:Method=>testSendMail]当前初始化页面信息：URL--->http://mail.163.com/
2013-06-18 19:18:38 INFO  [Case:Method=>testSendMail]当前初始化页面信息：Title--->163网易免费邮--中文邮箱第一品牌
2013-06-18 19:18:38 INFO  [Case:Method=>testSendMail]当前初始化页面信息：窗口句柄数--->1
2013-06-18 19:18:38 INFO  收集了当前页面的注解属性元素网易邮箱登录页面-输入框
2013-06-18 19:18:38 INFO  收集了当前页面的注解属性元素网易邮箱登录页面-密码框
2013-06-18 19:18:38 INFO  收集了当前页面的注解属性元素网易邮箱登录页面-登录按钮
2013-06-18 19:18:39 INFO  [Case:Method=>testSendMail][网易邮箱登录页面-输入框]输入[celeskyking@163.com]值操作成功
2013-06-18 19:18:39 INFO  [Case:Method=>testSendMail][网易邮箱登录页面-密码框]输入[tiantian5326417]值操作成功
2013-06-18 19:18:39 INFO  [Case:Method=>testSendMail][网易邮箱登录页面-登录按钮]点击操作成功
2013-06-18 19:18:49 INFO  [Case:Method=>testSendMail]当前页面发生了变化，切换到了新的页面--->网易邮箱5.0版
2013-06-18 19:18:49 INFO  收集了当前页面的注解属性元素写信页-写信按钮
2013-06-18 19:18:49 INFO  收集了当前页面的注解属性元素写信页-收件人输入框
2013-06-18 19:18:49 INFO  收集了当前页面的注解属性元素写信页-主题
2013-06-18 19:18:49 INFO  收集了当前页面的注解属性元素写信页-内容框
2013-06-18 19:18:49 INFO  收集了当前页面的注解属性元素写信页-发送按钮
2013-06-18 19:18:49 INFO  [Case:Method=>testSendMail][写信页-写信按钮]点击操作成功
2013-06-18 19:18:50 INFO  [Case:Method=>testSendMail]当前页面发生了变化，切换到了新的页面--->网易邮箱5.0版
2013-06-18 19:18:50 INFO  [Case:Method=>testSendMail][写信页-收件人输入框]输入[669357664@qq.com]值操作成功
2013-06-18 19:18:50 INFO  [Case:Method=>testSendMail][写信页-主题]输入[测试]值操作成功
2013-06-18 19:19:00 ERROR 在转化元素的时候出现了错误，给出的临时元素并不能够转化为网页的元素，请仔细检查元素的定义
2013-06-18 19:19:00 ERROR [Case:Method=>testSendMail]用例执行失败了,异常信息->没有找到定义的元素，请仔细检查元素是否定义正确
For documentation on this error, please visit: http://seleniumhq.org/exceptions/no_such_element.html
Build info: version: '2.33.0', revision: '4ecaf82108b2a6cc6f006aae81961236eba93358', time: '2013-05-22 12:00:17'
System info: os.name: 'Mac OS X', os.arch: 'x86_64', os.version: '10.8.4', java.version: '1.6.0_45'
Driver info: driver.version: unknown
2013-06-18 19:25:23 INFO  [Case:Method=>testSendMail]*******************测试用例[testSendMail]开始执行*****************
2013-06-18 19:25:36 INFO  [Case:Method=>testSendMail]初始化了浏览器FIREFOX来进行自动化测试
2013-06-18 19:25:38 INFO  [Case:Method=>testSendMail]窗口的句柄数增多，进行句柄收集操作
2013-06-18 19:25:40 INFO  [Case:Method=>testSendMail]添加了新的窗口信息->163网易免费邮--中文邮箱第一品牌
2013-06-18 19:25:40 INFO  [Case:Method=>testSendMail]当前初始化页面信息：URL--->http://mail.163.com/
2013-06-18 19:25:40 INFO  [Case:Method=>testSendMail]当前初始化页面信息：Title--->163网易免费邮--中文邮箱第一品牌
2013-06-18 19:25:40 INFO  [Case:Method=>testSendMail]当前初始化页面信息：窗口句柄数--->1
2013-06-18 19:25:40 INFO  收集了当前页面的注解属性元素网易邮箱登录页面-输入框
2013-06-18 19:25:40 INFO  收集了当前页面的注解属性元素网易邮箱登录页面-密码框
2013-06-18 19:25:40 INFO  收集了当前页面的注解属性元素网易邮箱登录页面-登录按钮
2013-06-18 19:25:40 INFO  [Case:Method=>testSendMail][网易邮箱登录页面-输入框]输入[celeskyking@163.com]值操作成功
2013-06-18 19:25:40 INFO  [Case:Method=>testSendMail][网易邮箱登录页面-密码框]输入[tiantian5326417]值操作成功
2013-06-18 19:25:41 INFO  [Case:Method=>testSendMail][网易邮箱登录页面-登录按钮]点击操作成功
2013-06-18 19:25:55 INFO  [Case:Method=>testSendMail]当前页面发生了变化，切换到了新的页面--->网易邮箱5.0版
2013-06-18 19:25:55 INFO  收集了当前页面的注解属性元素写信页-写信按钮
2013-06-18 19:25:55 INFO  收集了当前页面的注解属性元素写信页-收件人输入框
2013-06-18 19:25:55 INFO  收集了当前页面的注解属性元素写信页-主题
2013-06-18 19:25:55 INFO  收集了当前页面的注解属性元素写信页-内容框
2013-06-18 19:25:55 INFO  收集了当前页面的注解属性元素写信页-发送按钮
2013-06-18 19:25:55 INFO  [Case:Method=>testSendMail][写信页-写信按钮]点击操作成功
2013-06-18 19:25:56 INFO  [Case:Method=>testSendMail]当前页面发生了变化，切换到了新的页面--->网易邮箱5.0版
2013-06-18 19:25:56 INFO  [Case:Method=>testSendMail][写信页-收件人输入框]输入[669357664@qq.com]值操作成功
2013-06-18 19:25:56 INFO  [Case:Method=>testSendMail][写信页-主题]输入[测试]值操作成功
2013-06-18 19:26:06 ERROR [Case:Method=>testSendMail]用例执行失败了,异常信息->Element is not currently visible and so may not be interacted with
Command duration or timeout: 10.05 seconds
Build info: version: '2.33.0', revision: '4ecaf82108b2a6cc6f006aae81961236eba93358', time: '2013-05-22 12:00:17'
System info: os.name: 'Mac OS X', os.arch: 'x86_64', os.version: '10.8.4', java.version: '1.6.0_45'
Session ID: f678921c-9a53-dd4b-915b-eec0e2ca16bf
Driver info: org.openqa.selenium.firefox.FirefoxDriver
Capabilities [{platform=MAC, acceptSslCerts=true, javascriptEnabled=true, browserName=firefox, rotatable=false, locationContextEnabled=true, version=21.0, cssSelectorsEnabled=true, databaseEnabled=true, handlesAlerts=true, browserConnectionEnabled=true, nativeEvents=false, webStorageEnabled=true, applicationCacheEnabled=true, takesScreenshot=true}]
2013-06-18 19:36:43 INFO  [Case:Method=>testSendMail]*******************测试用例[testSendMail]开始执行*****************
2013-06-18 19:36:55 INFO  [Case:Method=>testSendMail]初始化了浏览器FIREFOX来进行自动化测试
2013-06-18 19:36:58 INFO  [Case:Method=>testSendMail]窗口的句柄数增多，进行句柄收集操作
2013-06-18 19:36:58 INFO  [Case:Method=>testSendMail]添加了新的窗口信息->163网易免费邮--中文邮箱第一品牌
2013-06-18 19:36:59 INFO  [Case:Method=>testSendMail]当前初始化页面信息：URL--->http://mail.163.com/
2013-06-18 19:36:59 INFO  [Case:Method=>testSendMail]当前初始化页面信息：Title--->163网易免费邮--中文邮箱第一品牌
2013-06-18 19:36:59 INFO  [Case:Method=>testSendMail]当前初始化页面信息：窗口句柄数--->1
2013-06-18 19:37:00 INFO  收集了当前页面的注解属性元素网易邮箱登录页面-输入框
2013-06-18 19:37:00 INFO  收集了当前页面的注解属性元素网易邮箱登录页面-密码框
2013-06-18 19:37:00 INFO  收集了当前页面的注解属性元素网易邮箱登录页面-登录按钮
2013-06-18 19:37:00 INFO  [Case:Method=>testSendMail][网易邮箱登录页面-输入框]输入[celeskyking@163.com]值操作成功
2013-06-18 19:37:00 INFO  [Case:Method=>testSendMail][网易邮箱登录页面-密码框]输入[tiantian5326417]值操作成功
2013-06-18 19:37:00 INFO  [Case:Method=>testSendMail][网易邮箱登录页面-登录按钮]点击操作成功
2013-06-18 19:37:05 INFO  [Case:Method=>testSendMail]当前页面发生了变化，切换到了新的页面--->网易邮箱5.0版
2013-06-18 19:37:05 INFO  收集了当前页面的注解属性元素写信页-写信按钮
2013-06-18 19:37:05 INFO  收集了当前页面的注解属性元素写信页-收件人输入框
2013-06-18 19:37:05 INFO  收集了当前页面的注解属性元素写信页-主题
2013-06-18 19:37:05 INFO  收集了当前页面的注解属性元素写信页-内容框
2013-06-18 19:37:05 INFO  收集了当前页面的注解属性元素写信页-发送按钮
2013-06-18 19:37:06 INFO  [Case:Method=>testSendMail][写信页-写信按钮]点击操作成功
2013-06-18 19:37:06 INFO  [Case:Method=>testSendMail]当前页面发生了变化，切换到了新的页面--->网易邮箱5.0版
2013-06-18 19:37:06 INFO  [Case:Method=>testSendMail][写信页-收件人输入框]输入[669357664@qq.com]值操作成功
2013-06-18 19:37:07 INFO  [Case:Method=>testSendMail][写信页-主题]输入[测试]值操作成功
2013-06-18 19:37:07 INFO  [Case:Method=>testSendMail][写信页-内容框]输入[你好，王小懒]值操作成功
2013-06-18 19:37:39 ERROR [Case:Method=>testSendMail]用例执行失败了,异常信息->Error communicating with the remote browser. It may have died.
Build info: version: '2.33.0', revision: '4ecaf82108b2a6cc6f006aae81961236eba93358', time: '2013-05-22 12:00:17'
System info: os.name: 'Mac OS X', os.arch: 'x86_64', os.version: '10.8.4', java.version: '1.6.0_45'
Driver info: driver.version: RemoteWebDriver
2013-06-18 19:42:35 INFO  [Case:Method=>testSendMail]*******************测试用例[testSendMail]开始执行*****************
2013-06-18 19:42:47 INFO  [Case:Method=>testSendMail]初始化了浏览器FIREFOX来进行自动化测试
2013-06-18 19:42:50 INFO  [Case:Method=>testSendMail]窗口的句柄数增多，进行句柄收集操作
2013-06-18 19:42:51 INFO  [Case:Method=>testSendMail]添加了新的窗口信息->163网易免费邮--中文邮箱第一品牌
2013-06-18 19:42:51 INFO  [Case:Method=>testSendMail]当前初始化页面信息：URL--->http://mail.163.com/
2013-06-18 19:42:51 INFO  [Case:Method=>testSendMail]当前初始化页面信息：Title--->163网易免费邮--中文邮箱第一品牌
2013-06-18 19:42:51 INFO  [Case:Method=>testSendMail]当前初始化页面信息：窗口句柄数--->1
2013-06-18 19:42:51 INFO  收集了当前页面的注解属性元素网易邮箱登录页面-输入框
2013-06-18 19:42:51 INFO  收集了当前页面的注解属性元素网易邮箱登录页面-密码框
2013-06-18 19:42:51 INFO  收集了当前页面的注解属性元素网易邮箱登录页面-登录按钮
2013-06-18 19:42:51 INFO  [Case:Method=>testSendMail][网易邮箱登录页面-输入框]输入[celeskyking@163.com]值操作成功
2013-06-18 19:42:52 INFO  [Case:Method=>testSendMail][网易邮箱登录页面-密码框]输入[tiantian5326417]值操作成功
2013-06-18 19:42:52 INFO  [Case:Method=>testSendMail][网易邮箱登录页面-登录按钮]点击操作成功
2013-06-18 19:43:04 INFO  [Case:Method=>testSendMail]当前页面发生了变化，切换到了新的页面--->网易邮箱5.0版
2013-06-18 19:43:04 INFO  收集了当前页面的注解属性元素写信页-写信按钮
2013-06-18 19:43:04 INFO  收集了当前页面的注解属性元素写信页-收件人输入框
2013-06-18 19:43:04 INFO  收集了当前页面的注解属性元素写信页-主题
2013-06-18 19:43:04 INFO  收集了当前页面的注解属性元素写信页-内容框
2013-06-18 19:43:04 ERROR [Case:Method=>testSendMail]用例执行失败了,异常信息->Compound class names are not supported. Consider searching for one class name and filtering the results or use CSS selectors.
For documentation on this error, please visit: http://seleniumhq.org/exceptions/invalid_selector_exception.html
Build info: version: '2.33.0', revision: '4ecaf82108b2a6cc6f006aae81961236eba93358', time: '2013-05-22 12:00:17'
System info: os.name: 'Mac OS X', os.arch: 'x86_64', os.version: '10.8.4', java.version: '1.6.0_45'
Driver info: driver.version: unknown
2013-06-18 19:44:00 INFO  [Case:Method=>testSendMail]*******************测试用例[testSendMail]开始执行*****************
2013-06-18 19:44:13 INFO  [Case:Method=>testSendMail]初始化了浏览器FIREFOX来进行自动化测试
2013-06-18 19:44:15 INFO  [Case:Method=>testSendMail]窗口的句柄数增多，进行句柄收集操作
2013-06-18 19:44:15 INFO  [Case:Method=>testSendMail]添加了新的窗口信息->163网易免费邮--中文邮箱第一品牌
2013-06-18 19:44:15 INFO  [Case:Method=>testSendMail]当前初始化页面信息：URL--->http://mail.163.com/
2013-06-18 19:44:15 INFO  [Case:Method=>testSendMail]当前初始化页面信息：Title--->163网易免费邮--中文邮箱第一品牌
2013-06-18 19:44:15 INFO  [Case:Method=>testSendMail]当前初始化页面信息：窗口句柄数--->1
2013-06-18 19:44:15 INFO  收集了当前页面的注解属性元素网易邮箱登录页面-输入框
2013-06-18 19:44:15 INFO  收集了当前页面的注解属性元素网易邮箱登录页面-密码框
2013-06-18 19:44:15 INFO  收集了当前页面的注解属性元素网易邮箱登录页面-登录按钮
2013-06-18 19:44:16 INFO  [Case:Method=>testSendMail][网易邮箱登录页面-输入框]输入[celeskyking@163.com]值操作成功
2013-06-18 19:44:16 INFO  [Case:Method=>testSendMail][网易邮箱登录页面-密码框]输入[tiantian5326417]值操作成功
2013-06-18 19:44:16 INFO  [Case:Method=>testSendMail][网易邮箱登录页面-登录按钮]点击操作成功
2013-06-18 19:44:16 INFO  收集了当前页面的注解属性元素写信页-写信按钮
2013-06-18 19:44:16 INFO  收集了当前页面的注解属性元素写信页-收件人输入框
2013-06-18 19:44:16 INFO  收集了当前页面的注解属性元素写信页-主题
2013-06-18 19:44:16 INFO  收集了当前页面的注解属性元素写信页-内容框
2013-06-18 19:44:16 INFO  收集了当前页面的注解属性元素写信页-发送按钮
2013-06-18 19:44:27 INFO  [Case:Method=>testSendMail][写信页-写信按钮]点击操作成功
2013-06-18 19:44:27 INFO  [Case:Method=>testSendMail]当前页面发生了变化，切换到了新的页面--->网易邮箱5.0版
2013-06-18 19:44:27 INFO  [Case:Method=>testSendMail][写信页-收件人输入框]输入[669357664@qq.com]值操作成功
2013-06-18 19:44:27 INFO  [Case:Method=>testSendMail][写信页-主题]输入[测试]值操作成功
2013-06-18 19:44:27 INFO  [Case:Method=>testSendMail][写信页-内容框]输入[你好，王小懒]值操作成功
2013-06-18 19:44:58 INFO  解析frame元素消费了-->0毫秒,每次打印的时间意味着此方法访问了一次frame，在此过程中会通过递归的方式来进行查找元素，消费的总时间应该是所有的消费时间的总和。此日志的记录是为了防止因为访问frame性能影响脚本运行
2013-06-18 19:44:58 ERROR 在转化元素的时候出现了错误，给出的临时元素并不能够转化为网页的元素，请仔细检查元素的定义
2013-06-18 19:44:58 ERROR 临时元素信息->写信页-发送按钮:By.className: lN
2013-06-18 19:44:58 ERROR [Case:Method=>testSendMail]用例执行失败了,异常信息->没有找到定义的元素，请仔细检查元素是否定义正确
For documentation on this error, please visit: http://seleniumhq.org/exceptions/no_such_element.html
Build info: version: '2.33.0', revision: '4ecaf82108b2a6cc6f006aae81961236eba93358', time: '2013-05-22 12:00:17'
System info: os.name: 'Mac OS X', os.arch: 'x86_64', os.version: '10.8.4', java.version: '1.6.0_45'
Driver info: driver.version: unknown
2013-06-18 19:49:05 INFO  [Case:Method=>testSendMail]*******************测试用例[testSendMail]开始执行*****************
2013-06-18 19:49:20 INFO  [Case:Method=>testSendMail]初始化了浏览器FIREFOX来进行自动化测试
2013-06-18 19:49:23 INFO  [Case:Method=>testSendMail]窗口的句柄数增多，进行句柄收集操作
2013-06-18 19:49:24 INFO  [Case:Method=>testSendMail]添加了新的窗口信息->163网易免费邮--中文邮箱第一品牌
2013-06-18 19:49:24 INFO  [Case:Method=>testSendMail]当前初始化页面信息：URL--->http://mail.163.com/
2013-06-18 19:49:24 INFO  [Case:Method=>testSendMail]当前初始化页面信息：Title--->163网易免费邮--中文邮箱第一品牌
2013-06-18 19:49:24 INFO  [Case:Method=>testSendMail]当前初始化页面信息：窗口句柄数--->1
2013-06-18 19:49:24 INFO  收集了当前页面的注解属性元素网易邮箱登录页面-输入框
2013-06-18 19:49:24 INFO  收集了当前页面的注解属性元素网易邮箱登录页面-密码框
2013-06-18 19:49:24 INFO  收集了当前页面的注解属性元素网易邮箱登录页面-登录按钮
2013-06-18 19:49:24 INFO  [Case:Method=>testSendMail][网易邮箱登录页面-输入框]输入[celeskyking@163.com]值操作成功
2013-06-18 19:49:24 INFO  [Case:Method=>testSendMail][网易邮箱登录页面-密码框]输入[tiantian5326417]值操作成功
2013-06-18 19:49:24 INFO  [Case:Method=>testSendMail][网易邮箱登录页面-登录按钮]点击操作成功
2013-06-18 19:49:24 INFO  收集了当前页面的注解属性元素写信页-写信按钮
2013-06-18 19:49:24 INFO  收集了当前页面的注解属性元素写信页-收件人输入框
2013-06-18 19:49:24 INFO  收集了当前页面的注解属性元素写信页-主题
2013-06-18 19:49:24 INFO  收集了当前页面的注解属性元素写信页-内容框
2013-06-18 19:49:24 INFO  收集了当前页面的注解属性元素写信页-发送按钮
2013-06-18 19:49:31 INFO  [Case:Method=>testSendMail][写信页-写信按钮]点击操作成功
2013-06-18 19:49:32 INFO  [Case:Method=>testSendMail]当前页面发生了变化，切换到了新的页面--->网易邮箱5.0版
2013-06-18 19:49:32 INFO  [Case:Method=>testSendMail][写信页-收件人输入框]输入[669357664@qq.com]值操作成功
2013-06-18 19:49:33 INFO  [Case:Method=>testSendMail][写信页-主题]输入[测试]值操作成功
2013-06-18 19:49:33 INFO  [Case:Method=>testSendMail][写信页-内容框]输入[你好，王小懒]值操作成功
2013-06-18 19:50:04 INFO  解析frame元素消费了-->0毫秒,每次打印的时间意味着此方法访问了一次frame，在此过程中会通过递归的方式来进行查找元素，消费的总时间应该是所有的消费时间的总和。此日志的记录是为了防止因为访问frame性能影响脚本运行
2013-06-18 19:50:04 ERROR 在转化元素的时候出现了错误，给出的临时元素并不能够转化为网页的元素，请仔细检查元素的定义
2013-06-18 19:50:04 ERROR 临时元素信息->写信页-发送按钮:By.id: divComposeToolbar
2013-06-18 19:50:04 ERROR [Case:Method=>testSendMail]用例执行失败了,异常信息->没有找到定义的元素，请仔细检查元素是否定义正确
For documentation on this error, please visit: http://seleniumhq.org/exceptions/no_such_element.html
Build info: version: '2.33.0', revision: '4ecaf82108b2a6cc6f006aae81961236eba93358', time: '2013-05-22 12:00:17'
System info: os.name: 'Mac OS X', os.arch: 'x86_64', os.version: '10.8.4', java.version: '1.6.0_45'
Driver info: driver.version: unknown
2013-06-18 19:57:43 INFO  [Case:Method=>testSendMail]*******************测试用例[testSendMail]开始执行*****************
2013-06-18 19:57:57 INFO  [Case:Method=>testSendMail]初始化了浏览器FIREFOX来进行自动化测试
2013-06-18 19:58:02 INFO  [Case:Method=>testSendMail]窗口的句柄数增多，进行句柄收集操作
2013-06-18 19:58:06 INFO  [Case:Method=>testSendMail]添加了新的窗口信息->163网易免费邮--中文邮箱第一品牌
2013-06-18 19:58:06 INFO  [Case:Method=>testSendMail]当前初始化页面信息：URL--->http://mail.163.com/
2013-06-18 19:58:06 INFO  [Case:Method=>testSendMail]当前初始化页面信息：Title--->163网易免费邮--中文邮箱第一品牌
2013-06-18 19:58:06 INFO  [Case:Method=>testSendMail]当前初始化页面信息：窗口句柄数--->1
2013-06-18 19:58:07 INFO  收集了当前页面的注解属性元素网易邮箱登录页面-输入框
2013-06-18 19:58:07 INFO  收集了当前页面的注解属性元素网易邮箱登录页面-密码框
2013-06-18 19:58:07 INFO  收集了当前页面的注解属性元素网易邮箱登录页面-登录按钮
2013-06-18 19:58:07 INFO  [Case:Method=>testSendMail][网易邮箱登录页面-输入框]输入[celeskyking@163.com]值操作成功
2013-06-18 19:58:07 INFO  [Case:Method=>testSendMail][网易邮箱登录页面-密码框]输入[tiantian5326417]值操作成功
2013-06-18 19:58:08 INFO  [Case:Method=>testSendMail][网易邮箱登录页面-登录按钮]点击操作成功
2013-06-18 19:58:12 INFO  [Case:Method=>testSendMail]当前页面发生了变化，切换到了新的页面--->网易邮箱5.0版
2013-06-18 19:58:12 INFO  收集了当前页面的注解属性元素写信页-写信按钮
2013-06-18 19:58:12 INFO  收集了当前页面的注解属性元素写信页-收件人输入框
2013-06-18 19:58:12 INFO  收集了当前页面的注解属性元素写信页-主题
2013-06-18 19:58:12 INFO  收集了当前页面的注解属性元素写信页-内容框
2013-06-18 19:58:12 INFO  收集了当前页面的注解属性元素写信页-发送按钮
2013-06-18 19:58:13 INFO  [Case:Method=>testSendMail][写信页-写信按钮]点击操作成功
2013-06-18 19:58:13 INFO  [Case:Method=>testSendMail]当前页面发生了变化，切换到了新的页面--->网易邮箱5.0版
2013-06-18 19:58:14 INFO  [Case:Method=>testSendMail][写信页-收件人输入框]输入[669357664@qq.com]值操作成功
2013-06-18 19:58:14 INFO  [Case:Method=>testSendMail][写信页-主题]输入[测试]值操作成功
2013-06-18 19:58:15 INFO  [Case:Method=>testSendMail][写信页-内容框]输入[你好，王小懒]值操作成功
2013-06-18 19:58:45 INFO  解析frame元素消费了-->0毫秒,每次打印的时间意味着此方法访问了一次frame，在此过程中会通过递归的方式来进行查找元素，消费的总时间应该是所有的消费时间的总和。此日志的记录是为了防止因为访问frame性能影响脚本运行
2013-06-18 19:58:45 ERROR 在转化元素的时候出现了错误，给出的临时元素并不能够转化为网页的元素，请仔细检查元素的定义
2013-06-18 19:58:45 ERROR 临时元素信息->写信页-发送按钮:By.id: divComposeToolbar
2013-06-18 19:58:45 ERROR [Case:Method=>testSendMail]用例执行失败了,异常信息->没有找到定义的元素，请仔细检查元素是否定义正确
For documentation on this error, please visit: http://seleniumhq.org/exceptions/no_such_element.html
Build info: version: '2.33.0', revision: '4ecaf82108b2a6cc6f006aae81961236eba93358', time: '2013-05-22 12:00:17'
System info: os.name: 'Mac OS X', os.arch: 'x86_64', os.version: '10.8.4', java.version: '1.6.0_45'
Driver info: driver.version: unknown
2013-06-18 19:59:40 INFO  [Case:Method=>testSendMail]*******************测试用例[testSendMail]开始执行*****************
2013-06-18 19:59:53 INFO  [Case:Method=>testSendMail]初始化了浏览器FIREFOX来进行自动化测试
2013-06-18 19:59:55 INFO  [Case:Method=>testSendMail]窗口的句柄数增多，进行句柄收集操作
2013-06-18 19:59:56 INFO  [Case:Method=>testSendMail]添加了新的窗口信息->163网易免费邮--中文邮箱第一品牌
2013-06-18 19:59:56 INFO  [Case:Method=>testSendMail]当前初始化页面信息：URL--->http://mail.163.com/
2013-06-18 19:59:56 INFO  [Case:Method=>testSendMail]当前初始化页面信息：Title--->163网易免费邮--中文邮箱第一品牌
2013-06-18 19:59:56 INFO  [Case:Method=>testSendMail]当前初始化页面信息：窗口句柄数--->1
2013-06-18 19:59:56 INFO  收集了当前页面的注解属性元素网易邮箱登录页面-输入框
2013-06-18 19:59:56 INFO  收集了当前页面的注解属性元素网易邮箱登录页面-密码框
2013-06-18 19:59:56 INFO  收集了当前页面的注解属性元素网易邮箱登录页面-登录按钮
2013-06-18 19:59:56 INFO  [Case:Method=>testSendMail][网易邮箱登录页面-输入框]输入[celeskyking@163.com]值操作成功
2013-06-18 19:59:56 INFO  [Case:Method=>testSendMail][网易邮箱登录页面-密码框]输入[tiantian5326417]值操作成功
2013-06-18 19:59:56 INFO  [Case:Method=>testSendMail][网易邮箱登录页面-登录按钮]点击操作成功
2013-06-18 19:59:56 INFO  收集了当前页面的注解属性元素写信页-写信按钮
2013-06-18 19:59:56 INFO  收集了当前页面的注解属性元素写信页-收件人输入框
2013-06-18 19:59:56 INFO  收集了当前页面的注解属性元素写信页-主题
2013-06-18 19:59:56 INFO  收集了当前页面的注解属性元素写信页-内容框
2013-06-18 19:59:56 INFO  收集了当前页面的注解属性元素写信页-发送按钮
2013-06-18 20:00:10 INFO  [Case:Method=>testSendMail][写信页-写信按钮]点击操作成功
2013-06-18 20:00:10 INFO  [Case:Method=>testSendMail]当前页面发生了变化，切换到了新的页面--->网易邮箱5.0版
2013-06-18 20:00:11 INFO  [Case:Method=>testSendMail][写信页-收件人输入框]输入[669357664@qq.com]值操作成功
2013-06-18 20:00:11 INFO  [Case:Method=>testSendMail][写信页-主题]输入[测试]值操作成功
2013-06-18 20:00:11 INFO  [Case:Method=>testSendMail][写信页-内容框]输入[你好，王小懒]值操作成功
2013-06-18 20:00:41 INFO  解析frame元素消费了-->0毫秒,每次打印的时间意味着此方法访问了一次frame，在此过程中会通过递归的方式来进行查找元素，消费的总时间应该是所有的消费时间的总和。此日志的记录是为了防止因为访问frame性能影响脚本运行
2013-06-18 20:00:41 ERROR 在转化元素的时候出现了错误，给出的临时元素并不能够转化为网页的元素，请仔细检查元素的定义
2013-06-18 20:00:41 ERROR 临时元素信息->写信页-发送按钮:By.id: divComposeToolbar
2013-06-18 20:00:41 ERROR [Case:Method=>testSendMail]用例执行失败了,异常信息->没有找到定义的元素，请仔细检查元素是否定义正确
For documentation on this error, please visit: http://seleniumhq.org/exceptions/no_such_element.html
Build info: version: '2.33.0', revision: '4ecaf82108b2a6cc6f006aae81961236eba93358', time: '2013-05-22 12:00:17'
System info: os.name: 'Mac OS X', os.arch: 'x86_64', os.version: '10.8.4', java.version: '1.6.0_45'
Driver info: driver.version: unknown
2013-06-18 20:02:46 INFO  [Case:Method=>testSendMail]*******************测试用例[testSendMail]开始执行*****************
2013-06-18 20:02:59 INFO  [Case:Method=>testSendMail]初始化了浏览器FIREFOX来进行自动化测试
2013-06-18 20:03:02 INFO  [Case:Method=>testSendMail]窗口的句柄数增多，进行句柄收集操作
2013-06-18 20:03:02 INFO  [Case:Method=>testSendMail]添加了新的窗口信息->163网易免费邮--中文邮箱第一品牌
2013-06-18 20:03:02 INFO  [Case:Method=>testSendMail]当前初始化页面信息：URL--->http://mail.163.com/
2013-06-18 20:03:02 INFO  [Case:Method=>testSendMail]当前初始化页面信息：Title--->163网易免费邮--中文邮箱第一品牌
2013-06-18 20:03:02 INFO  [Case:Method=>testSendMail]当前初始化页面信息：窗口句柄数--->1
2013-06-18 20:03:02 INFO  收集了当前页面的注解属性元素网易邮箱登录页面-输入框
2013-06-18 20:03:02 INFO  收集了当前页面的注解属性元素网易邮箱登录页面-密码框
2013-06-18 20:03:02 INFO  收集了当前页面的注解属性元素网易邮箱登录页面-登录按钮
2013-06-18 20:03:02 INFO  [Case:Method=>testSendMail][网易邮箱登录页面-输入框]输入[celeskyking@163.com]值操作成功
2013-06-18 20:03:03 INFO  [Case:Method=>testSendMail][网易邮箱登录页面-密码框]输入[tiantian5326417]值操作成功
2013-06-18 20:03:03 INFO  [Case:Method=>testSendMail][网易邮箱登录页面-登录按钮]点击操作成功
2013-06-18 20:03:03 INFO  收集了当前页面的注解属性元素写信页-写信按钮
2013-06-18 20:03:03 INFO  收集了当前页面的注解属性元素写信页-收件人输入框
2013-06-18 20:03:03 INFO  收集了当前页面的注解属性元素写信页-主题
2013-06-18 20:03:03 INFO  收集了当前页面的注解属性元素写信页-内容框
2013-06-18 20:03:03 INFO  收集了当前页面的注解属性元素写信页-发送按钮
2013-06-18 20:03:17 INFO  [Case:Method=>testSendMail][写信页-写信按钮]点击操作成功
2013-06-18 20:03:17 INFO  [Case:Method=>testSendMail]当前页面发生了变化，切换到了新的页面--->网易邮箱5.0版
2013-06-18 20:03:17 INFO  [Case:Method=>testSendMail][写信页-收件人输入框]输入[669357664@qq.com]值操作成功
2013-06-18 20:03:17 INFO  [Case:Method=>testSendMail][写信页-主题]输入[测试]值操作成功
2013-06-18 20:03:17 INFO  [Case:Method=>testSendMail][写信页-内容框]输入[你好，王小懒]值操作成功
2013-06-18 20:03:48 INFO  解析frame元素消费了-->0毫秒,每次打印的时间意味着此方法访问了一次frame，在此过程中会通过递归的方式来进行查找元素，消费的总时间应该是所有的消费时间的总和。此日志的记录是为了防止因为访问frame性能影响脚本运行
2013-06-18 20:03:48 ERROR 在转化元素的时候出现了错误，给出的临时元素并不能够转化为网页的元素，请仔细检查元素的定义
2013-06-18 20:03:48 ERROR 临时元素信息->写信页-发送按钮:By.id: _mail_button_1_129
2013-06-18 20:03:48 ERROR [Case:Method=>testSendMail]用例执行失败了,异常信息->没有找到定义的元素，请仔细检查元素是否定义正确
For documentation on this error, please visit: http://seleniumhq.org/exceptions/no_such_element.html
Build info: version: '2.33.0', revision: '4ecaf82108b2a6cc6f006aae81961236eba93358', time: '2013-05-22 12:00:17'
System info: os.name: 'Mac OS X', os.arch: 'x86_64', os.version: '10.8.4', java.version: '1.6.0_45'
Driver info: driver.version: unknown
2013-06-18 20:05:27 INFO  [Case:Method=>testSendMail]*******************测试用例[testSendMail]开始执行*****************
2013-06-18 20:05:41 INFO  [Case:Method=>testSendMail]初始化了浏览器FIREFOX来进行自动化测试
2013-06-18 20:05:43 INFO  [Case:Method=>testSendMail]窗口的句柄数增多，进行句柄收集操作
2013-06-18 20:05:44 INFO  [Case:Method=>testSendMail]添加了新的窗口信息->163网易免费邮--中文邮箱第一品牌
2013-06-18 20:05:44 INFO  [Case:Method=>testSendMail]当前初始化页面信息：URL--->http://mail.163.com/
2013-06-18 20:05:44 INFO  [Case:Method=>testSendMail]当前初始化页面信息：Title--->163网易免费邮--中文邮箱第一品牌
2013-06-18 20:05:44 INFO  [Case:Method=>testSendMail]当前初始化页面信息：窗口句柄数--->1
2013-06-18 20:05:44 INFO  收集了当前页面的注解属性元素网易邮箱登录页面-输入框
2013-06-18 20:05:44 INFO  收集了当前页面的注解属性元素网易邮箱登录页面-密码框
2013-06-18 20:05:44 INFO  收集了当前页面的注解属性元素网易邮箱登录页面-登录按钮
2013-06-18 20:05:44 INFO  [Case:Method=>testSendMail][网易邮箱登录页面-输入框]输入[celeskyking@163.com]值操作成功
2013-06-18 20:05:44 INFO  [Case:Method=>testSendMail][网易邮箱登录页面-密码框]输入[tiantian5326417]值操作成功
2013-06-18 20:05:45 INFO  [Case:Method=>testSendMail][网易邮箱登录页面-登录按钮]点击操作成功
2013-06-18 20:05:58 INFO  [Case:Method=>testSendMail]当前页面发生了变化，切换到了新的页面--->网易邮箱5.0版
2013-06-18 20:05:58 INFO  收集了当前页面的注解属性元素写信页-写信按钮
2013-06-18 20:05:58 INFO  收集了当前页面的注解属性元素写信页-收件人输入框
2013-06-18 20:05:58 INFO  收集了当前页面的注解属性元素写信页-主题
2013-06-18 20:05:58 INFO  收集了当前页面的注解属性元素写信页-内容框
2013-06-18 20:05:58 INFO  收集了当前页面的注解属性元素写信页-发送按钮
2013-06-18 20:05:59 INFO  [Case:Method=>testSendMail][写信页-写信按钮]点击操作成功
2013-06-18 20:05:59 INFO  [Case:Method=>testSendMail]当前页面发生了变化，切换到了新的页面--->网易邮箱5.0版
2013-06-18 20:05:59 INFO  [Case:Method=>testSendMail][写信页-收件人输入框]输入[669357664@qq.com]值操作成功
2013-06-18 20:05:59 INFO  [Case:Method=>testSendMail][写信页-主题]输入[测试]值操作成功
2013-06-18 20:05:59 INFO  [Case:Method=>testSendMail][写信页-内容框]输入[你好，王小懒]值操作成功
2013-06-18 20:06:30 INFO  解析frame元素消费了-->0毫秒,每次打印的时间意味着此方法访问了一次frame，在此过程中会通过递归的方式来进行查找元素，消费的总时间应该是所有的消费时间的总和。此日志的记录是为了防止因为访问frame性能影响脚本运行
2013-06-18 20:06:30 ERROR 在转化元素的时候出现了错误，给出的临时元素并不能够转化为网页的元素，请仔细检查元素的定义
2013-06-18 20:06:30 ERROR 临时元素信息->写信页-发送按钮:By.id: _mail_button_9_192
2013-06-18 20:06:30 ERROR [Case:Method=>testSendMail]用例执行失败了,异常信息->没有找到定义的元素，请仔细检查元素是否定义正确
For documentation on this error, please visit: http://seleniumhq.org/exceptions/no_such_element.html
Build info: version: '2.33.0', revision: '4ecaf82108b2a6cc6f006aae81961236eba93358', time: '2013-05-22 12:00:17'
System info: os.name: 'Mac OS X', os.arch: 'x86_64', os.version: '10.8.4', java.version: '1.6.0_45'
Driver info: driver.version: unknown
2013-06-18 20:08:08 INFO  [Case:Method=>testSendMail]*******************测试用例[testSendMail]开始执行*****************
2013-06-18 20:08:20 INFO  [Case:Method=>testSendMail]初始化了浏览器FIREFOX来进行自动化测试
2013-06-18 20:08:23 INFO  [Case:Method=>testSendMail]窗口的句柄数增多，进行句柄收集操作
2013-06-18 20:08:23 INFO  [Case:Method=>testSendMail]添加了新的窗口信息->163网易免费邮--中文邮箱第一品牌
2013-06-18 20:08:23 INFO  [Case:Method=>testSendMail]当前初始化页面信息：URL--->http://mail.163.com/
2013-06-18 20:08:23 INFO  [Case:Method=>testSendMail]当前初始化页面信息：Title--->163网易免费邮--中文邮箱第一品牌
2013-06-18 20:08:24 INFO  [Case:Method=>testSendMail]当前初始化页面信息：窗口句柄数--->1
2013-06-18 20:08:24 INFO  收集了当前页面的注解属性元素网易邮箱登录页面-输入框
2013-06-18 20:08:24 INFO  收集了当前页面的注解属性元素网易邮箱登录页面-密码框
2013-06-18 20:08:24 INFO  收集了当前页面的注解属性元素网易邮箱登录页面-登录按钮
2013-06-18 20:08:25 INFO  [Case:Method=>testSendMail][网易邮箱登录页面-输入框]输入[celeskyking@163.com]值操作成功
2013-06-18 20:08:25 INFO  [Case:Method=>testSendMail][网易邮箱登录页面-密码框]输入[tiantian5326417]值操作成功
2013-06-18 20:08:25 INFO  [Case:Method=>testSendMail][网易邮箱登录页面-登录按钮]点击操作成功
2013-06-18 20:08:31 INFO  [Case:Method=>testSendMail]当前页面发生了变化，切换到了新的页面--->网易邮箱5.0版
2013-06-18 20:08:31 INFO  收集了当前页面的注解属性元素写信页-写信按钮
2013-06-18 20:08:31 INFO  收集了当前页面的注解属性元素写信页-收件人输入框
2013-06-18 20:08:31 INFO  收集了当前页面的注解属性元素写信页-主题
2013-06-18 20:08:31 INFO  收集了当前页面的注解属性元素写信页-内容框
2013-06-18 20:08:31 INFO  收集了当前页面的注解属性元素写信页-发送按钮
2013-06-18 20:08:32 INFO  [Case:Method=>testSendMail][写信页-写信按钮]点击操作成功
2013-06-18 20:08:32 INFO  [Case:Method=>testSendMail]当前页面发生了变化，切换到了新的页面--->网易邮箱5.0版
2013-06-18 20:08:33 INFO  [Case:Method=>testSendMail][写信页-收件人输入框]输入[669357664@qq.com]值操作成功
2013-06-18 20:08:33 INFO  [Case:Method=>testSendMail][写信页-主题]输入[测试]值操作成功
2013-06-18 20:08:34 INFO  [Case:Method=>testSendMail][写信页-内容框]输入[你好，王小懒]值操作成功
2013-06-18 20:09:04 INFO  解析frame元素消费了-->0毫秒,每次打印的时间意味着此方法访问了一次frame，在此过程中会通过递归的方式来进行查找元素，消费的总时间应该是所有的消费时间的总和。此日志的记录是为了防止因为访问frame性能影响脚本运行
2013-06-18 20:09:04 ERROR [Case:Method=>testSendMail]用例执行失败了,异常信息->null value in entry: id=null
2013-06-18 20:14:18 INFO  [Case:Method=>testSendMail]*******************测试用例[testSendMail]开始执行*****************
2013-06-18 20:14:36 INFO  [Case:Method=>testSendMail]初始化了浏览器FIREFOX来进行自动化测试
2013-06-18 20:14:40 INFO  [Case:Method=>testSendMail]窗口的句柄数增多，进行句柄收集操作
2013-06-18 20:14:41 INFO  [Case:Method=>testSendMail]添加了新的窗口信息->163网易免费邮--中文邮箱第一品牌
2013-06-18 20:14:41 INFO  [Case:Method=>testSendMail]当前初始化页面信息：URL--->http://mail.163.com/
2013-06-18 20:14:41 INFO  [Case:Method=>testSendMail]当前初始化页面信息：Title--->163网易免费邮--中文邮箱第一品牌
2013-06-18 20:14:41 INFO  [Case:Method=>testSendMail]当前初始化页面信息：窗口句柄数--->1
2013-06-18 20:14:41 INFO  收集了当前页面的注解属性元素网易邮箱登录页面-输入框
2013-06-18 20:14:41 INFO  收集了当前页面的注解属性元素网易邮箱登录页面-密码框
2013-06-18 20:14:41 INFO  收集了当前页面的注解属性元素网易邮箱登录页面-登录按钮
2013-06-18 20:14:42 INFO  [Case:Method=>testSendMail][网易邮箱登录页面-输入框]输入[celeskyking@163.com]值操作成功
2013-06-18 20:14:42 INFO  [Case:Method=>testSendMail][网易邮箱登录页面-密码框]输入[tiantian5326417]值操作成功
2013-06-18 20:14:42 INFO  [Case:Method=>testSendMail][网易邮箱登录页面-登录按钮]点击操作成功
2013-06-18 20:14:46 INFO  [Case:Method=>testSendMail]当前页面发生了变化，切换到了新的页面--->(1封未读) 网易邮箱5.0版
2013-06-18 20:14:46 INFO  收集了当前页面的注解属性元素写信页-写信按钮
2013-06-18 20:14:46 INFO  收集了当前页面的注解属性元素写信页-收件人输入框
2013-06-18 20:14:46 INFO  收集了当前页面的注解属性元素写信页-主题
2013-06-18 20:14:46 INFO  收集了当前页面的注解属性元素写信页-内容框
2013-06-18 20:14:46 INFO  收集了当前页面的注解属性元素写信页-发送按钮
2013-06-18 20:14:47 INFO  [Case:Method=>testSendMail][写信页-写信按钮]点击操作成功
2013-06-18 20:14:47 INFO  [Case:Method=>testSendMail]当前页面发生了变化，切换到了新的页面--->(1封未读) 网易邮箱5.0版
2013-06-18 20:14:47 INFO  [Case:Method=>testSendMail][写信页-收件人输入框]输入[669357664@qq.com]值操作成功
2013-06-18 20:14:48 INFO  [Case:Method=>testSendMail][写信页-主题]输入[测试]值操作成功
2013-06-18 20:14:49 INFO  [Case:Method=>testSendMail][写信页-内容框]输入[你好，王小懒]值操作成功
2013-06-18 20:15:19 INFO  解析frame元素消费了-->0毫秒,每次打印的时间意味着此方法访问了一次frame，在此过程中会通过递归的方式来进行查找元素，消费的总时间应该是所有的消费时间的总和。此日志的记录是为了防止因为访问frame性能影响脚本运行
2013-06-18 20:15:39 ERROR [Case:Method=>testSendMail]用例执行失败了,异常信息->null value in entry: id=null
2013-06-18 20:17:47 INFO  [Case:Method=>testSendMail]*******************测试用例[testSendMail]开始执行*****************
2013-06-18 20:17:59 INFO  [Case:Method=>testSendMail]初始化了浏览器FIREFOX来进行自动化测试
2013-06-18 20:18:01 INFO  [Case:Method=>testSendMail]窗口的句柄数增多，进行句柄收集操作
2013-06-18 20:18:04 INFO  [Case:Method=>testSendMail]添加了新的窗口信息->163网易免费邮--中文邮箱第一品牌
2013-06-18 20:18:04 INFO  [Case:Method=>testSendMail]当前初始化页面信息：URL--->http://mail.163.com/
2013-06-18 20:18:04 INFO  [Case:Method=>testSendMail]当前初始化页面信息：Title--->163网易免费邮--中文邮箱第一品牌
2013-06-18 20:18:04 INFO  [Case:Method=>testSendMail]当前初始化页面信息：窗口句柄数--->1
2013-06-18 20:18:04 INFO  收集了当前页面的注解属性元素网易邮箱登录页面-输入框
2013-06-18 20:18:04 INFO  收集了当前页面的注解属性元素网易邮箱登录页面-密码框
2013-06-18 20:18:04 INFO  收集了当前页面的注解属性元素网易邮箱登录页面-登录按钮
2013-06-18 20:18:04 INFO  [Case:Method=>testSendMail][网易邮箱登录页面-输入框]输入[celeskyking@163.com]值操作成功
2013-06-18 20:18:04 INFO  [Case:Method=>testSendMail][网易邮箱登录页面-密码框]输入[tiantian5326417]值操作成功
2013-06-18 20:18:04 INFO  [Case:Method=>testSendMail][网易邮箱登录页面-登录按钮]点击操作成功
2013-06-18 20:18:08 INFO  [Case:Method=>testSendMail]当前页面发生了变化，切换到了新的页面--->(2封未读) 网易邮箱5.0版
2013-06-18 20:18:08 INFO  收集了当前页面的注解属性元素写信页-写信按钮
2013-06-18 20:18:08 INFO  收集了当前页面的注解属性元素写信页-收件人输入框
2013-06-18 20:18:08 INFO  收集了当前页面的注解属性元素写信页-主题
2013-06-18 20:18:08 INFO  收集了当前页面的注解属性元素写信页-内容框
2013-06-18 20:18:08 INFO  收集了当前页面的注解属性元素写信页-发送按钮
2013-06-18 20:18:09 INFO  [Case:Method=>testSendMail][写信页-写信按钮]点击操作成功
2013-06-18 20:18:10 INFO  [Case:Method=>testSendMail]当前页面发生了变化，切换到了新的页面--->(2封未读) 网易邮箱5.0版
2013-06-18 20:18:10 INFO  [Case:Method=>testSendMail][写信页-收件人输入框]输入[669357664@qq.com]值操作成功
2013-06-18 20:18:10 INFO  [Case:Method=>testSendMail][写信页-主题]输入[测试]值操作成功
2013-06-18 20:18:11 INFO  [Case:Method=>testSendMail][写信页-内容框]输入[你好，王小懒]值操作成功
2013-06-18 20:18:43 ERROR [Case:Method=>testSendMail]用例执行失败了,异常信息->Error communicating with the remote browser. It may have died.
Build info: version: '2.33.0', revision: '4ecaf82108b2a6cc6f006aae81961236eba93358', time: '2013-05-22 12:00:17'
System info: os.name: 'Mac OS X', os.arch: 'x86_64', os.version: '10.8.4', java.version: '1.6.0_45'
Driver info: driver.version: RemoteWebDriver
2013-06-18 20:20:02 INFO  [Case:Method=>testSendMail]*******************测试用例[testSendMail]开始执行*****************
2013-06-18 20:20:14 INFO  [Case:Method=>testSendMail]初始化了浏览器FIREFOX来进行自动化测试
2013-06-18 20:20:16 INFO  [Case:Method=>testSendMail]窗口的句柄数增多，进行句柄收集操作
2013-06-18 20:20:17 INFO  [Case:Method=>testSendMail]添加了新的窗口信息->163网易免费邮--中文邮箱第一品牌
2013-06-18 20:20:17 INFO  [Case:Method=>testSendMail]当前初始化页面信息：URL--->http://mail.163.com/
2013-06-18 20:20:17 INFO  [Case:Method=>testSendMail]当前初始化页面信息：Title--->163网易免费邮--中文邮箱第一品牌
2013-06-18 20:20:17 INFO  [Case:Method=>testSendMail]当前初始化页面信息：窗口句柄数--->1
2013-06-18 20:20:18 INFO  收集了当前页面的注解属性元素网易邮箱登录页面-输入框
2013-06-18 20:20:18 INFO  收集了当前页面的注解属性元素网易邮箱登录页面-密码框
2013-06-18 20:20:18 INFO  收集了当前页面的注解属性元素网易邮箱登录页面-登录按钮
2013-06-18 20:20:18 INFO  [Case:Method=>testSendMail][网易邮箱登录页面-输入框]输入[celeskyking@163.com]值操作成功
2013-06-18 20:20:18 INFO  [Case:Method=>testSendMail][网易邮箱登录页面-密码框]输入[tiantian5326417]值操作成功
2013-06-18 20:20:18 INFO  [Case:Method=>testSendMail][网易邮箱登录页面-登录按钮]点击操作成功
2013-06-18 20:20:28 INFO  [Case:Method=>testSendMail]当前页面发生了变化，切换到了新的页面--->网易邮箱5.0版
2013-06-18 20:20:28 INFO  收集了当前页面的注解属性元素写信页-写信按钮
2013-06-18 20:20:28 INFO  收集了当前页面的注解属性元素写信页-收件人输入框
2013-06-18 20:20:28 INFO  收集了当前页面的注解属性元素写信页-主题
2013-06-18 20:20:28 INFO  收集了当前页面的注解属性元素写信页-内容框
2013-06-18 20:20:28 INFO  收集了当前页面的注解属性元素写信页-发送按钮
2013-06-18 20:20:48 INFO  解析frame元素消费了-->0毫秒,每次打印的时间意味着此方法访问了一次frame，在此过程中会通过递归的方式来进行查找元素，消费的总时间应该是所有的消费时间的总和。此日志的记录是为了防止因为访问frame性能影响脚本运行
2013-06-18 20:20:48 ERROR 在转化元素的时候出现了错误，给出的临时元素并不能够转化为网页的元素，请仔细检查元素的定义
2013-06-18 20:20:48 ERROR 临时元素信息->写信页-写信按钮:By.xpath: .//*[@id='_mail_component_59_59']/span[2]
2013-06-18 20:20:48 ERROR [Case:Method=>testSendMail]用例执行失败了,异常信息->没有找到定义的元素，请仔细检查元素是否定义正确
For documentation on this error, please visit: http://seleniumhq.org/exceptions/no_such_element.html
Build info: version: '2.33.0', revision: '4ecaf82108b2a6cc6f006aae81961236eba93358', time: '2013-05-22 12:00:17'
System info: os.name: 'Mac OS X', os.arch: 'x86_64', os.version: '10.8.4', java.version: '1.6.0_45'
Driver info: driver.version: unknown
2013-06-18 20:21:23 INFO  [Case:Method=>testSendMail]*******************测试用例[testSendMail]开始执行*****************
2013-06-18 20:21:35 INFO  [Case:Method=>testSendMail]初始化了浏览器FIREFOX来进行自动化测试
2013-06-18 20:21:36 INFO  [Case:Method=>testSendMail]窗口的句柄数增多，进行句柄收集操作
2013-06-18 20:21:37 INFO  [Case:Method=>testSendMail]添加了新的窗口信息->163网易免费邮--中文邮箱第一品牌
2013-06-18 20:21:37 INFO  [Case:Method=>testSendMail]当前初始化页面信息：URL--->http://mail.163.com/
2013-06-18 20:21:37 INFO  [Case:Method=>testSendMail]当前初始化页面信息：Title--->163网易免费邮--中文邮箱第一品牌
2013-06-18 20:21:37 INFO  [Case:Method=>testSendMail]当前初始化页面信息：窗口句柄数--->1
2013-06-18 20:21:37 INFO  收集了当前页面的注解属性元素网易邮箱登录页面-输入框
2013-06-18 20:21:37 INFO  收集了当前页面的注解属性元素网易邮箱登录页面-密码框
2013-06-18 20:21:37 INFO  收集了当前页面的注解属性元素网易邮箱登录页面-登录按钮
2013-06-18 20:21:37 INFO  [Case:Method=>testSendMail][网易邮箱登录页面-输入框]输入[celeskyking@163.com]值操作成功
2013-06-18 20:21:38 INFO  [Case:Method=>testSendMail][网易邮箱登录页面-密码框]输入[tiantian5326417]值操作成功
2013-06-18 20:21:38 INFO  [Case:Method=>testSendMail][网易邮箱登录页面-登录按钮]点击操作成功
2013-06-18 20:21:47 INFO  [Case:Method=>testSendMail]当前页面发生了变化，切换到了新的页面--->网易邮箱5.0版
2013-06-18 20:21:47 INFO  收集了当前页面的注解属性元素写信页-写信按钮
2013-06-18 20:21:47 INFO  收集了当前页面的注解属性元素写信页-收件人输入框
2013-06-18 20:21:47 INFO  收集了当前页面的注解属性元素写信页-主题
2013-06-18 20:21:47 INFO  收集了当前页面的注解属性元素写信页-内容框
2013-06-18 20:21:47 INFO  收集了当前页面的注解属性元素写信页-发送按钮
2013-06-18 20:22:08 INFO  解析frame元素消费了-->0毫秒,每次打印的时间意味着此方法访问了一次frame，在此过程中会通过递归的方式来进行查找元素，消费的总时间应该是所有的消费时间的总和。此日志的记录是为了防止因为访问frame性能影响脚本运行
2013-06-18 20:22:08 ERROR 在转化元素的时候出现了错误，给出的临时元素并不能够转化为网页的元素，请仔细检查元素的定义
2013-06-18 20:22:08 ERROR 临时元素信息->写信页-写信按钮:By.xpath: .//*[@id='_mail_component_59_59']/span[2]
2013-06-18 20:22:08 ERROR [Case:Method=>testSendMail]用例执行失败了,异常信息->没有找到定义的元素，请仔细检查元素是否定义正确
For documentation on this error, please visit: http://seleniumhq.org/exceptions/no_such_element.html
Build info: version: '2.33.0', revision: '4ecaf82108b2a6cc6f006aae81961236eba93358', time: '2013-05-22 12:00:17'
System info: os.name: 'Mac OS X', os.arch: 'x86_64', os.version: '10.8.4', java.version: '1.6.0_45'
Driver info: driver.version: unknown
2013-06-18 20:24:37 INFO  [Case:Method=>testpage]>>>>>>[testpage]>>>这个case执行失败的话会被重新执行2次
2013-06-18 20:24:37 INFO  [Case:Method=>testpage]*******************测试用例[testpage]开始执行*****************
2013-06-18 20:24:49 INFO  [Case:Method=>testpage]初始化了浏览器FIREFOX来进行自动化测试
2013-06-18 20:25:00 INFO  [Case:Method=>testpage]窗口的句柄数增多，进行句柄收集操作
2013-06-18 20:25:00 INFO  [Case:Method=>testpage]添加了新的窗口信息->百度一下，你就知道
2013-06-18 20:25:00 INFO  [Case:Method=>testpage]当前初始化页面信息：URL--->http://www.baidu.com/
2013-06-18 20:25:00 INFO  [Case:Method=>testpage]当前初始化页面信息：Title--->百度一下，你就知道
2013-06-18 20:25:00 INFO  [Case:Method=>testpage]当前初始化页面信息：窗口句柄数--->1
2013-06-18 20:25:00 INFO  收集了页面[百度首页]的元素资源
2013-06-18 20:25:01 INFO  收集了Page[百度首页]元素->百度首页-搜索框
2013-06-18 20:25:01 INFO  收集了Page[百度首页]元素->百度首页-搜索按钮
2013-06-18 20:25:41 INFO  [Case:Method=>testpage][Element]输入[北京]值操作成功
2013-06-18 20:25:41 INFO  [Case:Method=>testpage][百度首页-搜索按钮]点击操作成功
2013-06-18 20:25:42 INFO  [Case:Method=>testpage]关闭了浏览器
2013-06-18 20:25:45 INFO  [Case:Method=>testpage]初始化了浏览器PhantomJS来进行自动化测试
2013-06-18 20:25:45 INFO  [Case:Method=>testpage]窗口的句柄数增多，进行句柄收集操作
2013-06-18 20:25:45 INFO  [Case:Method=>testpage]添加了新的窗口信息->百度一下，你就知道
2013-06-18 20:25:45 INFO  [Case:Method=>testpage]当前初始化页面信息：URL--->http://www.baidu.com/
2013-06-18 20:25:45 INFO  [Case:Method=>testpage]当前初始化页面信息：Title--->百度一下，你就知道
2013-06-18 20:25:45 INFO  [Case:Method=>testpage]当前初始化页面信息：窗口句柄数--->1
2013-06-18 20:25:45 INFO  收集了页面[百度首页]的元素资源
2013-06-18 20:25:45 INFO  收集了Page[百度首页]元素->百度首页-搜索框
2013-06-18 20:25:45 INFO  收集了Page[百度首页]元素->百度首页-搜索按钮
2013-06-18 20:26:26 INFO  [Case:Method=>testpage][Element]输入[北京]值操作成功
2013-06-18 20:26:26 INFO  [Case:Method=>testpage][百度首页-搜索按钮]点击操作成功
2013-06-18 20:26:26 INFO  [Case:Method=>testpage]关闭了浏览器
2013-06-18 20:26:26 INFO  [Case:Method=>testpage]*******************测试用例[testpage]执行结束****************
2013-06-18 20:26:46 INFO  [Case:Method=>testpage]>>>>>>[testpage]>>>这个case执行失败的话会被重新执行2次
2013-06-18 20:26:46 INFO  [Case:Method=>testpage]*******************测试用例[testpage]开始执行*****************
2013-06-18 20:26:58 INFO  [Case:Method=>testpage]初始化了浏览器FIREFOX来进行自动化测试
2013-06-18 20:27:10 INFO  [Case:Method=>testpage]窗口的句柄数增多，进行句柄收集操作
2013-06-18 20:27:10 INFO  [Case:Method=>testpage]添加了新的窗口信息->百度一下，你就知道
2013-06-18 20:27:10 INFO  [Case:Method=>testpage]当前初始化页面信息：URL--->http://www.baidu.com/
2013-06-18 20:27:10 INFO  [Case:Method=>testpage]当前初始化页面信息：Title--->百度一下，你就知道
2013-06-18 20:27:10 INFO  [Case:Method=>testpage]当前初始化页面信息：窗口句柄数--->1
2013-06-18 20:27:10 INFO  收集了页面[百度首页]的元素资源
2013-06-18 20:27:11 INFO  收集了Page[百度首页]元素->百度首页-搜索框
2013-06-18 20:27:11 INFO  收集了Page[百度首页]元素->百度首页-搜索按钮
2013-06-18 20:27:51 INFO  [Case:Method=>testpage][Element]输入[北京]值操作成功
2013-06-18 20:27:51 INFO  [Case:Method=>testpage][百度首页-搜索按钮]点击操作成功
2013-06-18 20:27:52 INFO  [Case:Method=>testpage]关闭了浏览器
2013-06-18 20:27:52 INFO  [Case:Method=>testpage]*******************测试用例[testpage]执行结束****************
2013-06-18 20:31:33 INFO  [Case:Method=>testpage]>>>>>>[testpage]>>>这个case执行失败的话会被重新执行2次
2013-06-18 20:31:33 INFO  [Case:Method=>testpage]*******************测试用例[testpage]开始执行*****************
2013-06-18 20:31:45 INFO  [Case:Method=>testpage]初始化了浏览器FIREFOX来进行自动化测试
2013-06-18 20:31:55 INFO  [Case:Method=>testpage]窗口的句柄数增多，进行句柄收集操作
2013-06-18 20:31:55 INFO  [Case:Method=>testpage]添加了新的窗口信息->百度一下，你就知道
2013-06-18 20:31:55 INFO  [Case:Method=>testpage]当前初始化页面信息：URL--->http://www.baidu.com/
2013-06-18 20:31:55 INFO  [Case:Method=>testpage]当前初始化页面信息：Title--->百度一下，你就知道
2013-06-18 20:31:55 INFO  [Case:Method=>testpage]当前初始化页面信息：窗口句柄数--->1
2013-06-18 20:31:55 INFO  收集了页面[百度首页]的元素资源
2013-06-18 20:31:55 INFO  收集了Page[百度首页]元素->百度首页-搜索框
2013-06-18 20:31:55 INFO  收集了Page[百度首页]元素->百度首页-搜索按钮
2013-06-18 20:32:16 INFO  [Case:Method=>testpage][By.id: kw]输入[北京]值操作成功
2013-06-18 20:32:17 INFO  [Case:Method=>testpage][百度首页-搜索按钮]点击操作成功
2013-06-18 20:32:17 INFO  [Case:Method=>testpage]当前页面发生了变化，切换到了新的页面--->北京_百度搜索
2013-06-18 20:32:17 INFO  [Case:Method=>testpage]关闭了浏览器
2013-06-18 20:32:17 INFO  [Case:Method=>testpage]*******************测试用例[testpage]执行结束****************
2013-06-18 20:42:05 INFO  [Case:Method=>testpage]>>>>>>[testpage]>>>这个case执行失败的话会被重新执行2次
2013-06-18 20:42:05 INFO  [Case:Method=>testpage]*******************测试用例[testpage]开始执行*****************
2013-06-18 20:42:17 INFO  [Case:Method=>testpage]初始化了浏览器FIREFOX来进行自动化测试
2013-06-18 20:42:31 INFO  [Case:Method=>testpage]窗口的句柄数增多，进行句柄收集操作
2013-06-18 20:42:31 INFO  [Case:Method=>testpage]添加了新的窗口信息->百度一下，你就知道
2013-06-18 20:42:31 INFO  [Case:Method=>testpage]当前初始化页面信息：URL--->http://www.baidu.com/
2013-06-18 20:42:31 INFO  [Case:Method=>testpage]当前初始化页面信息：Title--->百度一下，你就知道
2013-06-18 20:42:31 INFO  [Case:Method=>testpage]当前初始化页面信息：窗口句柄数--->1
2013-06-18 20:42:32 INFO  收集了页面[百度首页]的元素资源
2013-06-18 20:42:32 INFO  收集了Page[百度首页]元素->百度首页-搜索框
2013-06-18 20:42:32 INFO  收集了Page[百度首页]元素->百度首页-搜索按钮
2013-06-18 20:42:52 INFO  [Case:Method=>testpage][By.id: kw]输入[北京]值操作成功
2013-06-18 20:42:53 INFO  [Case:Method=>testpage][百度首页-搜索按钮]点击操作成功
2013-06-18 20:42:53 INFO  [Case:Method=>testpage]当前页面发生了变化，切换到了新的页面--->北京_百度搜索
2013-06-18 20:42:53 INFO  [Case:Method=>testpage]关闭了浏览器
2013-06-18 20:42:53 INFO  [Case:Method=>testpage]*******************测试用例[testpage]执行结束****************
2013-06-18 20:43:27 INFO  [Case:Method=>testpage]>>>>>>[testpage]>>>这个case执行失败的话会被重新执行2次
2013-06-18 20:43:27 INFO  [Case:Method=>testpage]*******************测试用例[testpage]开始执行*****************
2013-06-18 20:43:39 INFO  [Case:Method=>testpage]初始化了浏览器FIREFOX来进行自动化测试
2013-06-18 20:43:49 INFO  [Case:Method=>testpage]窗口的句柄数增多，进行句柄收集操作
2013-06-18 20:43:49 INFO  [Case:Method=>testpage]添加了新的窗口信息->百度一下，你就知道
2013-06-18 20:43:49 INFO  [Case:Method=>testpage]当前初始化页面信息：URL--->http://www.baidu.com/
2013-06-18 20:43:49 INFO  [Case:Method=>testpage]当前初始化页面信息：Title--->百度一下，你就知道
2013-06-18 20:43:49 INFO  [Case:Method=>testpage]当前初始化页面信息：窗口句柄数--->1
2013-06-18 20:43:49 INFO  收集了页面[百度首页]的元素资源
2013-06-18 20:43:49 INFO  收集了Page[百度首页]元素->百度首页-搜索框
2013-06-18 20:43:49 INFO  收集了Page[百度首页]元素->百度首页-搜索按钮
2013-06-18 20:43:49 INFO  [Case:Method=>testpage][By.id: kw]输入[北京]值操作成功
2013-06-18 20:43:50 INFO  [Case:Method=>testpage][百度首页-搜索按钮]点击操作成功
2013-06-18 20:43:51 INFO  [Case:Method=>testpage]当前页面发生了变化，切换到了新的页面--->北京_百度搜索
2013-06-18 20:43:51 INFO  [Case:Method=>testpage]关闭了浏览器
2013-06-18 20:43:51 INFO  [Case:Method=>testpage]*******************测试用例[testpage]执行结束****************
2013-06-18 20:44:30 INFO  [Case:Method=>testpage]>>>>>>[testpage]>>>这个case执行失败的话会被重新执行2次
2013-06-18 20:44:30 INFO  [Case:Method=>testpage]*******************测试用例[testpage]开始执行*****************
2013-06-18 20:44:41 INFO  [Case:Method=>testpage]初始化了浏览器FIREFOX来进行自动化测试
2013-06-18 20:44:51 INFO  [Case:Method=>testpage]窗口的句柄数增多，进行句柄收集操作
2013-06-18 20:44:51 INFO  [Case:Method=>testpage]添加了新的窗口信息->百度一下，你就知道
2013-06-18 20:44:51 INFO  [Case:Method=>testpage]当前初始化页面信息：URL--->http://www.baidu.com/
2013-06-18 20:44:51 INFO  [Case:Method=>testpage]当前初始化页面信息：Title--->百度一下，你就知道
2013-06-18 20:44:51 INFO  [Case:Method=>testpage]当前初始化页面信息：窗口句柄数--->1
2013-06-18 20:44:51 INFO  收集了页面[百度首页]的元素资源
2013-06-18 20:44:51 INFO  收集了Page[百度首页]元素->百度首页-搜索框
2013-06-18 20:44:51 INFO  收集了Page[百度首页]元素->百度首页-搜索按钮
2013-06-18 20:44:58 INFO  [Case:Method=>testpage][By.id: kw]输入[北京]值操作成功
2013-06-18 20:44:58 INFO  [Case:Method=>testpage][百度首页-搜索按钮]点击操作成功
2013-06-18 20:44:59 INFO  [Case:Method=>testpage]当前页面发生了变化，切换到了新的页面--->北京_百度搜索
2013-06-18 20:44:59 INFO  [Case:Method=>testpage]关闭了浏览器
2013-06-18 20:44:59 INFO  [Case:Method=>testpage]*******************测试用例[testpage]执行结束****************
