2013-06-17 12:14:37 INFO  *******************测试用例frameFunctionTest开始执行*****************
2013-06-17 12:14:47 INFO  [Case:Method=>frameFunctionTest]初始化了浏览器PhantomJS来进行自动化测试
2013-06-17 12:14:50 INFO  [Case:Method=>frameFunctionTest]窗口的句柄数增多，进行句柄收集操作
2013-06-17 12:14:50 INFO  [Case:Method=>frameFunctionTest]添加了新的窗口信息->笔记本报价,笔记本推荐,笔记本哪个牌子好-IT168产品报价
2013-06-17 12:14:50 INFO  [Case:Method=>frameFunctionTest]当前初始化页面信息：URL--->http://product.it168.com/list/b/0301_1.shtml
2013-06-17 12:14:50 INFO  [Case:Method=>frameFunctionTest]当前初始化页面信息：Title--->笔记本报价,笔记本推荐,笔记本哪个牌子好-IT168产品报价
2013-06-17 12:14:50 INFO  [Case:Method=>frameFunctionTest]当前初始化页面信息：窗口句柄数--->1
2013-06-17 12:17:45 INFO  *******************测试用例frameFunctionTest开始执行*****************
2013-06-17 12:18:11 INFO  [Case:Method=>frameFunctionTest]初始化了浏览器FIREFOX来进行自动化测试
2013-06-17 12:18:27 INFO  [Case:Method=>frameFunctionTest]窗口的句柄数增多，进行句柄收集操作
2013-06-17 12:18:28 INFO  [Case:Method=>frameFunctionTest]添加了新的窗口信息->笔记本报价,笔记本推荐,笔记本哪个牌子好-IT168产品报价
2013-06-17 12:18:28 INFO  [Case:Method=>frameFunctionTest]当前初始化页面信息：URL--->http://product.it168.com/list/b/0301_1.shtml
2013-06-17 12:18:28 INFO  [Case:Method=>frameFunctionTest]当前初始化页面信息：Title--->笔记本报价,笔记本推荐,笔记本哪个牌子好-IT168产品报价
2013-06-17 12:18:28 INFO  [Case:Method=>frameFunctionTest]当前初始化页面信息：窗口句柄数--->1
2013-06-17 12:20:20 INFO  *******************测试用例frameFunctionTest开始执行*****************
2013-06-17 12:20:34 INFO  [Case:Method=>frameFunctionTest]初始化了浏览器FIREFOX来进行自动化测试
2013-06-17 12:20:51 INFO  [Case:Method=>frameFunctionTest]窗口的句柄数增多，进行句柄收集操作
2013-06-17 12:20:51 INFO  [Case:Method=>frameFunctionTest]添加了新的窗口信息->笔记本报价,笔记本推荐,笔记本哪个牌子好-IT168产品报价
2013-06-17 12:20:51 INFO  [Case:Method=>frameFunctionTest]当前初始化页面信息：URL--->http://product.it168.com/list/b/0301_1.shtml
2013-06-17 12:20:51 INFO  [Case:Method=>frameFunctionTest]当前初始化页面信息：Title--->笔记本报价,笔记本推荐,笔记本哪个牌子好-IT168产品报价
2013-06-17 12:20:51 INFO  [Case:Method=>frameFunctionTest]当前初始化页面信息：窗口句柄数--->1
2013-06-17 12:22:14 INFO  *******************测试用例frameFunctionTest开始执行*****************
2013-06-17 12:22:28 INFO  [Case:Method=>frameFunctionTest]初始化了浏览器FIREFOX来进行自动化测试
2013-06-17 12:22:41 INFO  [Case:Method=>frameFunctionTest]窗口的句柄数增多，进行句柄收集操作
2013-06-17 12:22:41 INFO  [Case:Method=>frameFunctionTest]添加了新的窗口信息->笔记本报价,笔记本推荐,笔记本哪个牌子好-IT168产品报价
2013-06-17 12:22:41 INFO  [Case:Method=>frameFunctionTest]当前初始化页面信息：URL--->http://product.it168.com/list/b/0301_1.shtml
2013-06-17 12:22:42 INFO  [Case:Method=>frameFunctionTest]当前初始化页面信息：Title--->笔记本报价,笔记本推荐,笔记本哪个牌子好-IT168产品报价
2013-06-17 12:22:42 INFO  [Case:Method=>frameFunctionTest]当前初始化页面信息：窗口句柄数--->1
2013-06-17 12:27:04 INFO  *******************测试用例frameFunctionTest开始执行*****************
2013-06-17 12:27:16 INFO  [Case:Method=>frameFunctionTest]初始化了浏览器FIREFOX来进行自动化测试
2013-06-17 12:27:29 INFO  [Case:Method=>frameFunctionTest]窗口的句柄数增多，进行句柄收集操作
2013-06-17 12:27:29 INFO  [Case:Method=>frameFunctionTest]添加了新的窗口信息->笔记本报价,笔记本推荐,笔记本哪个牌子好-IT168产品报价
2013-06-17 12:27:29 INFO  [Case:Method=>frameFunctionTest]当前初始化页面信息：URL--->http://product.it168.com/list/b/0301_1.shtml
2013-06-17 12:27:29 INFO  [Case:Method=>frameFunctionTest]当前初始化页面信息：Title--->笔记本报价,笔记本推荐,笔记本哪个牌子好-IT168产品报价
2013-06-17 12:27:29 INFO  [Case:Method=>frameFunctionTest]当前初始化页面信息：窗口句柄数--->1
2013-06-17 12:28:17 INFO  *******************测试用例frameFunctionTest开始执行*****************
2013-06-17 12:28:33 INFO  [Case:Method=>frameFunctionTest]初始化了浏览器FIREFOX来进行自动化测试
2013-06-17 12:28:49 INFO  [Case:Method=>frameFunctionTest]窗口的句柄数增多，进行句柄收集操作
2013-06-17 12:28:49 INFO  [Case:Method=>frameFunctionTest]添加了新的窗口信息->笔记本报价,笔记本推荐,笔记本哪个牌子好-IT168产品报价
2013-06-17 12:28:49 INFO  [Case:Method=>frameFunctionTest]当前初始化页面信息：URL--->http://product.it168.com/list/b/0301_1.shtml
2013-06-17 12:28:49 INFO  [Case:Method=>frameFunctionTest]当前初始化页面信息：Title--->笔记本报价,笔记本推荐,笔记本哪个牌子好-IT168产品报价
2013-06-17 12:28:49 INFO  [Case:Method=>frameFunctionTest]当前初始化页面信息：窗口句柄数--->1
2013-06-17 12:30:48 INFO  *******************测试用例frameFunctionTest开始执行*****************
2013-06-17 12:31:01 INFO  [Case:Method=>frameFunctionTest]初始化了浏览器FIREFOX来进行自动化测试
2013-06-17 12:31:16 INFO  [Case:Method=>frameFunctionTest]窗口的句柄数增多，进行句柄收集操作
2013-06-17 12:31:16 INFO  [Case:Method=>frameFunctionTest]添加了新的窗口信息->笔记本报价,笔记本推荐,笔记本哪个牌子好-IT168产品报价
2013-06-17 12:31:16 INFO  [Case:Method=>frameFunctionTest]当前初始化页面信息：URL--->http://product.it168.com/list/b/0301_1.shtml
2013-06-17 12:31:16 INFO  [Case:Method=>frameFunctionTest]当前初始化页面信息：Title--->笔记本报价,笔记本推荐,笔记本哪个牌子好-IT168产品报价
2013-06-17 12:31:16 INFO  [Case:Method=>frameFunctionTest]当前初始化页面信息：窗口句柄数--->1
2013-06-17 12:33:59 INFO  *******************测试用例frameFunctionTest开始执行*****************
2013-06-17 12:34:13 INFO  [Case:Method=>frameFunctionTest]初始化了浏览器FIREFOX来进行自动化测试
2013-06-17 12:34:29 INFO  [Case:Method=>frameFunctionTest]窗口的句柄数增多，进行句柄收集操作
2013-06-17 12:34:29 INFO  [Case:Method=>frameFunctionTest]添加了新的窗口信息->笔记本报价,笔记本推荐,笔记本哪个牌子好-IT168产品报价
2013-06-17 12:34:29 INFO  [Case:Method=>frameFunctionTest]当前初始化页面信息：URL--->http://product.it168.com/list/b/0301_1.shtml
2013-06-17 12:34:29 INFO  [Case:Method=>frameFunctionTest]当前初始化页面信息：Title--->笔记本报价,笔记本推荐,笔记本哪个牌子好-IT168产品报价
2013-06-17 12:34:29 INFO  [Case:Method=>frameFunctionTest]当前初始化页面信息：窗口句柄数--->1
2013-06-17 12:37:23 INFO  *******************测试用例frameFunctionTest开始执行*****************
2013-06-17 12:37:35 INFO  [Case:Method=>frameFunctionTest]初始化了浏览器FIREFOX来进行自动化测试
2013-06-17 12:37:48 INFO  [Case:Method=>frameFunctionTest]窗口的句柄数增多，进行句柄收集操作
2013-06-17 12:37:48 INFO  [Case:Method=>frameFunctionTest]添加了新的窗口信息->笔记本报价,笔记本推荐,笔记本哪个牌子好-IT168产品报价
2013-06-17 12:37:48 INFO  [Case:Method=>frameFunctionTest]当前初始化页面信息：URL--->http://product.it168.com/list/b/0301_1.shtml
2013-06-17 12:37:48 INFO  [Case:Method=>frameFunctionTest]当前初始化页面信息：Title--->笔记本报价,笔记本推荐,笔记本哪个牌子好-IT168产品报价
2013-06-17 12:37:48 INFO  [Case:Method=>frameFunctionTest]当前初始化页面信息：窗口句柄数--->1
2013-06-17 12:44:31 INFO  *******************测试用例frameFunctionTest开始执行*****************
2013-06-17 12:44:43 INFO  [Case:Method=>frameFunctionTest]初始化了浏览器FIREFOX来进行自动化测试
2013-06-17 12:44:57 INFO  [Case:Method=>frameFunctionTest]窗口的句柄数增多，进行句柄收集操作
2013-06-17 12:44:57 INFO  [Case:Method=>frameFunctionTest]添加了新的窗口信息->笔记本报价,笔记本推荐,笔记本哪个牌子好-IT168产品报价
2013-06-17 12:44:57 INFO  [Case:Method=>frameFunctionTest]当前初始化页面信息：URL--->http://product.it168.com/list/b/0301_1.shtml
2013-06-17 12:44:57 INFO  [Case:Method=>frameFunctionTest]当前初始化页面信息：Title--->笔记本报价,笔记本推荐,笔记本哪个牌子好-IT168产品报价
2013-06-17 12:44:57 INFO  [Case:Method=>frameFunctionTest]当前初始化页面信息：窗口句柄数--->1
2013-06-17 12:55:10 INFO  *******************测试用例frameFunctionTest开始执行*****************
2013-06-17 12:55:22 INFO  [Case:Method=>frameFunctionTest]初始化了浏览器FIREFOX来进行自动化测试
2013-06-17 12:55:36 INFO  [Case:Method=>frameFunctionTest]窗口的句柄数增多，进行句柄收集操作
2013-06-17 12:55:36 INFO  [Case:Method=>frameFunctionTest]添加了新的窗口信息->笔记本报价,笔记本推荐,笔记本哪个牌子好-IT168产品报价
2013-06-17 12:55:36 INFO  [Case:Method=>frameFunctionTest]当前初始化页面信息：URL--->http://product.it168.com/list/b/0301_1.shtml
2013-06-17 12:55:36 INFO  [Case:Method=>frameFunctionTest]当前初始化页面信息：Title--->笔记本报价,笔记本推荐,笔记本哪个牌子好-IT168产品报价
2013-06-17 12:55:36 INFO  [Case:Method=>frameFunctionTest]当前初始化页面信息：窗口句柄数--->1
2013-06-17 12:56:21 INFO  *******************测试用例frameFunctionTest开始执行*****************
2013-06-17 12:56:32 INFO  [Case:Method=>frameFunctionTest]初始化了浏览器FIREFOX来进行自动化测试
2013-06-17 12:56:45 INFO  [Case:Method=>frameFunctionTest]窗口的句柄数增多，进行句柄收集操作
2013-06-17 12:56:45 INFO  [Case:Method=>frameFunctionTest]添加了新的窗口信息->笔记本报价,笔记本推荐,笔记本哪个牌子好-IT168产品报价
2013-06-17 12:56:45 INFO  [Case:Method=>frameFunctionTest]当前初始化页面信息：URL--->http://product.it168.com/list/b/0301_1.shtml
2013-06-17 12:56:45 INFO  [Case:Method=>frameFunctionTest]当前初始化页面信息：Title--->笔记本报价,笔记本推荐,笔记本哪个牌子好-IT168产品报价
2013-06-17 12:56:45 INFO  [Case:Method=>frameFunctionTest]当前初始化页面信息：窗口句柄数--->1
2013-06-17 12:56:45 ERROR 定位器位置的元素不存在，没有获取到任何元素，请检查定义的元素
2013-06-17 12:59:11 INFO  *******************测试用例frameFunctionTest开始执行*****************
2013-06-17 12:59:23 INFO  [Case:Method=>frameFunctionTest]初始化了浏览器FIREFOX来进行自动化测试
2013-06-17 12:59:38 INFO  [Case:Method=>frameFunctionTest]窗口的句柄数增多，进行句柄收集操作
2013-06-17 12:59:38 INFO  [Case:Method=>frameFunctionTest]添加了新的窗口信息->笔记本报价,笔记本推荐,笔记本哪个牌子好-IT168产品报价
2013-06-17 12:59:38 INFO  [Case:Method=>frameFunctionTest]当前初始化页面信息：URL--->http://product.it168.com/list/b/0301_1.shtml
2013-06-17 12:59:38 INFO  [Case:Method=>frameFunctionTest]当前初始化页面信息：Title--->笔记本报价,笔记本推荐,笔记本哪个牌子好-IT168产品报价
2013-06-17 12:59:38 INFO  [Case:Method=>frameFunctionTest]当前初始化页面信息：窗口句柄数--->1
2013-06-17 12:59:38 ERROR 定位器位置的元素不存在，没有获取到任何元素，请检查定义的元素
2013-06-17 13:04:47 INFO  *******************测试用例frameFunctionTest开始执行*****************
2013-06-17 13:05:00 INFO  [Case:Method=>frameFunctionTest]初始化了浏览器FIREFOX来进行自动化测试
2013-06-17 13:05:15 INFO  [Case:Method=>frameFunctionTest]窗口的句柄数增多，进行句柄收集操作
2013-06-17 13:05:15 INFO  [Case:Method=>frameFunctionTest]添加了新的窗口信息->笔记本报价,笔记本推荐,笔记本哪个牌子好-IT168产品报价
2013-06-17 13:05:15 INFO  [Case:Method=>frameFunctionTest]当前初始化页面信息：URL--->http://product.it168.com/list/b/0301_1.shtml
2013-06-17 13:05:15 INFO  [Case:Method=>frameFunctionTest]当前初始化页面信息：Title--->笔记本报价,笔记本推荐,笔记本哪个牌子好-IT168产品报价
2013-06-17 13:05:15 INFO  [Case:Method=>frameFunctionTest]当前初始化页面信息：窗口句柄数--->1
2013-06-17 13:05:16 INFO  [Case:Method=>frameFunctionTest][By.xpath: .//*[@id='title4']]点击操作成功
2013-06-17 13:05:17 INFO  [Case:Method=>frameFunctionTest]关闭了浏览器
2013-06-17 13:05:17 INFO  *******************测试用例frameFunctionTest执行结束****************
2013-06-17 13:06:42 INFO  *******************测试用例frameFunctionTest开始执行*****************
2013-06-17 13:06:53 INFO  [Case:Method=>frameFunctionTest]初始化了浏览器FIREFOX来进行自动化测试
2013-06-17 13:07:16 INFO  [Case:Method=>frameFunctionTest]窗口的句柄数增多，进行句柄收集操作
2013-06-17 13:07:16 INFO  [Case:Method=>frameFunctionTest]添加了新的窗口信息->笔记本报价,笔记本推荐,笔记本哪个牌子好-IT168产品报价
2013-06-17 13:07:16 INFO  [Case:Method=>frameFunctionTest]当前初始化页面信息：URL--->http://product.it168.com/list/b/0301_1.shtml
2013-06-17 13:07:16 INFO  [Case:Method=>frameFunctionTest]当前初始化页面信息：Title--->笔记本报价,笔记本推荐,笔记本哪个牌子好-IT168产品报价
2013-06-17 13:07:16 INFO  [Case:Method=>frameFunctionTest]当前初始化页面信息：窗口句柄数--->1
2013-06-17 13:07:17 INFO  [Case:Method=>frameFunctionTest][By.xpath: .//*[@id='title4']]点击操作成功
2013-06-17 13:07:20 INFO  [Case:Method=>frameFunctionTest]关闭了浏览器
2013-06-17 13:07:20 INFO  *******************测试用例frameFunctionTest执行结束****************
2013-06-17 13:08:17 INFO  *******************测试用例frameFunctionTest开始执行*****************
2013-06-17 13:10:23 INFO  *******************测试用例frameFunctionTest开始执行*****************
2013-06-17 13:10:42 INFO  [Case:Method=>frameFunctionTest]初始化了浏览器FIREFOX来进行自动化测试
2013-06-17 13:11:12 INFO  [Case:Method=>frameFunctionTest]窗口的句柄数增多，进行句柄收集操作
2013-06-17 13:11:12 INFO  [Case:Method=>frameFunctionTest]添加了新的窗口信息->笔记本报价,笔记本推荐,笔记本哪个牌子好-IT168产品报价
2013-06-17 13:11:12 INFO  [Case:Method=>frameFunctionTest]当前初始化页面信息：URL--->http://product.it168.com/list/b/0301_1.shtml
2013-06-17 13:11:12 INFO  [Case:Method=>frameFunctionTest]当前初始化页面信息：Title--->笔记本报价,笔记本推荐,笔记本哪个牌子好-IT168产品报价
2013-06-17 13:11:12 INFO  [Case:Method=>frameFunctionTest]当前初始化页面信息：窗口句柄数--->1
2013-06-17 13:11:13 ERROR 定位器位置的元素不存在，没有获取到任何元素，请检查定义的元素
2013-06-17 13:12:18 INFO  *******************测试用例frameFunctionTest开始执行*****************
2013-06-17 13:12:28 INFO  [Case:Method=>frameFunctionTest]初始化了浏览器FIREFOX来进行自动化测试
2013-06-17 13:12:31 INFO  [Case:Method=>frameFunctionTest]窗口的句柄数增多，进行句柄收集操作
2013-06-17 13:12:31 INFO  [Case:Method=>frameFunctionTest]添加了新的窗口信息->笔记本报价,笔记本推荐,笔记本哪个牌子好-IT168产品报价
2013-06-17 13:12:31 INFO  [Case:Method=>frameFunctionTest]当前初始化页面信息：URL--->http://product.it168.com/list/b/0301_1.shtml
2013-06-17 13:12:31 INFO  [Case:Method=>frameFunctionTest]当前初始化页面信息：Title--->笔记本报价,笔记本推荐,笔记本哪个牌子好-IT168产品报价
2013-06-17 13:12:31 INFO  [Case:Method=>frameFunctionTest]当前初始化页面信息：窗口句柄数--->1
2013-06-17 13:14:14 INFO  *******************测试用例frameFunctionTest开始执行*****************
2013-06-17 13:14:24 INFO  [Case:Method=>frameFunctionTest]初始化了浏览器FIREFOX来进行自动化测试
2013-06-17 13:14:39 INFO  [Case:Method=>frameFunctionTest]窗口的句柄数增多，进行句柄收集操作
2013-06-17 13:14:39 INFO  [Case:Method=>frameFunctionTest]添加了新的窗口信息->笔记本报价,笔记本推荐,笔记本哪个牌子好-IT168产品报价
2013-06-17 13:14:39 INFO  [Case:Method=>frameFunctionTest]当前初始化页面信息：URL--->http://product.it168.com/list/b/0301_1.shtml
2013-06-17 13:14:39 INFO  [Case:Method=>frameFunctionTest]当前初始化页面信息：Title--->笔记本报价,笔记本推荐,笔记本哪个牌子好-IT168产品报价
2013-06-17 13:14:39 INFO  [Case:Method=>frameFunctionTest]当前初始化页面信息：窗口句柄数--->1
2013-06-17 13:14:39 ERROR 定位器位置的元素不存在，没有获取到任何元素，请检查定义的元素
2013-06-17 13:16:32 INFO  *******************测试用例frameFunctionTest开始执行*****************
2013-06-17 13:16:43 INFO  [Case:Method=>frameFunctionTest]初始化了浏览器FIREFOX来进行自动化测试
2013-06-17 13:16:54 INFO  [Case:Method=>frameFunctionTest]窗口的句柄数增多，进行句柄收集操作
2013-06-17 13:16:54 INFO  [Case:Method=>frameFunctionTest]添加了新的窗口信息->笔记本报价,笔记本推荐,笔记本哪个牌子好-IT168产品报价
2013-06-17 13:16:54 INFO  [Case:Method=>frameFunctionTest]当前初始化页面信息：URL--->http://product.it168.com/list/b/0301_1.shtml
2013-06-17 13:16:54 INFO  [Case:Method=>frameFunctionTest]当前初始化页面信息：Title--->笔记本报价,笔记本推荐,笔记本哪个牌子好-IT168产品报价
2013-06-17 13:16:54 INFO  [Case:Method=>frameFunctionTest]当前初始化页面信息：窗口句柄数--->1
2013-06-17 13:16:54 ERROR 定位器位置的元素不存在，没有获取到任何元素，请检查定义的元素
2013-06-17 13:22:01 INFO  *******************测试用例frameFunctionTest开始执行*****************
2013-06-17 13:22:11 INFO  [Case:Method=>frameFunctionTest]初始化了浏览器FIREFOX来进行自动化测试
2013-06-17 13:22:16 INFO  [Case:Method=>frameFunctionTest]窗口的句柄数增多，进行句柄收集操作
2013-06-17 13:22:16 INFO  [Case:Method=>frameFunctionTest]添加了新的窗口信息->笔记本报价,笔记本推荐,笔记本哪个牌子好-IT168产品报价
2013-06-17 13:22:16 INFO  [Case:Method=>frameFunctionTest]当前初始化页面信息：URL--->http://product.it168.com/list/b/0301_1.shtml
2013-06-17 13:22:16 INFO  [Case:Method=>frameFunctionTest]当前初始化页面信息：Title--->笔记本报价,笔记本推荐,笔记本哪个牌子好-IT168产品报价
2013-06-17 13:22:16 INFO  [Case:Method=>frameFunctionTest]当前初始化页面信息：窗口句柄数--->1
2013-06-17 13:22:16 ERROR [Case:Method=>frameFunctionTest][By.xpath: .//*[@id='title4']]元素查找失败，可能这个元素不存在，点击失败！
2013-06-17 13:24:05 INFO  *******************测试用例frameFunctionTest开始执行*****************
2013-06-17 13:24:14 INFO  [Case:Method=>frameFunctionTest]初始化了浏览器FIREFOX来进行自动化测试
2013-06-17 13:24:16 INFO  [Case:Method=>frameFunctionTest]窗口的句柄数增多，进行句柄收集操作
2013-06-17 13:24:16 INFO  [Case:Method=>frameFunctionTest]添加了新的窗口信息->笔记本报价,笔记本推荐,笔记本哪个牌子好-IT168产品报价
2013-06-17 13:24:16 INFO  [Case:Method=>frameFunctionTest]当前初始化页面信息：URL--->http://product.it168.com/list/b/0301_1.shtml
2013-06-17 13:24:16 INFO  [Case:Method=>frameFunctionTest]当前初始化页面信息：Title--->笔记本报价,笔记本推荐,笔记本哪个牌子好-IT168产品报价
2013-06-17 13:24:17 INFO  [Case:Method=>frameFunctionTest]当前初始化页面信息：窗口句柄数--->1
2013-06-17 13:24:17 ERROR [Case:Method=>frameFunctionTest][By.xpath: .//*[@id='title4']]元素查找失败，可能这个元素不存在，点击失败！
2013-06-17 13:26:20 INFO  *******************测试用例frameFunctionTest开始执行*****************
2013-06-17 13:26:29 INFO  [Case:Method=>frameFunctionTest]初始化了浏览器FIREFOX来进行自动化测试
2013-06-17 13:26:33 INFO  [Case:Method=>frameFunctionTest]窗口的句柄数增多，进行句柄收集操作
2013-06-17 13:26:34 INFO  [Case:Method=>frameFunctionTest]添加了新的窗口信息->笔记本报价,笔记本推荐,笔记本哪个牌子好-IT168产品报价
2013-06-17 13:26:34 INFO  [Case:Method=>frameFunctionTest]当前初始化页面信息：URL--->http://product.it168.com/list/b/0301_1.shtml
2013-06-17 13:26:34 INFO  [Case:Method=>frameFunctionTest]当前初始化页面信息：Title--->笔记本报价,笔记本推荐,笔记本哪个牌子好-IT168产品报价
2013-06-17 13:26:34 INFO  [Case:Method=>frameFunctionTest]当前初始化页面信息：窗口句柄数--->1
2013-06-17 13:26:34 ERROR [Case:Method=>frameFunctionTest][By.xpath: .//*[@id='title4']]元素查找失败，可能这个元素不存在，点击失败！
2013-06-17 13:29:09 INFO  *******************测试用例frameFunctionTest开始执行*****************
2013-06-17 13:29:19 INFO  [Case:Method=>frameFunctionTest]初始化了浏览器FIREFOX来进行自动化测试
2013-06-17 13:29:22 INFO  [Case:Method=>frameFunctionTest]窗口的句柄数增多，进行句柄收集操作
2013-06-17 13:29:22 INFO  [Case:Method=>frameFunctionTest]添加了新的窗口信息->笔记本报价,笔记本推荐,笔记本哪个牌子好-IT168产品报价
2013-06-17 13:29:22 INFO  [Case:Method=>frameFunctionTest]当前初始化页面信息：URL--->http://product.it168.com/list/b/0301_1.shtml
2013-06-17 13:29:22 INFO  [Case:Method=>frameFunctionTest]当前初始化页面信息：Title--->笔记本报价,笔记本推荐,笔记本哪个牌子好-IT168产品报价
2013-06-17 13:29:22 INFO  [Case:Method=>frameFunctionTest]当前初始化页面信息：窗口句柄数--->1
2013-06-17 13:29:23 ERROR [Case:Method=>frameFunctionTest][By.xpath: .//*[@id='title4']]元素查找失败，可能这个元素不存在，点击失败！
2013-06-17 13:32:52 INFO  *******************测试用例frameFunctionTest开始执行*****************
2013-06-17 13:33:02 INFO  [Case:Method=>frameFunctionTest]初始化了浏览器FIREFOX来进行自动化测试
2013-06-17 13:33:02 INFO  [Case:Method=>frameFunctionTest]窗口的句柄数增多，进行句柄收集操作
2013-06-17 13:33:02 INFO  [Case:Method=>frameFunctionTest]添加了新的窗口信息->Problem loading page
2013-06-17 13:33:02 INFO  [Case:Method=>frameFunctionTest]当前初始化页面信息：URL--->http://product.it168.com/list/b/0301_1.shtml
2013-06-17 13:33:02 INFO  [Case:Method=>frameFunctionTest]当前初始化页面信息：Title--->Problem loading page
2013-06-17 13:33:02 INFO  [Case:Method=>frameFunctionTest]当前初始化页面信息：窗口句柄数--->1
2013-06-17 13:33:02 ERROR [Case:Method=>frameFunctionTest][By.xpath: .//*[@id='title4']]元素查找失败，可能这个元素不存在，点击失败！
2013-06-17 13:33:13 INFO  *******************测试用例frameFunctionTest开始执行*****************
2013-06-17 13:33:22 INFO  [Case:Method=>frameFunctionTest]初始化了浏览器FIREFOX来进行自动化测试
2013-06-17 13:33:26 INFO  [Case:Method=>frameFunctionTest]窗口的句柄数增多，进行句柄收集操作
2013-06-17 13:33:26 INFO  [Case:Method=>frameFunctionTest]添加了新的窗口信息->笔记本报价,笔记本推荐,笔记本哪个牌子好-IT168产品报价
2013-06-17 13:33:26 INFO  [Case:Method=>frameFunctionTest]当前初始化页面信息：URL--->http://product.it168.com/list/b/0301_1.shtml
2013-06-17 13:33:26 INFO  [Case:Method=>frameFunctionTest]当前初始化页面信息：Title--->笔记本报价,笔记本推荐,笔记本哪个牌子好-IT168产品报价
2013-06-17 13:33:26 INFO  [Case:Method=>frameFunctionTest]当前初始化页面信息：窗口句柄数--->1
2013-06-17 13:33:27 ERROR [Case:Method=>frameFunctionTest][By.xpath: .//*[@id='title4']]元素查找失败，可能这个元素不存在，点击失败！
2013-06-17 13:33:55 INFO  *******************测试用例frameFunctionTest开始执行*****************
2013-06-17 13:34:05 INFO  [Case:Method=>frameFunctionTest]初始化了浏览器FIREFOX来进行自动化测试
2013-06-17 13:34:08 INFO  [Case:Method=>frameFunctionTest]窗口的句柄数增多，进行句柄收集操作
2013-06-17 13:34:08 INFO  [Case:Method=>frameFunctionTest]添加了新的窗口信息->笔记本报价,笔记本推荐,笔记本哪个牌子好-IT168产品报价
2013-06-17 13:34:08 INFO  [Case:Method=>frameFunctionTest]当前初始化页面信息：URL--->http://product.it168.com/list/b/0301_1.shtml
2013-06-17 13:34:08 INFO  [Case:Method=>frameFunctionTest]当前初始化页面信息：Title--->笔记本报价,笔记本推荐,笔记本哪个牌子好-IT168产品报价
2013-06-17 13:34:08 INFO  [Case:Method=>frameFunctionTest]当前初始化页面信息：窗口句柄数--->1
2013-06-17 13:34:09 ERROR 定位器位置的元素不存在，没有获取到任何元素，请检查定义的元素
2013-06-17 13:35:46 INFO  *******************测试用例frameFunctionTest开始执行*****************
2013-06-17 13:35:57 INFO  [Case:Method=>frameFunctionTest]初始化了浏览器FIREFOX来进行自动化测试
2013-06-17 13:35:59 INFO  [Case:Method=>frameFunctionTest]窗口的句柄数增多，进行句柄收集操作
2013-06-17 13:35:59 INFO  [Case:Method=>frameFunctionTest]添加了新的窗口信息->笔记本报价,笔记本推荐,笔记本哪个牌子好-IT168产品报价
2013-06-17 13:35:59 INFO  [Case:Method=>frameFunctionTest]当前初始化页面信息：URL--->http://product.it168.com/list/b/0301_1.shtml
2013-06-17 13:35:59 INFO  [Case:Method=>frameFunctionTest]当前初始化页面信息：Title--->笔记本报价,笔记本推荐,笔记本哪个牌子好-IT168产品报价
2013-06-17 13:35:59 INFO  [Case:Method=>frameFunctionTest]当前初始化页面信息：窗口句柄数--->1
2013-06-17 13:36:00 ERROR 定位器位置的元素不存在，没有获取到任何元素，请检查定义的元素
2013-06-17 13:37:38 INFO  *******************测试用例frameFunctionTest开始执行*****************
2013-06-17 13:37:49 INFO  [Case:Method=>frameFunctionTest]初始化了浏览器FIREFOX来进行自动化测试
2013-06-17 13:37:57 INFO  [Case:Method=>frameFunctionTest]窗口的句柄数增多，进行句柄收集操作
2013-06-17 13:37:57 INFO  [Case:Method=>frameFunctionTest]添加了新的窗口信息->笔记本报价,笔记本推荐,笔记本哪个牌子好-IT168产品报价
2013-06-17 13:37:57 INFO  [Case:Method=>frameFunctionTest]当前初始化页面信息：URL--->http://product.it168.com/list/b/0301_1.shtml
2013-06-17 13:37:57 INFO  [Case:Method=>frameFunctionTest]当前初始化页面信息：Title--->笔记本报价,笔记本推荐,笔记本哪个牌子好-IT168产品报价
2013-06-17 13:37:57 INFO  [Case:Method=>frameFunctionTest]当前初始化页面信息：窗口句柄数--->1
2013-06-17 13:43:37 INFO  *******************测试用例frameFunctionTest开始执行*****************
2013-06-17 13:43:48 INFO  [Case:Method=>frameFunctionTest]初始化了浏览器FIREFOX来进行自动化测试
2013-06-17 13:44:00 INFO  [Case:Method=>frameFunctionTest]窗口的句柄数增多，进行句柄收集操作
2013-06-17 13:44:00 INFO  [Case:Method=>frameFunctionTest]添加了新的窗口信息->笔记本报价,笔记本推荐,笔记本哪个牌子好-IT168产品报价
2013-06-17 13:44:00 INFO  [Case:Method=>frameFunctionTest]当前初始化页面信息：URL--->http://product.it168.com/list/b/0301_1.shtml
2013-06-17 13:44:00 INFO  [Case:Method=>frameFunctionTest]当前初始化页面信息：Title--->笔记本报价,笔记本推荐,笔记本哪个牌子好-IT168产品报价
2013-06-17 13:44:00 INFO  [Case:Method=>frameFunctionTest]当前初始化页面信息：窗口句柄数--->1
2013-06-17 13:49:23 INFO  *******************测试用例frameFunctionTest开始执行*****************
2013-06-17 13:49:38 INFO  [Case:Method=>frameFunctionTest]初始化了浏览器FIREFOX来进行自动化测试
2013-06-17 13:49:55 INFO  [Case:Method=>frameFunctionTest]窗口的句柄数增多，进行句柄收集操作
2013-06-17 13:49:56 INFO  [Case:Method=>frameFunctionTest]添加了新的窗口信息->笔记本报价,笔记本推荐,笔记本哪个牌子好-IT168产品报价
2013-06-17 13:49:56 INFO  [Case:Method=>frameFunctionTest]当前初始化页面信息：URL--->http://product.it168.com/list/b/0301_1.shtml
2013-06-17 13:49:56 INFO  [Case:Method=>frameFunctionTest]当前初始化页面信息：Title--->笔记本报价,笔记本推荐,笔记本哪个牌子好-IT168产品报价
2013-06-17 13:49:56 INFO  [Case:Method=>frameFunctionTest]当前初始化页面信息：窗口句柄数--->1
2013-06-17 13:51:25 INFO  *******************测试用例frameFunctionTest开始执行*****************
2013-06-17 13:51:38 INFO  [Case:Method=>frameFunctionTest]初始化了浏览器FIREFOX来进行自动化测试
2013-06-17 13:51:42 INFO  [Case:Method=>frameFunctionTest]窗口的句柄数增多，进行句柄收集操作
2013-06-17 13:51:42 INFO  [Case:Method=>frameFunctionTest]添加了新的窗口信息->笔记本报价,笔记本推荐,笔记本哪个牌子好-IT168产品报价
2013-06-17 13:51:42 INFO  [Case:Method=>frameFunctionTest]当前初始化页面信息：URL--->http://product.it168.com/list/b/0301_1.shtml
2013-06-17 13:51:42 INFO  [Case:Method=>frameFunctionTest]当前初始化页面信息：Title--->笔记本报价,笔记本推荐,笔记本哪个牌子好-IT168产品报价
2013-06-17 13:51:42 INFO  [Case:Method=>frameFunctionTest]当前初始化页面信息：窗口句柄数--->1
2013-06-17 13:53:12 INFO  *******************测试用例frameFunctionTest开始执行*****************
2013-06-17 13:53:21 INFO  [Case:Method=>frameFunctionTest]初始化了浏览器FIREFOX来进行自动化测试
2013-06-17 13:53:34 INFO  [Case:Method=>frameFunctionTest]窗口的句柄数增多，进行句柄收集操作
2013-06-17 13:53:34 INFO  [Case:Method=>frameFunctionTest]添加了新的窗口信息->笔记本报价,笔记本推荐,笔记本哪个牌子好-IT168产品报价
2013-06-17 13:53:34 INFO  [Case:Method=>frameFunctionTest]当前初始化页面信息：URL--->http://product.it168.com/list/b/0301_1.shtml
2013-06-17 13:53:34 INFO  [Case:Method=>frameFunctionTest]当前初始化页面信息：Title--->笔记本报价,笔记本推荐,笔记本哪个牌子好-IT168产品报价
2013-06-17 13:53:34 INFO  [Case:Method=>frameFunctionTest]当前初始化页面信息：窗口句柄数--->1
2013-06-17 13:53:35 INFO  [Case:Method=>frameFunctionTest][By.xpath: .//*[@id='title4']]点击操作成功
2013-06-17 13:53:36 INFO  [Case:Method=>frameFunctionTest]关闭了浏览器
2013-06-17 13:53:36 INFO  *******************测试用例frameFunctionTest执行结束****************
2013-06-17 14:00:28 INFO  *******************测试用例frameFunctionTest开始执行*****************
2013-06-17 14:00:40 INFO  [Case:Method=>frameFunctionTest]初始化了浏览器FIREFOX来进行自动化测试
2013-06-17 14:00:52 INFO  [Case:Method=>frameFunctionTest]窗口的句柄数增多，进行句柄收集操作
2013-06-17 14:00:52 INFO  [Case:Method=>frameFunctionTest]添加了新的窗口信息->笔记本报价,笔记本推荐,笔记本哪个牌子好-IT168产品报价
2013-06-17 14:00:52 INFO  [Case:Method=>frameFunctionTest]当前初始化页面信息：URL--->http://product.it168.com/list/b/0301_1.shtml
2013-06-17 14:00:52 INFO  [Case:Method=>frameFunctionTest]当前初始化页面信息：Title--->笔记本报价,笔记本推荐,笔记本哪个牌子好-IT168产品报价
2013-06-17 14:00:52 INFO  [Case:Method=>frameFunctionTest]当前初始化页面信息：窗口句柄数--->1
2013-06-17 14:00:53 INFO  [Case:Method=>frameFunctionTest][By.xpath: .//*[@id='title4']]点击操作成功
2013-06-17 14:00:54 INFO  [Case:Method=>frameFunctionTest]关闭了浏览器
2013-06-17 14:00:54 INFO  *******************测试用例frameFunctionTest执行结束****************
2013-06-17 17:18:49 INFO  *******************测试用例frameFunctionTest开始执行*****************
2013-06-17 17:18:58 INFO  [Case:Method=>frameFunctionTest]初始化了浏览器PhantomJS来进行自动化测试
2013-06-17 17:19:00 INFO  [Case:Method=>frameFunctionTest]窗口的句柄数增多，进行句柄收集操作
2013-06-17 17:19:00 INFO  [Case:Method=>frameFunctionTest]添加了新的窗口信息->笔记本报价,笔记本推荐,笔记本哪个牌子好-IT168产品报价
2013-06-17 17:19:00 INFO  [Case:Method=>frameFunctionTest]当前初始化页面信息：URL--->http://product.it168.com/list/b/0301_1.shtml
2013-06-17 17:19:00 INFO  [Case:Method=>frameFunctionTest]当前初始化页面信息：Title--->笔记本报价,笔记本推荐,笔记本哪个牌子好-IT168产品报价
2013-06-17 17:19:00 INFO  [Case:Method=>frameFunctionTest]当前初始化页面信息：窗口句柄数--->1
2013-06-17 17:19:04 INFO  [Case:Method=>frameFunctionTest][By.xpath: .//*[@id='title4']]点击操作成功
2013-06-17 17:19:05 INFO  [Case:Method=>frameFunctionTest]关闭了浏览器
2013-06-17 17:19:05 INFO  *******************测试用例frameFunctionTest执行结束****************
2013-06-17 17:42:31 INFO  *******************测试用例testpage开始执行*****************
2013-06-17 17:42:36 INFO  [Case:Method=>testpage]初始化了浏览器PhantomJS来进行自动化测试
2013-06-17 17:42:37 INFO  XML的资源的根元素是browser
2013-06-17 17:42:37 INFO  发现了页面[百度首页]的元素资源
2013-06-17 17:47:15 INFO  *******************测试用例testpage开始执行*****************
2013-06-17 17:47:20 INFO  [Case:Method=>testpage]初始化了浏览器PhantomJS来进行自动化测试
2013-06-17 17:47:20 INFO  XML的资源的根元素是browser
2013-06-17 17:47:20 INFO  收集了页面[百度首页]的元素资源
2013-06-17 17:47:20 INFO  XML的资源的根元素是browser
2013-06-17 17:47:20 INFO  收集了页面[百度首页]的元素资源
2013-06-17 17:51:36 INFO  *******************测试用例testpage开始执行*****************
2013-06-17 17:51:41 INFO  [Case:Method=>testpage]初始化了浏览器PhantomJS来进行自动化测试
2013-06-17 17:51:41 INFO  XML的资源的根元素是browser
2013-06-17 17:51:41 INFO  收集了页面[百度首页]的元素资源
2013-06-17 17:51:41 INFO  XML的资源的根元素是browser
2013-06-17 17:51:41 INFO  收集了页面[百度首页]的元素资源
2013-06-17 17:54:25 INFO  *******************测试用例testpage开始执行*****************
2013-06-17 17:54:30 INFO  [Case:Method=>testpage]初始化了浏览器PhantomJS来进行自动化测试
2013-06-17 17:54:31 INFO  XML的资源的根元素是browser
2013-06-17 17:54:31 INFO  收集了页面[百度首页]的元素资源
2013-06-17 17:54:31 INFO  XML的资源的根元素是browser
2013-06-17 17:54:31 INFO  收集了页面[百度首页]的元素资源
2013-06-17 17:55:10 INFO  *******************测试用例testpage开始执行*****************
2013-06-17 17:55:15 INFO  [Case:Method=>testpage]初始化了浏览器PhantomJS来进行自动化测试
2013-06-17 17:55:15 INFO  XML的资源的根元素是browser
2013-06-17 17:55:15 INFO  收集了页面[百度首页]的元素资源
2013-06-17 17:55:15 INFO  XML的资源的根元素是browser
2013-06-17 17:55:15 INFO  收集了页面[百度首页]的元素资源
